#
# There is insufficient memory for the Java Runtime Environment to continue.
# Native memory allocation (mmap) failed to map 32505856 bytes for Failed to commit area from 0x000000008b600000 to 0x000000008d500000 of length 32505856.
# Possible reasons:
#   The system is out of physical RAM or swap space
#   The process is running with CompressedOops enabled, and the Java Heap may be blocking the growth of the native heap
# Possible solutions:
#   Reduce memory load on the system
#   Increase physical memory or swap space
#   Check if swap backing store is full
#   Decrease Java heap size (-Xmx/-Xms)
#   Decrease number of Java threads
#   Decrease Java thread stack sizes (-Xss)
#   Set larger code cache with -XX:ReservedCodeCacheSize=
#   JVM is running with Unscaled Compressed Oops mode in which the Java heap is
#     placed in the first 4GB address space. The Java Heap base address is the
#     maximum limit for the native heap growth. Please use -XX:HeapBaseMinAddress
#     to set the Java Heap base and to place the Java Heap above 4GB virtual address.
# This output file may be truncated or incomplete.
#
#  Out of Memory Error (c:/cygwin64/tmp/openjdk-jdk11u-windows-x64-hotspot/workspace/build/src/src/hotspot/os/windows/os_windows.cpp:3296), pid=8168, tid=8204
#
# JRE version: OpenJDK Runtime Environment (11.0.6+10) (build 11.0.6+10)
# Java VM: OpenJDK 64-Bit Server VM (11.0.6+10, mixed mode, tiered, compressed oops, g1 gc, windows-amd64)
# No core dump will be written. Minidumps are not enabled by default on client versions of Windows
#

---------------  S U M M A R Y ------------

Command Line: -XX:TieredStopAtLevel=1 -Xverify:none -Dspring.output.ansi.enabled=always -Dcom.sun.management.jmxremote -Dspring.jmx.enabled=true -Dspring.liveBeansView.mbeanDomain -Dspring.application.admin.enabled=true -javaagent:C:\Program Files\JetBrains\IntelliJ IDEA 2020.2.2.0\lib\idea_rt.jar=49832:C:\Program Files\JetBrains\IntelliJ IDEA 2020.2.2.0\bin -Dfile.encoding=UTF-8 pl.jmiernowski.LibraryApplication

Host: Intel(R) Core(TM) i5-8250U CPU @ 1.60GHz, 8 cores, 7G,  Windows 10 , 64 bit Build 19041 (10.0.19041.546)
Time: Sun Dec  6 15:47:24 2020 Œrodkowoeuropejski czas stand. elapsed time: 20 seconds (0d 0h 0m 20s)

---------------  T H R E A D  ---------------

Current thread (0x000002bb56ff2000):  VMThread "VM Thread" [stack: 0x000000c7c7900000,0x000000c7c7a00000] [id=8204]

Stack: [0x000000c7c7900000,0x000000c7c7a00000]
[error occurred during error reporting (printing stack bounds), id 0xc0000005, EXCEPTION_ACCESS_VIOLATION (0xc0000005) at pc=0x000002bb40770dad]

Native frames: (J=compiled Java code, j=interpreted, Vv=VM code, C=native code)
V  [jvm.dll+0x5db25a]
V  [jvm.dll+0x7111de]
V  [jvm.dll+0x712877]
V  [jvm.dll+0x712ea5]
V  [jvm.dll+0x712e5b]
V  [jvm.dll+0x5da853]
V  [jvm.dll+0x5daf08]
C  [ntdll.dll+0xa10ff]
C  [ntdll.dll+0x4b474]
C  [ntdll.dll+0x9fc2e]
C  0x000002bb40770dad

VM_Operation (0x000000c7c9bfd020): G1CollectForAllocation, mode: safepoint, requested by thread 0x000002bb59bb6000


---------------  P R O C E S S  ---------------

Threads class SMR info:
_java_thread_list=0x000002bb5be277b0, length=35, elements={
0x000002bb5701a800, 0x000002bb57024000, 0x000002bb57997000, 0x000002bb57999000,
0x000002bb5799b000, 0x000002bb57039000, 0x000002bb57ac6800, 0x000002bb57d4e000,
0x000002bb57eab000, 0x000002bb5809b000, 0x000002bb592f0000, 0x000002bb59074800,
0x000002bb5960d000, 0x000002bb59b09000, 0x000002bb59b2b000, 0x000002bb59b2c000,
0x000002bb59b4c800, 0x000002bb59bb8800, 0x000002bb59bbb000, 0x000002bb59bb9000,
0x000002bb59bba000, 0x000002bb59bbb800, 0x000002bb59bb6000, 0x000002bb59bbc800,
0x000002bb59bb6800, 0x000002bb5bfb5000, 0x000002bb5bfb2800, 0x000002bb5bfb9000,
0x000002bb5bfb6800, 0x000002bb5bfb7800, 0x000002bb5bfb3000, 0x000002bb5bfb5800,
0x000002bb5bfb9800, 0x000002bb5bfb8000, 0x000002bb5bfb4000
}

Java Threads: ( => current thread )
  0x000002bb5701a800 JavaThread "Reference Handler" daemon [_thread_blocked, id=13560, stack(0x000000c7c7a00000,0x000000c7c7b00000)]
  0x000002bb57024000 JavaThread "Finalizer" daemon [_thread_blocked, id=12080, stack(0x000000c7c7b00000,0x000000c7c7c00000)]
  0x000002bb57997000 JavaThread "Signal Dispatcher" daemon [_thread_blocked, id=18576, stack(0x000000c7c7c00000,0x000000c7c7d00000)]
  0x000002bb57999000 JavaThread "Attach Listener" daemon [_thread_blocked, id=15564, stack(0x000000c7c7d00000,0x000000c7c7e00000)]
  0x000002bb5799b000 JavaThread "C1 CompilerThread0" daemon [_thread_blocked, id=14872, stack(0x000000c7c7e00000,0x000000c7c7f00000)]
  0x000002bb57039000 JavaThread "Sweeper thread" daemon [_thread_blocked, id=5724, stack(0x000000c7c7f00000,0x000000c7c8000000)]
  0x000002bb57ac6800 JavaThread "Common-Cleaner" daemon [_thread_blocked, id=11868, stack(0x000000c7c8000000,0x000000c7c8100000)]
  0x000002bb57d4e000 JavaThread "Monitor Ctrl-Break" daemon [_thread_in_native, id=13964, stack(0x000000c7c8100000,0x000000c7c8200000)]
  0x000002bb57eab000 JavaThread "Service Thread" daemon [_thread_blocked, id=4668, stack(0x000000c7c8200000,0x000000c7c8300000)]
  0x000002bb5809b000 JavaThread "RMI TCP Accept-0" daemon [_thread_in_native, id=11180, stack(0x000000c7c8300000,0x000000c7c8400000)]
  0x000002bb592f0000 JavaThread "RMI TCP Connection(1)-10.0.0.5" daemon [_thread_in_native, id=15844, stack(0x000000c7c8a00000,0x000000c7c8b00000)]
  0x000002bb59074800 JavaThread "RMI Scheduler(0)" daemon [_thread_blocked, id=8596, stack(0x000000c7c8b00000,0x000000c7c8c00000)]
  0x000002bb5960d000 JavaThread "RMI TCP Connection(2)-10.0.0.5" daemon [_thread_in_native, id=4028, stack(0x000000c7c8c00000,0x000000c7c8d00000)]
  0x000002bb59b09000 JavaThread "Catalina-utility-1" [_thread_blocked, id=14252, stack(0x000000c7c8700000,0x000000c7c8800000)]
  0x000002bb59b2b000 JavaThread "Catalina-utility-2" [_thread_blocked, id=21144, stack(0x000000c7c8f00000,0x000000c7c9000000)]
  0x000002bb59b2c000 JavaThread "container-0" [_thread_blocked, id=15692, stack(0x000000c7c9000000,0x000000c7c9100000)]
  0x000002bb59b4c800 JavaThread "mysql-cj-abandoned-connection-cleanup" daemon [_thread_blocked, id=1264, stack(0x000000c7c9100000,0x000000c7c9200000)]
  0x000002bb59bb8800 JavaThread "task-1" [_thread_blocked, id=20952, stack(0x000000c7c9200000,0x000000c7c9300000)]
  0x000002bb59bbb000 JavaThread "HikariPool-1 housekeeper" daemon [_thread_blocked, id=20964, stack(0x000000c7c9600000,0x000000c7c9700000)]
  0x000002bb59bb9000 JavaThread "http-nio-8080-BlockPoller" daemon [_thread_in_native, id=19272, stack(0x000000c7c9800000,0x000000c7c9900000)]
  0x000002bb59bba000 JavaThread "http-nio-8080-exec-1" daemon [_thread_blocked, id=3488, stack(0x000000c7c9900000,0x000000c7c9a00000)]
  0x000002bb59bbb800 JavaThread "http-nio-8080-exec-2" daemon [_thread_blocked, id=21132, stack(0x000000c7c9a00000,0x000000c7c9b00000)]
  0x000002bb59bb6000 JavaThread "http-nio-8080-exec-3" daemon [_thread_blocked, id=15552, stack(0x000000c7c9b00000,0x000000c7c9c00000)]
  0x000002bb59bbc800 JavaThread "http-nio-8080-exec-4" daemon [_thread_blocked, id=13452, stack(0x000000c7c9c00000,0x000000c7c9d00000)]
  0x000002bb59bb6800 JavaThread "http-nio-8080-exec-5" daemon [_thread_blocked, id=12984, stack(0x000000c7c9d00000,0x000000c7c9e00000)]
  0x000002bb5bfb5000 JavaThread "http-nio-8080-exec-6" daemon [_thread_blocked, id=15048, stack(0x000000c7c9e00000,0x000000c7c9f00000)]
  0x000002bb5bfb2800 JavaThread "http-nio-8080-exec-7" daemon [_thread_blocked, id=11208, stack(0x000000c7c9f00000,0x000000c7ca000000)]
  0x000002bb5bfb9000 JavaThread "http-nio-8080-exec-8" daemon [_thread_blocked, id=2452, stack(0x000000c7ca000000,0x000000c7ca100000)]
  0x000002bb5bfb6800 JavaThread "http-nio-8080-exec-9" daemon [_thread_blocked, id=656, stack(0x000000c7ca100000,0x000000c7ca200000)]
  0x000002bb5bfb7800 JavaThread "http-nio-8080-exec-10" daemon [_thread_blocked, id=904, stack(0x000000c7ca200000,0x000000c7ca300000)]
  0x000002bb5bfb3000 JavaThread "http-nio-8080-ClientPoller" daemon [_thread_in_native, id=18920, stack(0x000000c7ca300000,0x000000c7ca400000)]
  0x000002bb5bfb5800 JavaThread "http-nio-8080-Acceptor" daemon [_thread_in_native, id=8096, stack(0x000000c7ca400000,0x000000c7ca500000)]
  0x000002bb5bfb9800 JavaThread "task-2" [_thread_blocked, id=8244, stack(0x000000c7ca500000,0x000000c7ca600000)]
  0x000002bb5bfb8000 JavaThread "DestroyJavaVM" [_thread_blocked, id=14868, stack(0x000000c7c7300000,0x000000c7c7400000)]
  0x000002bb5bfb4000 JavaThread "RMI TCP Connection(3)-10.0.0.5" daemon [_thread_in_native, id=12024, stack(0x000000c7ca600000,0x000000c7ca700000)]

Other Threads:
=>0x000002bb56ff2000 VMThread "VM Thread" [stack: 0x000000c7c7900000,0x000000c7c7a00000] [id=8204]
  0x000002bb58082800 WatcherThread [stack: 0x000000c7c8400000,0x000000c7c8500000] [id=13364]
  0x000002bb38136800 GCTaskThread "GC Thread#0" [stack: 0x000000c7c7400000,0x000000c7c7500000] [id=10252]
  0x000002bb5847d000 GCTaskThread "GC Thread#1" [stack: 0x000000c7c8500000,0x000000c7c8600000] [id=8956]
  0x000002bb5847e000 GCTaskThread "GC Thread#2" [stack: 0x000000c7c8600000,0x000000c7c8700000] [id=13924]
  0x000002bb59084000 GCTaskThread "GC Thread#3" [stack: 0x000000c7c8800000,0x000000c7c8900000] [id=15912]
  0x000002bb5950a800 GCTaskThread "GC Thread#4" [stack: 0x000000c7c8d00000,0x000000c7c8e00000] [id=20600]
  0x000002bb5950b800 GCTaskThread "GC Thread#5" [stack: 0x000000c7c8e00000,0x000000c7c8f00000] [id=16368]
  0x000002bb59bf7800 GCTaskThread "GC Thread#6" [stack: 0x000000c7c9300000,0x000000c7c9400000] [id=19108]
  0x000002bb59bf0800 GCTaskThread "GC Thread#7" [stack: 0x000000c7c9400000,0x000000c7c9500000] [id=14332]
  0x000002bb3816a800 ConcurrentGCThread "G1 Main Marker" [stack: 0x000000c7c7500000,0x000000c7c7600000] [id=17208]
  0x000002bb3816f000 ConcurrentGCThread "G1 Conc#0" [stack: 0x000000c7c7600000,0x000000c7c7700000] [id=9136]
  0x000002bb59107000 ConcurrentGCThread "G1 Conc#1" [stack: 0x000000c7c8900000,0x000000c7c8a00000] [id=15492]
  0x000002bb381ee000 ConcurrentGCThread "G1 Refine#0" [stack: 0x000000c7c7700000,0x000000c7c7800000] [id=20816]
  0x000002bb56e62800 ConcurrentGCThread "G1 Young RemSet Sampling" [stack: 0x000000c7c7800000,0x000000c7c7900000] [id=16928]

Threads with active compile tasks:

VM state:at safepoint (normal execution)

VM Mutex/Monitor currently owned by a thread:  ([mutex/lock_event])
[0x000002bb38118560] Threads_lock - owner thread: 0x000002bb56ff2000
[0x000002bb38119d90] Heap_lock - owner thread: 0x000002bb59bb6000

Heap address: 0x0000000081c00000, size: 2020 MB, Compressed Oops mode: 32-bit
Narrow klass base: 0x0000000000000000, Narrow klass shift: 3
Compressed class space size: 1073741824 Address: 0x0000000100000000

Heap:
 garbage-first heap   total 189440K, used 34350K [0x0000000081c00000, 0x0000000100000000)
  region size 1024K, 10 young (10240K), 10 survivors (10240K)
 Metaspace       used 69505K, capacity 71388K, committed 71580K, reserved 1112064K
  class space    used 9131K, capacity 9879K, committed 9964K, reserved 1048576K
Heap Regions: E=young(eden), S=young(survivor), O=old, HS=humongous(starts), HC=humongous(continues), CS=collection set, F=free, A=archive, TAMS=top-at-mark-start (previous, next)
|   0|0x0000000081c00000, 0x0000000081d00000, 0x0000000081d00000|100%|HS|  |TAMS 0x0000000081d00000, 0x0000000081d00000| Complete 
|   1|0x0000000081d00000, 0x0000000081e00000, 0x0000000081e00000|100%| O|  |TAMS 0x0000000081e00000, 0x0000000081e00000| Untracked 
|   2|0x0000000081e00000, 0x0000000081f00000, 0x0000000081f00000|100%| O|  |TAMS 0x0000000081f00000, 0x0000000081f00000| Untracked 
|   3|0x0000000081f00000, 0x0000000082000000, 0x0000000082000000|100%| O|  |TAMS 0x0000000082000000, 0x0000000082000000| Untracked 
|   4|0x0000000082000000, 0x0000000082100000, 0x0000000082100000|100%| O|  |TAMS 0x0000000082100000, 0x0000000082100000| Untracked 
|   5|0x0000000082100000, 0x0000000082200000, 0x0000000082200000|100%| O|  |TAMS 0x0000000082200000, 0x0000000082200000| Untracked 
|   6|0x0000000082200000, 0x0000000082300000, 0x0000000082300000|100%| O|  |TAMS 0x0000000082300000, 0x0000000082300000| Untracked 
|   7|0x0000000082300000, 0x0000000082400000, 0x0000000082400000|100%| O|  |TAMS 0x0000000082400000, 0x0000000082400000| Untracked 
|   8|0x0000000082400000, 0x0000000082500000, 0x0000000082500000|100%| O|  |TAMS 0x0000000082500000, 0x0000000082500000| Untracked 
|   9|0x0000000082500000, 0x0000000082600000, 0x0000000082600000|100%| O|  |TAMS 0x0000000082600000, 0x0000000082600000| Untracked 
|  10|0x0000000082600000, 0x0000000082700000, 0x0000000082700000|100%| O|  |TAMS 0x0000000082700000, 0x0000000082700000| Untracked 
|  11|0x0000000082700000, 0x0000000082800000, 0x0000000082800000|100%| O|  |TAMS 0x0000000082800000, 0x0000000082800000| Untracked 
|  12|0x0000000082800000, 0x0000000082900000, 0x0000000082900000|100%| O|  |TAMS 0x0000000082900000, 0x0000000082900000| Untracked 
|  13|0x0000000082900000, 0x0000000082a00000, 0x0000000082a00000|100%| O|  |TAMS 0x0000000082a00000, 0x0000000082a00000| Untracked 
|  14|0x0000000082a00000, 0x0000000082b00000, 0x0000000082b00000|100%| O|  |TAMS 0x0000000082b00000, 0x0000000082b00000| Untracked 
|  15|0x0000000082b00000, 0x0000000082c00000, 0x0000000082c00000|100%| O|  |TAMS 0x0000000082c00000, 0x0000000082c00000| Untracked 
|  16|0x0000000082c00000, 0x0000000082d00000, 0x0000000082d00000|100%| O|  |TAMS 0x0000000082d00000, 0x0000000082d00000| Untracked 
|  17|0x0000000082d00000, 0x0000000082e00000, 0x0000000082e00000|100%| O|  |TAMS 0x0000000082e00000, 0x0000000082e00000| Untracked 
|  18|0x0000000082e00000, 0x0000000082f00000, 0x0000000082f00000|100%| O|  |TAMS 0x0000000082f00000, 0x0000000082f00000| Untracked 
|  19|0x0000000082f00000, 0x0000000083000000, 0x0000000083000000|100%| O|  |TAMS 0x0000000083000000, 0x0000000083000000| Untracked 
|  20|0x0000000083000000, 0x0000000083100000, 0x0000000083100000|100%| O|  |TAMS 0x0000000083100000, 0x0000000083100000| Untracked 
|  21|0x0000000083100000, 0x0000000083200000, 0x0000000083200000|100%| O|  |TAMS 0x0000000083200000, 0x0000000083200000| Untracked 
|  22|0x0000000083200000, 0x0000000083300000, 0x0000000083300000|100%| O|  |TAMS 0x0000000083300000, 0x0000000083300000| Untracked 
|  23|0x0000000083300000, 0x00000000833a3a00, 0x0000000083400000| 63%| O|  |TAMS 0x00000000833a3a00, 0x00000000833a3a00| Untracked 
|  24|0x0000000083400000, 0x0000000083400000, 0x0000000083500000|  0%| F|  |TAMS 0x0000000083400000, 0x0000000083400000| Untracked 
|  25|0x0000000083500000, 0x0000000083500000, 0x0000000083600000|  0%| F|  |TAMS 0x0000000083500000, 0x0000000083500000| Untracked 
|  26|0x0000000083600000, 0x0000000083600000, 0x0000000083700000|  0%| F|  |TAMS 0x0000000083600000, 0x0000000083600000| Untracked 
|  27|0x0000000083700000, 0x0000000083700000, 0x0000000083800000|  0%| F|  |TAMS 0x0000000083700000, 0x0000000083700000| Untracked 
|  28|0x0000000083800000, 0x0000000083800000, 0x0000000083900000|  0%| F|  |TAMS 0x0000000083800000, 0x0000000083800000| Untracked 
|  29|0x0000000083900000, 0x0000000083900000, 0x0000000083a00000|  0%| F|  |TAMS 0x0000000083900000, 0x0000000083900000| Untracked 
|  30|0x0000000083a00000, 0x0000000083a00000, 0x0000000083b00000|  0%| F|  |TAMS 0x0000000083a00000, 0x0000000083a00000| Untracked 
|  31|0x0000000083b00000, 0x0000000083b00000, 0x0000000083c00000|  0%| F|  |TAMS 0x0000000083b00000, 0x0000000083b00000| Untracked 
|  32|0x0000000083c00000, 0x0000000083c00000, 0x0000000083d00000|  0%| F|  |TAMS 0x0000000083c00000, 0x0000000083c00000| Untracked 
|  33|0x0000000083d00000, 0x0000000083d00000, 0x0000000083e00000|  0%| F|  |TAMS 0x0000000083d00000, 0x0000000083d00000| Untracked 
|  34|0x0000000083e00000, 0x0000000083e00000, 0x0000000083f00000|  0%| F|  |TAMS 0x0000000083e00000, 0x0000000083e00000| Untracked 
|  35|0x0000000083f00000, 0x0000000083f00000, 0x0000000084000000|  0%| F|  |TAMS 0x0000000083f00000, 0x0000000083f00000| Untracked 
|  36|0x0000000084000000, 0x0000000084000000, 0x0000000084100000|  0%| F|  |TAMS 0x0000000084000000, 0x0000000084000000| Untracked 
|  37|0x0000000084100000, 0x0000000084100000, 0x0000000084200000|  0%| F|  |TAMS 0x0000000084100000, 0x0000000084100000| Untracked 
|  38|0x0000000084200000, 0x0000000084200000, 0x0000000084300000|  0%| F|  |TAMS 0x0000000084200000, 0x0000000084200000| Untracked 
|  39|0x0000000084300000, 0x0000000084300000, 0x0000000084400000|  0%| F|  |TAMS 0x0000000084300000, 0x0000000084300000| Untracked 
|  40|0x0000000084400000, 0x0000000084400000, 0x0000000084500000|  0%| F|  |TAMS 0x0000000084400000, 0x0000000084400000| Untracked 
|  41|0x0000000084500000, 0x0000000084500000, 0x0000000084600000|  0%| F|  |TAMS 0x0000000084500000, 0x0000000084500000| Untracked 
|  42|0x0000000084600000, 0x0000000084600000, 0x0000000084700000|  0%| F|  |TAMS 0x0000000084600000, 0x0000000084600000| Untracked 
|  43|0x0000000084700000, 0x0000000084700000, 0x0000000084800000|  0%| F|  |TAMS 0x0000000084700000, 0x0000000084700000| Untracked 
|  44|0x0000000084800000, 0x0000000084800000, 0x0000000084900000|  0%| F|  |TAMS 0x0000000084800000, 0x0000000084800000| Untracked 
|  45|0x0000000084900000, 0x0000000084900000, 0x0000000084a00000|  0%| F|  |TAMS 0x0000000084900000, 0x0000000084900000| Untracked 
|  46|0x0000000084a00000, 0x0000000084a00000, 0x0000000084b00000|  0%| F|  |TAMS 0x0000000084a00000, 0x0000000084a00000| Untracked 
|  47|0x0000000084b00000, 0x0000000084b00000, 0x0000000084c00000|  0%| F|  |TAMS 0x0000000084b00000, 0x0000000084b00000| Untracked 
|  48|0x0000000084c00000, 0x0000000084c00000, 0x0000000084d00000|  0%| F|  |TAMS 0x0000000084c00000, 0x0000000084c00000| Untracked 
|  49|0x0000000084d00000, 0x0000000084d00000, 0x0000000084e00000|  0%| F|  |TAMS 0x0000000084d00000, 0x0000000084d00000| Untracked 
|  50|0x0000000084e00000, 0x0000000084e00000, 0x0000000084f00000|  0%| F|  |TAMS 0x0000000084e00000, 0x0000000084e00000| Untracked 
|  51|0x0000000084f00000, 0x0000000084f00000, 0x0000000085000000|  0%| F|  |TAMS 0x0000000084f00000, 0x0000000084f00000| Untracked 
|  52|0x0000000085000000, 0x0000000085000000, 0x0000000085100000|  0%| F|  |TAMS 0x0000000085000000, 0x0000000085000000| Untracked 
|  53|0x0000000085100000, 0x0000000085100000, 0x0000000085200000|  0%| F|  |TAMS 0x0000000085100000, 0x0000000085100000| Untracked 
|  54|0x0000000085200000, 0x00000000852e7e50, 0x0000000085300000| 90%| S|CS|TAMS 0x0000000085200000, 0x0000000085200000| Complete 
|  55|0x0000000085300000, 0x0000000085400000, 0x0000000085400000|100%| S|CS|TAMS 0x0000000085300000, 0x0000000085300000| Complete 
|  56|0x0000000085400000, 0x0000000085500000, 0x0000000085500000|100%| S|CS|TAMS 0x0000000085400000, 0x0000000085400000| Complete 
|  57|0x0000000085500000, 0x0000000085600000, 0x0000000085600000|100%| S|CS|TAMS 0x0000000085500000, 0x0000000085500000| Complete 
|  58|0x0000000085600000, 0x0000000085700000, 0x0000000085700000|100%| S|CS|TAMS 0x0000000085600000, 0x0000000085600000| Complete 
|  59|0x0000000085700000, 0x0000000085800000, 0x0000000085800000|100%| S|CS|TAMS 0x0000000085700000, 0x0000000085700000| Complete 
|  60|0x0000000085800000, 0x0000000085900000, 0x0000000085900000|100%| S|CS|TAMS 0x0000000085800000, 0x0000000085800000| Complete 
|  61|0x0000000085900000, 0x0000000085a00000, 0x0000000085a00000|100%| S|CS|TAMS 0x0000000085900000, 0x0000000085900000| Complete 
|  62|0x0000000085a00000, 0x0000000085b00000, 0x0000000085b00000|100%| S|CS|TAMS 0x0000000085a00000, 0x0000000085a00000| Complete 
|  63|0x0000000085b00000, 0x0000000085c00000, 0x0000000085c00000|100%| S|CS|TAMS 0x0000000085b00000, 0x0000000085b00000| Complete 
|  64|0x0000000085c00000, 0x0000000085c00000, 0x0000000085d00000|  0%| F|  |TAMS 0x0000000085c00000, 0x0000000085c00000| Untracked 
|  65|0x0000000085d00000, 0x0000000085d00000, 0x0000000085e00000|  0%| F|  |TAMS 0x0000000085d00000, 0x0000000085d00000| Untracked 
|  66|0x0000000085e00000, 0x0000000085e00000, 0x0000000085f00000|  0%| F|  |TAMS 0x0000000085e00000, 0x0000000085e00000| Untracked 
|  67|0x0000000085f00000, 0x0000000085f00000, 0x0000000086000000|  0%| F|  |TAMS 0x0000000085f00000, 0x0000000085f00000| Untracked 
|  68|0x0000000086000000, 0x0000000086000000, 0x0000000086100000|  0%| F|  |TAMS 0x0000000086000000, 0x0000000086000000| Untracked 
|  69|0x0000000086100000, 0x0000000086100000, 0x0000000086200000|  0%| F|  |TAMS 0x0000000086100000, 0x0000000086100000| Untracked 
|  70|0x0000000086200000, 0x0000000086200000, 0x0000000086300000|  0%| F|  |TAMS 0x0000000086200000, 0x0000000086200000| Untracked 
|  71|0x0000000086300000, 0x0000000086300000, 0x0000000086400000|  0%| F|  |TAMS 0x0000000086300000, 0x0000000086300000| Untracked 
|  72|0x0000000086400000, 0x0000000086400000, 0x0000000086500000|  0%| F|  |TAMS 0x0000000086400000, 0x0000000086400000| Untracked 
|  73|0x0000000086500000, 0x0000000086500000, 0x0000000086600000|  0%| F|  |TAMS 0x0000000086500000, 0x0000000086500000| Untracked 
|  74|0x0000000086600000, 0x0000000086600000, 0x0000000086700000|  0%| F|  |TAMS 0x0000000086600000, 0x0000000086600000| Untracked 
|  75|0x0000000086700000, 0x0000000086700000, 0x0000000086800000|  0%| F|  |TAMS 0x0000000086700000, 0x0000000086700000| Untracked 
|  76|0x0000000086800000, 0x0000000086800000, 0x0000000086900000|  0%| F|  |TAMS 0x0000000086800000, 0x0000000086800000| Untracked 
|  77|0x0000000086900000, 0x0000000086900000, 0x0000000086a00000|  0%| F|  |TAMS 0x0000000086900000, 0x0000000086900000| Untracked 
|  78|0x0000000086a00000, 0x0000000086a00000, 0x0000000086b00000|  0%| F|  |TAMS 0x0000000086a00000, 0x0000000086a00000| Untracked 
|  79|0x0000000086b00000, 0x0000000086b00000, 0x0000000086c00000|  0%| F|  |TAMS 0x0000000086b00000, 0x0000000086b00000| Untracked 
|  80|0x0000000086c00000, 0x0000000086c00000, 0x0000000086d00000|  0%| F|  |TAMS 0x0000000086c00000, 0x0000000086c00000| Untracked 
|  81|0x0000000086d00000, 0x0000000086d00000, 0x0000000086e00000|  0%| F|  |TAMS 0x0000000086d00000, 0x0000000086d00000| Untracked 
|  82|0x0000000086e00000, 0x0000000086e00000, 0x0000000086f00000|  0%| F|  |TAMS 0x0000000086e00000, 0x0000000086e00000| Untracked 
|  83|0x0000000086f00000, 0x0000000086f00000, 0x0000000087000000|  0%| F|  |TAMS 0x0000000086f00000, 0x0000000086f00000| Untracked 
|  84|0x0000000087000000, 0x0000000087000000, 0x0000000087100000|  0%| F|  |TAMS 0x0000000087000000, 0x0000000087000000| Untracked 
|  85|0x0000000087100000, 0x0000000087100000, 0x0000000087200000|  0%| F|  |TAMS 0x0000000087100000, 0x0000000087100000| Untracked 
|  86|0x0000000087200000, 0x0000000087200000, 0x0000000087300000|  0%| F|  |TAMS 0x0000000087200000, 0x0000000087200000| Untracked 
|  87|0x0000000087300000, 0x0000000087300000, 0x0000000087400000|  0%| F|  |TAMS 0x0000000087300000, 0x0000000087300000| Untracked 
|  88|0x0000000087400000, 0x0000000087400000, 0x0000000087500000|  0%| F|  |TAMS 0x0000000087400000, 0x0000000087400000| Untracked 
|  89|0x0000000087500000, 0x0000000087500000, 0x0000000087600000|  0%| F|  |TAMS 0x0000000087500000, 0x0000000087500000| Untracked 
|  90|0x0000000087600000, 0x0000000087600000, 0x0000000087700000|  0%| F|  |TAMS 0x0000000087600000, 0x0000000087600000| Untracked 
|  91|0x0000000087700000, 0x0000000087700000, 0x0000000087800000|  0%| F|  |TAMS 0x0000000087700000, 0x0000000087700000| Untracked 
|  92|0x0000000087800000, 0x0000000087800000, 0x0000000087900000|  0%| F|  |TAMS 0x0000000087800000, 0x0000000087800000| Untracked 
|  93|0x0000000087900000, 0x0000000087900000, 0x0000000087a00000|  0%| F|  |TAMS 0x0000000087900000, 0x0000000087900000| Untracked 
|  94|0x0000000087a00000, 0x0000000087a00000, 0x0000000087b00000|  0%| F|  |TAMS 0x0000000087a00000, 0x0000000087a00000| Untracked 
|  95|0x0000000087b00000, 0x0000000087b00000, 0x0000000087c00000|  0%| F|  |TAMS 0x0000000087b00000, 0x0000000087b00000| Untracked 
|  96|0x0000000087c00000, 0x0000000087c00000, 0x0000000087d00000|  0%| F|  |TAMS 0x0000000087c00000, 0x0000000087c00000| Untracked 
|  97|0x0000000087d00000, 0x0000000087d00000, 0x0000000087e00000|  0%| F|  |TAMS 0x0000000087d00000, 0x0000000087d00000| Untracked 
|  98|0x0000000087e00000, 0x0000000087e00000, 0x0000000087f00000|  0%| F|  |TAMS 0x0000000087e00000, 0x0000000087e00000| Untracked 
|  99|0x0000000087f00000, 0x0000000087f00000, 0x0000000088000000|  0%| F|  |TAMS 0x0000000087f00000, 0x0000000087f00000| Untracked 
| 100|0x0000000088000000, 0x0000000088000000, 0x0000000088100000|  0%| F|  |TAMS 0x0000000088000000, 0x0000000088000000| Untracked 
| 101|0x0000000088100000, 0x0000000088100000, 0x0000000088200000|  0%| F|  |TAMS 0x0000000088100000, 0x0000000088100000| Untracked 
| 102|0x0000000088200000, 0x0000000088200000, 0x0000000088300000|  0%| F|  |TAMS 0x0000000088200000, 0x0000000088200000| Untracked 
| 103|0x0000000088300000, 0x0000000088300000, 0x0000000088400000|  0%| F|  |TAMS 0x0000000088300000, 0x0000000088300000| Untracked 
| 104|0x0000000088400000, 0x0000000088400000, 0x0000000088500000|  0%| F|  |TAMS 0x0000000088400000, 0x0000000088400000| Untracked 
| 105|0x0000000088500000, 0x0000000088500000, 0x0000000088600000|  0%| F|  |TAMS 0x0000000088500000, 0x0000000088500000| Untracked 
| 106|0x0000000088600000, 0x0000000088600000, 0x0000000088700000|  0%| F|  |TAMS 0x0000000088600000, 0x0000000088600000| Untracked 
| 107|0x0000000088700000, 0x0000000088700000, 0x0000000088800000|  0%| F|  |TAMS 0x0000000088700000, 0x0000000088700000| Untracked 
| 108|0x0000000088800000, 0x0000000088800000, 0x0000000088900000|  0%| F|  |TAMS 0x0000000088800000, 0x0000000088800000| Untracked 
| 109|0x0000000088900000, 0x0000000088900000, 0x0000000088a00000|  0%| F|  |TAMS 0x0000000088900000, 0x0000000088900000| Untracked 
| 110|0x0000000088a00000, 0x0000000088a00000, 0x0000000088b00000|  0%| F|  |TAMS 0x0000000088a00000, 0x0000000088a00000| Untracked 
| 111|0x0000000088b00000, 0x0000000088b00000, 0x0000000088c00000|  0%| F|  |TAMS 0x0000000088b00000, 0x0000000088b00000| Untracked 
| 112|0x0000000088c00000, 0x0000000088c00000, 0x0000000088d00000|  0%| F|  |TAMS 0x0000000088c00000, 0x0000000088c00000| Untracked 
| 113|0x0000000088d00000, 0x0000000088d00000, 0x0000000088e00000|  0%| F|  |TAMS 0x0000000088d00000, 0x0000000088d00000| Untracked 
| 114|0x0000000088e00000, 0x0000000088e00000, 0x0000000088f00000|  0%| F|  |TAMS 0x0000000088e00000, 0x0000000088e00000| Untracked 
| 115|0x0000000088f00000, 0x0000000088f00000, 0x0000000089000000|  0%| F|  |TAMS 0x0000000088f00000, 0x0000000088f00000| Untracked 
| 116|0x0000000089000000, 0x0000000089000000, 0x0000000089100000|  0%| F|  |TAMS 0x0000000089000000, 0x0000000089000000| Untracked 
| 117|0x0000000089100000, 0x0000000089100000, 0x0000000089200000|  0%| F|  |TAMS 0x0000000089100000, 0x0000000089100000| Untracked 
| 118|0x0000000089200000, 0x0000000089200000, 0x0000000089300000|  0%| F|  |TAMS 0x0000000089200000, 0x0000000089200000| Untracked 
| 119|0x0000000089300000, 0x0000000089300000, 0x0000000089400000|  0%| F|  |TAMS 0x0000000089300000, 0x0000000089300000| Untracked 
| 120|0x0000000089400000, 0x0000000089400000, 0x0000000089500000|  0%| F|  |TAMS 0x0000000089400000, 0x0000000089400000| Untracked 
| 121|0x0000000089500000, 0x0000000089500000, 0x0000000089600000|  0%| F|  |TAMS 0x0000000089500000, 0x0000000089500000| Untracked 
| 122|0x0000000089600000, 0x0000000089600000, 0x0000000089700000|  0%| F|  |TAMS 0x0000000089600000, 0x0000000089600000| Untracked 
| 123|0x0000000089700000, 0x0000000089700000, 0x0000000089800000|  0%| F|  |TAMS 0x0000000089700000, 0x0000000089700000| Untracked 
| 124|0x0000000089800000, 0x0000000089800000, 0x0000000089900000|  0%| F|  |TAMS 0x0000000089800000, 0x0000000089800000| Untracked 
| 125|0x0000000089900000, 0x0000000089900000, 0x0000000089a00000|  0%| F|  |TAMS 0x0000000089900000, 0x0000000089900000| Untracked 
| 126|0x0000000089a00000, 0x0000000089a00000, 0x0000000089b00000|  0%| F|  |TAMS 0x0000000089a00000, 0x0000000089a00000| Untracked 
| 127|0x0000000089b00000, 0x0000000089b00000, 0x0000000089c00000|  0%| F|  |TAMS 0x0000000089b00000, 0x0000000089b00000| Untracked 
| 128|0x0000000089c00000, 0x0000000089c00000, 0x0000000089d00000|  0%| F|  |TAMS 0x0000000089c00000, 0x0000000089c00000| Untracked 
| 129|0x0000000089d00000, 0x0000000089d00000, 0x0000000089e00000|  0%| F|  |TAMS 0x0000000089d00000, 0x0000000089d00000| Untracked 
| 130|0x0000000089e00000, 0x0000000089e00000, 0x0000000089f00000|  0%| F|  |TAMS 0x0000000089e00000, 0x0000000089e00000| Untracked 
| 131|0x0000000089f00000, 0x0000000089f00000, 0x000000008a000000|  0%| F|  |TAMS 0x0000000089f00000, 0x0000000089f00000| Untracked 
| 132|0x000000008a000000, 0x000000008a000000, 0x000000008a100000|  0%| F|  |TAMS 0x000000008a000000, 0x000000008a000000| Untracked 
| 133|0x000000008a100000, 0x000000008a100000, 0x000000008a200000|  0%| F|  |TAMS 0x000000008a100000, 0x000000008a100000| Untracked 
| 134|0x000000008a200000, 0x000000008a200000, 0x000000008a300000|  0%| F|  |TAMS 0x000000008a200000, 0x000000008a200000| Untracked 
| 135|0x000000008a300000, 0x000000008a300000, 0x000000008a400000|  0%| F|  |TAMS 0x000000008a300000, 0x000000008a300000| Untracked 
| 136|0x000000008a400000, 0x000000008a400000, 0x000000008a500000|  0%| F|  |TAMS 0x000000008a400000, 0x000000008a400000| Untracked 
| 137|0x000000008a500000, 0x000000008a500000, 0x000000008a600000|  0%| F|  |TAMS 0x000000008a500000, 0x000000008a500000| Untracked 
| 138|0x000000008a600000, 0x000000008a600000, 0x000000008a700000|  0%| F|  |TAMS 0x000000008a600000, 0x000000008a600000| Untracked 
| 139|0x000000008a700000, 0x000000008a700000, 0x000000008a800000|  0%| F|  |TAMS 0x000000008a700000, 0x000000008a700000| Untracked 
| 140|0x000000008a800000, 0x000000008a800000, 0x000000008a900000|  0%| F|  |TAMS 0x000000008a800000, 0x000000008a800000| Untracked 
| 141|0x000000008a900000, 0x000000008a900000, 0x000000008aa00000|  0%| F|  |TAMS 0x000000008a900000, 0x000000008a900000| Untracked 
| 142|0x000000008aa00000, 0x000000008aa00000, 0x000000008ab00000|  0%| F|  |TAMS 0x000000008aa00000, 0x000000008aa00000| Untracked 
| 143|0x000000008ab00000, 0x000000008ab00000, 0x000000008ac00000|  0%| F|  |TAMS 0x000000008ab00000, 0x000000008ab00000| Untracked 
| 144|0x000000008ac00000, 0x000000008ac00000, 0x000000008ad00000|  0%| F|  |TAMS 0x000000008ac00000, 0x000000008ac00000| Untracked 
| 145|0x000000008ad00000, 0x000000008ad00000, 0x000000008ae00000|  0%| F|  |TAMS 0x000000008ad00000, 0x000000008ad00000| Untracked 
| 146|0x000000008ae00000, 0x000000008ae00000, 0x000000008af00000|  0%| F|  |TAMS 0x000000008ae00000, 0x000000008ae00000| Untracked 
| 147|0x000000008af00000, 0x000000008af00000, 0x000000008b000000|  0%| F|  |TAMS 0x000000008af00000, 0x000000008af00000| Untracked 
| 148|0x000000008b000000, 0x000000008b000000, 0x000000008b100000|  0%| F|  |TAMS 0x000000008b000000, 0x000000008b000000| Untracked 
| 149|0x000000008b100000, 0x000000008b100000, 0x000000008b200000|  0%| F|  |TAMS 0x000000008b100000, 0x000000008b100000| Untracked 
| 150|0x000000008b200000, 0x000000008b200000, 0x000000008b300000|  0%| F|  |TAMS 0x000000008b200000, 0x000000008b200000| Untracked 
| 151|0x000000008b300000, 0x000000008b300000, 0x000000008b400000|  0%| F|  |TAMS 0x000000008b300000, 0x000000008b300000| Untracked 
| 152|0x000000008b400000, 0x000000008b400000, 0x000000008b500000|  0%| F|  |TAMS 0x000000008b400000, 0x000000008b400000| Untracked 
| 153|0x000000008b500000, 0x000000008b500000, 0x000000008b600000|  0%| F|  |TAMS 0x000000008b500000, 0x000000008b500000| Untracked 

Card table byte_map: [0x000002bb4fea0000,0x000002bb502a0000] _byte_map_base: 0x000002bb4fa92000

Marking Bits (Prev, Next): (CMBitMap*) 0x000002bb38161c10, (CMBitMap*) 0x000002bb38161bd8
 Prev Bits: [0x000002bb52630000, 0x000002bb545c0000)
 Next Bits: [0x000002bb506a0000, 0x000002bb52630000)

Polling page: 0x000002bb35e90000

Metaspace:

Usage:
  Non-class:     60.07 MB capacity,    58.96 MB ( 98%) used,   909.88 KB (  1%) free+waste,   225.19 KB ( <1%) overhead. 
      Class:      9.65 MB capacity,     8.92 MB ( 92%) used,   639.17 KB (  6%) free+waste,   108.31 KB (  1%) overhead. 
       Both:     69.71 MB capacity,    67.88 MB ( 97%) used,     1.51 MB (  2%) free+waste,   333.50 KB ( <1%) overhead. 

Virtual space:
  Non-class space:       62.00 MB reserved,      60.17 MB ( 97%) committed 
      Class space:        1.00 GB reserved,       9.73 MB ( <1%) committed 
             Both:        1.06 GB reserved,      69.90 MB (  6%) committed 

Chunk freelists:
   Non-Class:  43.00 KB
       Class:  9.00 KB
        Both:  52.00 KB

MaxMetaspaceSize: 17179869184.00 GB
CompressedClassSpaceSize: 1.00 GB

CodeHeap 'non-profiled nmethods': size=238336Kb used=9828Kb max_used=9828Kb free=228507Kb
 bounds [0x000002bb40eb0000, 0x000002bb41850000, 0x000002bb4f770000]
CodeHeap 'non-nmethods': size=7424Kb used=1290Kb max_used=1290Kb free=6133Kb
 bounds [0x000002bb40770000, 0x000002bb409e0000, 0x000002bb40eb0000]
 total_blobs=6907 nmethods=5934 adapters=605
 compilation: enabled
              stopped_count=0, restarted_count=0
 full_count=0

Compilation events (20 events):
Event: 20.802 Thread 0x000002bb5799b000 5947       1       org.apache.catalina.connector.RequestFacade::getAttribute (32 bytes)
Event: 20.802 Thread 0x000002bb5799b000 nmethod 5947 0x000002bb41844390 code [0x000002bb41844560, 0x000002bb41844790]
Event: 20.802 Thread 0x000002bb5799b000 5944       1       java.util.IdentityHashMap::capacity (29 bytes)
Event: 20.802 Thread 0x000002bb5799b000 nmethod 5944 0x000002bb41844890 code [0x000002bb41844a40, 0x000002bb41844bb0]
Event: 20.802 Thread 0x000002bb5799b000 5948       1       org.apache.coyote.Request::method (5 bytes)
Event: 20.802 Thread 0x000002bb5799b000 nmethod 5948 0x000002bb41844c90 code [0x000002bb41844e40, 0x000002bb41844f58]
Event: 20.807 Thread 0x000002bb5799b000 5949       1       org.apache.catalina.connector.Response::getCoyoteResponse (5 bytes)
Event: 20.807 Thread 0x000002bb5799b000 nmethod 5949 0x000002bb41845010 code [0x000002bb418451c0, 0x000002bb418452d8]
Event: 20.810 Thread 0x000002bb5799b000 5950       1       javax.servlet.ServletResponseWrapper::getResponse (5 bytes)
Event: 20.810 Thread 0x000002bb5799b000 nmethod 5950 0x000002bb41845390 code [0x000002bb41845540, 0x000002bb41845658]
Event: 20.810 Thread 0x000002bb5799b000 5953       1       jdk.internal.reflect.AccessorGenerator::emitMethod (275 bytes)
Event: 20.813 Thread 0x000002bb5799b000 nmethod 5953 0x000002bb41845710 code [0x000002bb41845b60, 0x000002bb41847000]
Event: 20.813 Thread 0x000002bb5799b000 5951       1       jdk.internal.reflect.ClassFileAssembler::opc_dup_x1 (11 bytes)
Event: 20.813 Thread 0x000002bb5799b000 nmethod 5951 0x000002bb41848390 code [0x000002bb41848540, 0x000002bb418486f0]
Event: 20.813 Thread 0x000002bb5799b000 5952       1       jdk.internal.reflect.ClassFileAssembler::opc_swap (7 bytes)
Event: 20.814 Thread 0x000002bb5799b000 nmethod 5952 0x000002bb41848810 code [0x000002bb418489c0, 0x000002bb41848b30]
Event: 20.814 Thread 0x000002bb5799b000 5954       1       jdk.internal.reflect.ClassFileAssembler::getMaxStack (6 bytes)
Event: 20.814 Thread 0x000002bb5799b000 nmethod 5954 0x000002bb41848c10 code [0x000002bb41848dc0, 0x000002bb41848ed8]
Event: 20.814 Thread 0x000002bb5799b000 5955       1       jdk.internal.reflect.ByteVectorImpl::getData (5 bytes)
Event: 20.814 Thread 0x000002bb5799b000 nmethod 5955 0x000002bb41848f90 code [0x000002bb41849140, 0x000002bb41849258]

GC Heap History (19 events):
Event: 1.087 GC heap before
{Heap before GC invocations=0 (full 0):
 garbage-first heap   total 131072K, used 25600K [0x0000000081c00000, 0x0000000100000000)
  region size 1024K, 24 young (24576K), 0 survivors (0K)
 Metaspace       used 14141K, capacity 14473K, committed 14720K, reserved 1062912K
  class space    used 1486K, capacity 1592K, committed 1664K, reserved 1048576K
}
Event: 1.094 GC heap after
{Heap after GC invocations=1 (full 0):
 garbage-first heap   total 131072K, used 7547K [0x0000000081c00000, 0x0000000100000000)
  region size 1024K, 3 young (3072K), 3 survivors (3072K)
 Metaspace       used 14141K, capacity 14473K, committed 14720K, reserved 1062912K
  class space    used 1486K, capacity 1592K, committed 1664K, reserved 1048576K
}
Event: 1.398 GC heap before
{Heap before GC invocations=1 (full 0):
 garbage-first heap   total 131072K, used 28027K [0x0000000081c00000, 0x0000000100000000)
  region size 1024K, 23 young (23552K), 3 survivors (3072K)
 Metaspace       used 18234K, capacity 18805K, committed 18944K, reserved 1067008K
  class space    used 2037K, capacity 2241K, committed 2304K, reserved 1048576K
}
Event: 1.403 GC heap after
{Heap after GC invocations=2 (full 0):
 garbage-first heap   total 131072K, used 9169K [0x0000000081c00000, 0x0000000100000000)
  region size 1024K, 2 young (2048K), 2 survivors (2048K)
 Metaspace       used 18234K, capacity 18805K, committed 18944K, reserved 1067008K
  class space    used 2037K, capacity 2241K, committed 2304K, reserved 1048576K
}
Event: 1.524 GC heap before
{Heap before GC invocations=2 (full 0):
 garbage-first heap   total 131072K, used 22481K [0x0000000081c00000, 0x0000000100000000)
  region size 1024K, 17 young (17408K), 2 survivors (2048K)
 Metaspace       used 20543K, capacity 21095K, committed 21296K, reserved 1069056K
  class space    used 2381K, capacity 2596K, committed 2688K, reserved 1048576K
}
Event: 1.527 GC heap after
{Heap after GC invocations=3 (full 0):
 garbage-first heap   total 131072K, used 9470K [0x0000000081c00000, 0x0000000100000000)
  region size 1024K, 2 young (2048K), 2 survivors (2048K)
 Metaspace       used 20543K, capacity 21095K, committed 21296K, reserved 1069056K
  class space    used 2381K, capacity 2596K, committed 2688K, reserved 1048576K
}
Event: 1.872 GC heap before
{Heap before GC invocations=4 (full 0):
 garbage-first heap   total 131072K, used 69886K [0x0000000081c00000, 0x0000000100000000)
  region size 1024K, 63 young (64512K), 2 survivors (2048K)
 Metaspace       used 24828K, capacity 25658K, committed 25904K, reserved 1071104K
  class space    used 3061K, capacity 3365K, committed 3456K, reserved 1048576K
}
Event: 1.880 GC heap after
{Heap after GC invocations=5 (full 0):
 garbage-first heap   total 131072K, used 11601K [0x0000000081c00000, 0x0000000100000000)
  region size 1024K, 4 young (4096K), 4 survivors (4096K)
 Metaspace       used 24828K, capacity 25658K, committed 25904K, reserved 1071104K
  class space    used 3061K, capacity 3365K, committed 3456K, reserved 1048576K
}
Event: 2.450 GC heap before
{Heap before GC invocations=5 (full 0):
 garbage-first heap   total 131072K, used 79185K [0x0000000081c00000, 0x0000000100000000)
  region size 1024K, 71 young (72704K), 4 survivors (4096K)
 Metaspace       used 30057K, capacity 31111K, committed 31280K, reserved 1077248K
  class space    used 3768K, capacity 4201K, committed 4224K, reserved 1048576K
}
Event: 2.457 GC heap after
{Heap after GC invocations=6 (full 0):
 garbage-first heap   total 131072K, used 13615K [0x0000000081c00000, 0x0000000100000000)
  region size 1024K, 6 young (6144K), 6 survivors (6144K)
 Metaspace       used 30057K, capacity 31111K, committed 31280K, reserved 1077248K
  class space    used 3768K, capacity 4201K, committed 4224K, reserved 1048576K
}
Event: 2.906 GC heap before
{Heap before GC invocations=6 (full 0):
 garbage-first heap   total 131072K, used 55599K [0x0000000081c00000, 0x0000000100000000)
  region size 1024K, 48 young (49152K), 6 survivors (6144K)
 Metaspace       used 34619K, capacity 35753K, committed 35888K, reserved 1081344K
  class space    used 4402K, capacity 4889K, committed 4992K, reserved 1048576K
}
Event: 2.922 GC heap after
{Heap after GC invocations=7 (full 0):
 garbage-first heap   total 157696K, used 16496K [0x0000000081c00000, 0x0000000100000000)
  region size 1024K, 8 young (8192K), 8 survivors (8192K)
 Metaspace       used 34619K, capacity 35753K, committed 35888K, reserved 1081344K
  class space    used 4402K, capacity 4889K, committed 4992K, reserved 1048576K
}
Event: 3.300 GC heap before
{Heap before GC invocations=8 (full 0):
 garbage-first heap   total 157696K, used 97392K [0x0000000081c00000, 0x0000000100000000)
  region size 1024K, 88 young (90112K), 8 survivors (8192K)
 Metaspace       used 38706K, capacity 40000K, committed 40240K, reserved 1083392K
  class space    used 4894K, capacity 5405K, committed 5504K, reserved 1048576K
}
Event: 3.306 GC heap after
{Heap after GC invocations=9 (full 0):
 garbage-first heap   total 157696K, used 18303K [0x0000000081c00000, 0x0000000100000000)
  region size 1024K, 8 young (8192K), 8 survivors (8192K)
 Metaspace       used 38706K, capacity 40000K, committed 40240K, reserved 1083392K
  class space    used 4894K, capacity 5405K, committed 5504K, reserved 1048576K
}
Event: 3.830 GC heap before
{Heap before GC invocations=9 (full 0):
 garbage-first heap   total 157696K, used 104319K [0x0000000081c00000, 0x0000000100000000)
  region size 1024K, 92 young (94208K), 8 survivors (8192K)
 Metaspace       used 51801K, capacity 53225K, committed 53552K, reserved 1095680K
  class space    used 6658K, capacity 7224K, committed 7296K, reserved 1048576K
}
Event: 3.837 GC heap after
{Heap after GC invocations=10 (full 0):
 garbage-first heap   total 157696K, used 24992K [0x0000000081c00000, 0x0000000100000000)
  region size 1024K, 12 young (12288K), 12 survivors (12288K)
 Metaspace       used 51801K, capacity 53225K, committed 53552K, reserved 1095680K
  class space    used 6658K, capacity 7224K, committed 7296K, reserved 1048576K
}
Event: 4.309 GC heap before
{Heap before GC invocations=10 (full 0):
 garbage-first heap   total 157696K, used 93600K [0x0000000081c00000, 0x0000000100000000)
  region size 1024K, 81 young (82944K), 12 survivors (12288K)
 Metaspace       used 58633K, capacity 60133K, committed 60208K, reserved 1101824K
  class space    used 7686K, capacity 8287K, committed 8320K, reserved 1048576K
}
Event: 4.319 GC heap after
{Heap after GC invocations=11 (full 0):
 garbage-first heap   total 157696K, used 29808K [0x0000000081c00000, 0x0000000100000000)
  region size 1024K, 6 young (6144K), 6 survivors (6144K)
 Metaspace       used 58633K, capacity 60133K, committed 60208K, reserved 1101824K
  class space    used 7686K, capacity 8287K, committed 8320K, reserved 1048576K
}
Event: 20.814 GC heap before
{Heap before GC invocations=12 (full 0):
 garbage-first heap   total 157696K, used 115824K [0x0000000081c00000, 0x0000000100000000)
  region size 1024K, 90 young (92160K), 6 survivors (6144K)
 Metaspace       used 69505K, capacity 71388K, committed 71580K, reserved 1112064K
  class space    used 9131K, capacity 9879K, committed 9964K, reserved 1048576K
}

Deoptimization events (4 events):
Event: 2.380 Thread 0x000002bb3811b000 DEOPT PACKING pc=0x000002bb411a6d64 sp=0x000000c7c73fdcd0
Event: 2.380 Thread 0x000002bb3811b000 DEOPT UNPACKING pc=0x000002bb40798d4e sp=0x000000c7c73fd238 mode 0
Event: 3.658 Thread 0x000002bb3811b000 DEOPT PACKING pc=0x000002bb411632af sp=0x000000c7c73fe190
Event: 3.658 Thread 0x000002bb3811b000 DEOPT UNPACKING pc=0x000002bb40798d4e sp=0x000000c7c73fd698 mode 3

Classes redefined (0 events):
No events

Internal exceptions (20 events):
Event: 4.782 Thread 0x000002bb3811b000 Exception <a 'java/lang/ClassNotFoundException'{0x000000008a2636f0}: java/lang/ObjectCustomizer> (0x000000008a2636f0) thrown at [c:/cygwin64/tmp/openjdk-jdk11u-windows-x64-hotspot/workspace/build/src/src/hotspot/share/classfile/systemDictionary.cpp, line 
Event: 4.783 Thread 0x000002bb3811b000 Exception <a 'java/lang/ClassNotFoundException'{0x000000008a274ed8}: pl/jmiernowski/external/book/BookEntityCustomizer> (0x000000008a274ed8) thrown at [c:/cygwin64/tmp/openjdk-jdk11u-windows-x64-hotspot/workspace/build/src/src/hotspot/share/classfile/syst
Event: 4.796 Thread 0x000002bb3811b000 Exception <a 'java/lang/NoSuchMethodError'{0x000000008a17ca78}: 'int java.lang.invoke.DirectMethodHandle$Holder.invokeVirtual(java.lang.Object, java.lang.Object, java.lang.Object)'> (0x000000008a17ca78) thrown at [c:/cygwin64/tmp/openjdk-jdk11u-windows-x6
Event: 4.817 Thread 0x000002bb3811b000 Exception <a 'java/lang/IncompatibleClassChangeError'{0x0000000089f2e388}: Found class java.lang.Object, but interface was expected> (0x0000000089f2e388) thrown at [c:/cygwin64/tmp/openjdk-jdk11u-windows-x64-hotspot/workspace/build/src/src/hotspot/share/i
Event: 4.860 Thread 0x000002bb3811b000 Exception <a 'java/lang/reflect/InvocationTargetException'{0x000000008987cf80}> (0x000000008987cf80) thrown at [c:/cygwin64/tmp/openjdk-jdk11u-windows-x64-hotspot/workspace/build/src/src/hotspot/share/runtime/reflection.cpp, line 1247]
Event: 4.871 Thread 0x000002bb3811b000 Exception <a 'java/lang/NoSuchMethodError'{0x000000008970ab08}: 'java.lang.Object java.lang.invoke.Invokers$Holder.linkToTargetMethod(java.lang.Object, int, java.lang.Object)'> (0x000000008970ab08) thrown at [c:/cygwin64/tmp/openjdk-jdk11u-windows-x64-hot
Event: 4.875 Thread 0x000002bb3811b000 Exception <a 'java/lang/IncompatibleClassChangeError'{0x0000000089740df0}: Found class java.lang.Object, but interface was expected> (0x0000000089740df0) thrown at [c:/cygwin64/tmp/openjdk-jdk11u-windows-x64-hotspot/workspace/build/src/src/hotspot/share/i
Event: 4.900 Thread 0x000002bb3811b000 Exception <a 'java/lang/reflect/InvocationTargetException'{0x00000000895ba910}> (0x00000000895ba910) thrown at [c:/cygwin64/tmp/openjdk-jdk11u-windows-x64-hotspot/workspace/build/src/src/hotspot/share/runtime/reflection.cpp, line 1247]
Event: 4.912 Thread 0x000002bb3811b000 Exception <a 'java/lang/ClassNotFoundException'{0x000000008930d538}: java/lang/ObjectCustomizer> (0x000000008930d538) thrown at [c:/cygwin64/tmp/openjdk-jdk11u-windows-x64-hotspot/workspace/build/src/src/hotspot/share/classfile/systemDictionary.cpp, line 
Event: 4.913 Thread 0x000002bb3811b000 Exception <a 'java/lang/ClassNotFoundException'{0x000000008931f760}: pl/jmiernowski/external/email/EmailEntityCustomizer> (0x000000008931f760) thrown at [c:/cygwin64/tmp/openjdk-jdk11u-windows-x64-hotspot/workspace/build/src/src/hotspot/share/classfile/sy
Event: 4.933 Thread 0x000002bb3811b000 Exception <a 'java/lang/ClassNotFoundException'{0x00000000890b2e58}: java/lang/ObjectCustomizer> (0x00000000890b2e58) thrown at [c:/cygwin64/tmp/openjdk-jdk11u-windows-x64-hotspot/workspace/build/src/src/hotspot/share/classfile/systemDictionary.cpp, line 
Event: 4.934 Thread 0x000002bb3811b000 Exception <a 'java/lang/ClassNotFoundException'{0x00000000890c60c0}: pl/jmiernowski/external/user/ActivationTokenEntityCustomizer> (0x00000000890c60c0) thrown at [c:/cygwin64/tmp/openjdk-jdk11u-windows-x64-hotspot/workspace/build/src/src/hotspot/share/cla
Event: 4.942 Thread 0x000002bb3811b000 Exception <a 'java/lang/reflect/InvocationTargetException'{0x0000000088c1cbc8}> (0x0000000088c1cbc8) thrown at [c:/cygwin64/tmp/openjdk-jdk11u-windows-x64-hotspot/workspace/build/src/src/hotspot/share/runtime/reflection.cpp, line 1247]
Event: 4.950 Thread 0x000002bb3811b000 Exception <a 'java/lang/ClassNotFoundException'{0x0000000088b11220}: java/lang/ObjectCustomizer> (0x0000000088b11220) thrown at [c:/cygwin64/tmp/openjdk-jdk11u-windows-x64-hotspot/workspace/build/src/src/hotspot/share/classfile/systemDictionary.cpp, line 
Event: 4.950 Thread 0x000002bb3811b000 Exception <a 'java/lang/ClassNotFoundException'{0x0000000088b22a08}: pl/jmiernowski/external/user/UserEntityCustomizer> (0x0000000088b22a08) thrown at [c:/cygwin64/tmp/openjdk-jdk11u-windows-x64-hotspot/workspace/build/src/src/hotspot/share/classfile/syst
Event: 4.962 Thread 0x000002bb3811b000 Exception <a 'java/lang/reflect/InvocationTargetException'{0x00000000888f5c30}> (0x00000000888f5c30) thrown at [c:/cygwin64/tmp/openjdk-jdk11u-windows-x64-hotspot/workspace/build/src/src/hotspot/share/runtime/reflection.cpp, line 1247]
Event: 11.642 Thread 0x000002bb59bba000 Exception <a 'java/lang/NoSuchMethodError'{0x0000000087e6c8c0}: 'void java.lang.invoke.DirectMethodHandle$Holder.invokeStaticInit(java.lang.Object, java.lang.Object, java.lang.Object)'> (0x0000000087e6c8c0) thrown at [c:/cygwin64/tmp/openjdk-jdk11u-window
Event: 11.676 Thread 0x000002bb59bba000 Exception <a 'java/lang/ClassNotFoundException'{0x0000000087c7bb68}: java/lang/ObjectCustomizer> (0x0000000087c7bb68) thrown at [c:/cygwin64/tmp/openjdk-jdk11u-windows-x64-hotspot/workspace/build/src/src/hotspot/share/classfile/systemDictionary.cpp, line 
Event: 11.677 Thread 0x000002bb59bba000 Exception <a 'java/lang/ClassNotFoundException'{0x0000000087c916a0}: pl/jmiernowski/external/book/BookEntityCustomizer> (0x0000000087c916a0) thrown at [c:/cygwin64/tmp/openjdk-jdk11u-windows-x64-hotspot/workspace/build/src/src/hotspot/share/classfile/syst
Event: 20.361 Thread 0x000002bb59bbb800 Exception <a 'java/lang/NoSuchMethodError'{0x0000000085c2af40}: 'java.lang.Object java.lang.invoke.DirectMethodHandle$Holder.invokeStaticInit(java.lang.Object, java.lang.Object, java.lang.Object, java.lang.Object, java.lang.Object, java.lang.Object)'> (0x

Events (20 events):
Event: 20.803 loading class org/springframework/util/AntPathMatcher$AntPatternComparator$PatternInfo done
Event: 20.805 loading class org/springframework/web/servlet/handler/AbstractUrlHandlerMapping$PathExposingHandlerInterceptor
Event: 20.805 loading class org/springframework/web/servlet/handler/AbstractUrlHandlerMapping$PathExposingHandlerInterceptor done
Event: 20.806 loading class org/springframework/web/servlet/handler/AbstractHandlerMapping$CorsInterceptor
Event: 20.806 loading class org/springframework/web/servlet/handler/AbstractHandlerMapping$CorsInterceptor done
Event: 20.806 loading class org/springframework/web/servlet/function/HandlerFunction
Event: 20.806 loading class org/springframework/web/servlet/function/HandlerFunction done
Event: 20.807 loading class org/springframework/web/servlet/mvc/LastModified
Event: 20.807 loading class org/springframework/web/servlet/mvc/LastModified done
Event: 20.811 loading class org/apache/catalina/core/ApplicationContext$DispatchData
Event: 20.811 loading class org/apache/catalina/core/ApplicationContext$DispatchData done
Event: 20.812 loading class org/apache/catalina/core/ApplicationMapping$1
Event: 20.812 loading class org/apache/catalina/core/ApplicationMapping$1 done
Event: 20.812 loading class org/apache/catalina/core/ApplicationMapping$MappingImpl
Event: 20.812 loading class org/apache/catalina/core/ApplicationMapping$MappingImpl done
Event: 20.813 loading class javax/servlet/http/HttpServletMapping
Event: 20.813 loading class javax/servlet/http/HttpServletMapping done
Event: 20.814 loading class org/apache/catalina/core/ApplicationDispatcher$State
Event: 20.814 loading class org/apache/catalina/core/ApplicationDispatcher$State done
Event: 20.814 Executing VM operation: G1CollectForAllocation


Dynamic libraries:
0x00007ff627fb0000 - 0x00007ff627fbd000 	C:\Program Files\AdoptOpenJDK\jdk-11.0.6.10-hotspot\bin\java.exe
0x00007ffc3cb10000 - 0x00007ffc3cd06000 	C:\WINDOWS\SYSTEM32\ntdll.dll
0x00007ffc02030000 - 0x00007ffc02042000 	C:\Program Files\Avast Software\Avast\aswhook.dll
0x00007ffc3b610000 - 0x00007ffc3b6cd000 	C:\WINDOWS\System32\KERNEL32.DLL
0x00007ffc3a660000 - 0x00007ffc3a928000 	C:\WINDOWS\System32\KERNELBASE.dll
0x00007ffc3a500000 - 0x00007ffc3a600000 	C:\WINDOWS\System32\ucrtbase.dll
0x00007ffc35420000 - 0x00007ffc35437000 	C:\Program Files\AdoptOpenJDK\jdk-11.0.6.10-hotspot\bin\jli.dll
0x00007ffc3b340000 - 0x00007ffc3b4e0000 	C:\WINDOWS\System32\USER32.dll
0x00007ffc3a250000 - 0x00007ffc3a272000 	C:\WINDOWS\System32\win32u.dll
0x00007ffc3c200000 - 0x00007ffc3c22a000 	C:\WINDOWS\System32\GDI32.dll
0x00007ffc3aa60000 - 0x00007ffc3ab69000 	C:\WINDOWS\System32\gdi32full.dll
0x00007ffc3a460000 - 0x00007ffc3a4fd000 	C:\WINDOWS\System32\msvcp_win.dll
0x00007ffc34710000 - 0x00007ffc34726000 	C:\Program Files\AdoptOpenJDK\jdk-11.0.6.10-hotspot\bin\VCRUNTIME140.dll
0x00007ffc27e10000 - 0x00007ffc280ab000 	C:\WINDOWS\WinSxS\amd64_microsoft.windows.common-controls_6595b64144ccf1df_6.0.19041.488_none_ca04af081b815d21\COMCTL32.dll
0x00007ffc3b6d0000 - 0x00007ffc3b76e000 	C:\WINDOWS\System32\msvcrt.dll
0x00007ffc3caa0000 - 0x00007ffc3cad0000 	C:\WINDOWS\System32\IMM32.DLL
0x00007ffc32520000 - 0x00007ffc325bb000 	C:\Program Files\AdoptOpenJDK\jdk-11.0.6.10-hotspot\bin\msvcp140.dll
0x00007ffbe7bc0000 - 0x00007ffbe867c000 	C:\Program Files\AdoptOpenJDK\jdk-11.0.6.10-hotspot\bin\server\jvm.dll
0x00007ffc3bfd0000 - 0x00007ffc3c07c000 	C:\WINDOWS\System32\ADVAPI32.dll
0x00007ffc3c160000 - 0x00007ffc3c1fb000 	C:\WINDOWS\System32\sechost.dll
0x00007ffc3c8c0000 - 0x00007ffc3c9e4000 	C:\WINDOWS\System32\RPCRT4.dll
0x00007ffc3c8b0000 - 0x00007ffc3c8b8000 	C:\WINDOWS\System32\PSAPI.DLL
0x00007ffc28cd0000 - 0x00007ffc28cd9000 	C:\WINDOWS\SYSTEM32\WSOCK32.dll
0x00007ffc3c360000 - 0x00007ffc3c3cb000 	C:\WINDOWS\System32\WS2_32.dll
0x00007ffc2acf0000 - 0x00007ffc2ad17000 	C:\WINDOWS\SYSTEM32\WINMM.dll
0x00007ffc326e0000 - 0x00007ffc326ea000 	C:\WINDOWS\SYSTEM32\VERSION.dll
0x00007ffc38ea0000 - 0x00007ffc38eb2000 	C:\WINDOWS\SYSTEM32\kernel.appcore.dll
0x00007ffc37170000 - 0x00007ffc37180000 	C:\Program Files\AdoptOpenJDK\jdk-11.0.6.10-hotspot\bin\verify.dll
0x00007ffc38b10000 - 0x00007ffc38cf4000 	C:\WINDOWS\SYSTEM32\DBGHELP.DLL
0x00007ffc312f0000 - 0x00007ffc3131c000 	C:\WINDOWS\SYSTEM32\dbgcore.DLL
0x00007ffc3a930000 - 0x00007ffc3a9af000 	C:\WINDOWS\System32\bcryptPrimitives.dll
0x00007ffc34480000 - 0x00007ffc344a8000 	C:\Program Files\AdoptOpenJDK\jdk-11.0.6.10-hotspot\bin\java.dll
0x00007ffc341f0000 - 0x00007ffc341fe000 	C:\Program Files\AdoptOpenJDK\jdk-11.0.6.10-hotspot\bin\instrument.dll
0x00007ffc346e0000 - 0x00007ffc346f7000 	C:\Program Files\AdoptOpenJDK\jdk-11.0.6.10-hotspot\bin\zip.dll
0x00007ffc370d0000 - 0x00007ffc370da000 	C:\Program Files\AdoptOpenJDK\jdk-11.0.6.10-hotspot\bin\jimage.dll
0x00007ffc3abf0000 - 0x00007ffc3b331000 	C:\WINDOWS\System32\SHELL32.dll
0x00007ffc37fd0000 - 0x00007ffc38765000 	C:\WINDOWS\SYSTEM32\windows.storage.dll
0x00007ffc3b770000 - 0x00007ffc3bac5000 	C:\WINDOWS\System32\combase.dll
0x00007ffc39cc0000 - 0x00007ffc39cec000 	C:\WINDOWS\SYSTEM32\Wldp.dll
0x00007ffc3c9f0000 - 0x00007ffc3ca9e000 	C:\WINDOWS\System32\SHCORE.dll
0x00007ffc3c230000 - 0x00007ffc3c285000 	C:\WINDOWS\System32\shlwapi.dll
0x00007ffc3a180000 - 0x00007ffc3a1a6000 	C:\WINDOWS\SYSTEM32\profapi.dll
0x00007ffc34460000 - 0x00007ffc34479000 	C:\Program Files\AdoptOpenJDK\jdk-11.0.6.10-hotspot\bin\net.dll
0x00007ffc29f60000 - 0x00007ffc2a060000 	C:\WINDOWS\SYSTEM32\WINHTTP.dll
0x00007ffc39a40000 - 0x00007ffc39aaa000 	C:\WINDOWS\system32\mswsock.dll
0x00007ffc32cc0000 - 0x00007ffc32cd2000 	C:\Program Files\AdoptOpenJDK\jdk-11.0.6.10-hotspot\bin\nio.dll
0x00007ffc341d0000 - 0x00007ffc341ea000 	C:\Program Files\JetBrains\IntelliJ IDEA 2020.2.2.0\bin\breakgen64.dll
0x00007ffc39720000 - 0x00007ffc397eb000 	C:\WINDOWS\SYSTEM32\DNSAPI.dll
0x00007ffc396e0000 - 0x00007ffc3971b000 	C:\WINDOWS\SYSTEM32\IPHLPAPI.DLL
0x00007ffc3c640000 - 0x00007ffc3c648000 	C:\WINDOWS\System32\NSI.dll
0x00007ffc29ca0000 - 0x00007ffc29caa000 	C:\Windows\System32\rasadhlp.dll
0x00007ffc2a060000 - 0x00007ffc2a0df000 	C:\WINDOWS\System32\fwpuclnt.dll
0x00007ffc3a430000 - 0x00007ffc3a457000 	C:\WINDOWS\System32\bcrypt.dll
0x00007ffc34230000 - 0x00007ffc34239000 	C:\Program Files\AdoptOpenJDK\jdk-11.0.6.10-hotspot\bin\management.dll
0x00007ffc34220000 - 0x00007ffc3422b000 	C:\Program Files\AdoptOpenJDK\jdk-11.0.6.10-hotspot\bin\management_ext.dll
0x00007ffc39c10000 - 0x00007ffc39c28000 	C:\WINDOWS\SYSTEM32\CRYPTSP.dll
0x00007ffc39360000 - 0x00007ffc39394000 	C:\WINDOWS\system32\rsaenh.dll
0x00007ffc3a140000 - 0x00007ffc3a16e000 	C:\WINDOWS\SYSTEM32\USERENV.dll
0x00007ffc39c30000 - 0x00007ffc39c3c000 	C:\WINDOWS\SYSTEM32\CRYPTBASE.dll
0x00007ffc37e40000 - 0x00007ffc37e57000 	C:\WINDOWS\SYSTEM32\dhcpcsvc6.DLL
0x00007ffc37e20000 - 0x00007ffc37e3d000 	C:\WINDOWS\SYSTEM32\dhcpcsvc.DLL
0x00007ffc21ec0000 - 0x00007ffc21ed7000 	C:\WINDOWS\system32\napinsp.dll
0x00007ffc21ea0000 - 0x00007ffc21ebb000 	C:\WINDOWS\system32\pnrpnsp.dll
0x00007ffc21e80000 - 0x00007ffc21e95000 	C:\WINDOWS\system32\wshbth.dll
0x00007ffc364d0000 - 0x00007ffc364ed000 	C:\WINDOWS\system32\NLAapi.dll
0x00007ffc21370000 - 0x00007ffc21382000 	C:\WINDOWS\System32\winrnr.dll
0x00007ffc2ab00000 - 0x00007ffc2ab26000 	C:\Program Files\AdoptOpenJDK\jdk-11.0.6.10-hotspot\bin\sunec.dll
0x00007ffc337d0000 - 0x00007ffc337dd000 	C:\Program Files\AdoptOpenJDK\jdk-11.0.6.10-hotspot\bin\sunmscapi.dll
0x00007ffc3a2d0000 - 0x00007ffc3a42d000 	C:\WINDOWS\System32\CRYPT32.dll
0x00007ffc39d30000 - 0x00007ffc39d57000 	C:\WINDOWS\SYSTEM32\ncrypt.dll
0x00007ffc39cf0000 - 0x00007ffc39d2b000 	C:\WINDOWS\SYSTEM32\NTASN1.dll

dbghelp: loaded successfully - version: 4.0.5 - missing functions: none
symbol engine: initialized successfully - sym options: 0x614 - pdb path: .;C:\Program Files\AdoptOpenJDK\jdk-11.0.6.10-hotspot\bin;C:\WINDOWS\SYSTEM32;C:\Program Files\Avast Software\Avast;C:\WINDOWS\WinSxS\amd64_microsoft.windows.common-controls_6595b64144ccf1df_6.0.19041.488_none_ca04af081b815d21;C:\Program Files\AdoptOpenJDK\jdk-11.0.6.10-hotspot\bin\server;C:\Program Files\JetBrains\IntelliJ IDEA 2020.2.2.0\bin

VM Arguments:
jvm_args: -XX:TieredStopAtLevel=1 -Xverify:none -Dspring.output.ansi.enabled=always -Dcom.sun.management.jmxremote -Dspring.jmx.enabled=true -Dspring.liveBeansView.mbeanDomain -Dspring.application.admin.enabled=true -javaagent:C:\Program Files\JetBrains\IntelliJ IDEA 2020.2.2.0\lib\idea_rt.jar=49832:C:\Program Files\JetBrains\IntelliJ IDEA 2020.2.2.0\bin -Dfile.encoding=UTF-8 
java_command: pl.jmiernowski.LibraryApplication
java_class_path (initial): C:\Users\jmier\IdeaProjects\library\target\classes;C:\Users\jmier\.m2\repository\mysql\mysql-connector-java\8.0.22\mysql-connector-java-8.0.22.jar;C:\Users\jmier\.m2\repository\org\springframework\boot\spring-boot-starter-thymeleaf\2.3.5.RELEASE\spring-boot-starter-thymeleaf-2.3.5.RELEASE.jar;C:\Users\jmier\.m2\repository\org\springframework\boot\spring-boot-starter\2.3.5.RELEASE\spring-boot-starter-2.3.5.RELEASE.jar;C:\Users\jmier\.m2\repository\org\springframework\boot\spring-boot\2.3.5.RELEASE\spring-boot-2.3.5.RELEASE.jar;C:\Users\jmier\.m2\repository\org\springframework\boot\spring-boot-autoconfigure\2.3.5.RELEASE\spring-boot-autoconfigure-2.3.5.RELEASE.jar;C:\Users\jmier\.m2\repository\org\springframework\boot\spring-boot-starter-logging\2.3.5.RELEASE\spring-boot-starter-logging-2.3.5.RELEASE.jar;C:\Users\jmier\.m2\repository\ch\qos\logback\logback-classic\1.2.3\logback-classic-1.2.3.jar;C:\Users\jmier\.m2\repository\ch\qos\logback\logback-core\1.2.3\logback-core-1.2.3.jar;C:\Users\jmier\.m2\repository\org\apache\logging\log4j\log4j-to-slf4j\2.13.3\log4j-to-slf4j-2.13.3.jar;C:\Users\jmier\.m2\repository\org\apache\logging\log4j\log4j-api\2.13.3\log4j-api-2.13.3.jar;C:\Users\jmier\.m2\repository\org\slf4j\jul-to-slf4j\1.7.30\jul-to-slf4j-1.7.30.jar;C:\Users\jmier\.m2\repository\jakarta\annotation\jakarta.annotation-api\1.3.5\jakarta.annotation-api-1.3.5.jar;C:\Users\jmier\.m2\repository\org\yaml\snakeyaml\1.26\snakeyaml-1.26.jar;C:\Users\jmier\.m2\repository\org\thymeleaf\thymeleaf-spring5\3.0.11.RELEASE\thymeleaf-spring5-3.0.11.RELEASE.jar;C:\Users\jmier\.m2\repository\org\thymeleaf\thymeleaf\3.0.11.RELEASE\thymeleaf-3.0.11.RELEASE.jar;C:\Users\jmier\.m2\repository\org\attoparser\attoparser\2.0.5.RELEASE\attoparser-2.0.5.RELEASE.jar;C:\Users\jmier\.m2\repository\org\unbescape\unbescape\1.1.6.RELEASE\unbescape-1.1.6.RELEASE.jar;C:\Users\jmier\.m2\repository\org\thymeleaf\extras\thymeleaf-extras-java8time\3.0.4.RELEASE\thymeleaf-extr
Launcher Type: SUN_STANDARD

[Global flags]
     bool BytecodeVerificationLocal                = false                                     {product} {command line}
     bool BytecodeVerificationRemote               = false                                     {product} {command line}
     intx CICompilerCount                          = 4                                         {product} {ergonomic}
     uint ConcGCThreads                            = 2                                         {product} {ergonomic}
     uint G1ConcRefinementThreads                  = 8                                         {product} {ergonomic}
   size_t G1HeapRegionSize                         = 1048576                                   {product} {ergonomic}
    uintx GCDrainStackTargetSize                   = 64                                        {product} {ergonomic}
   size_t InitialHeapSize                          = 134217728                                 {product} {ergonomic}
     bool ManagementServer                         = true                                      {product} {command line}
   size_t MarkStackSize                            = 4194304                                   {product} {ergonomic}
   size_t MaxHeapSize                              = 2118123520                                {product} {ergonomic}
   size_t MaxNewSize                               = 1270874112                                {product} {ergonomic}
   size_t MinHeapDeltaBytes                        = 1048576                                   {product} {ergonomic}
    uintx NonNMethodCodeHeapSize                   = 7549744                                {pd product} {ergonomic}
    uintx NonProfiledCodeHeapSize                  = 244108496                              {pd product} {ergonomic}
    uintx ProfiledCodeHeapSize                     = 0                                      {pd product} {ergonomic}
    uintx ReservedCodeCacheSize                    = 251658240                              {pd product} {ergonomic}
     bool SegmentedCodeCache                       = true                                      {product} {ergonomic}
     intx TieredStopAtLevel                        = 1                                         {product} {command line}
     bool UseCompressedClassPointers               = true                                 {lp64_product} {ergonomic}
     bool UseCompressedOops                        = true                                 {lp64_product} {ergonomic}
     bool UseG1GC                                  = true                                      {product} {ergonomic}
     bool UseLargePagesIndividualAllocation        = false                                  {pd product} {ergonomic}

Logging:
Log output configuration:
 #0: stdout all=warning uptime,level,tags
 #1: stderr all=off uptime,level,tags

Environment Variables:
JAVA_HOME=C:\Program Files\AdoptOpenJDK\jdk-11.0.6.10-hotspot\
PATH=C:\Program Files\AdoptOpenJDK\jdk-11.0.6.10-hotspot\bin;C:\PROGRA~2\Borland\CBUILD~1\Bin;C:\PROGRA~2\Borland\CBUILD~1\Projects\Bpl;C:\Program Files (x86)\Intel\iCLS Client\;C:\Program Files\Intel\iCLS Client\;C:\WINDOWS\system32;C:\WINDOWS;C:\WINDOWS\System32\Wbem;C:\WINDOWS\System32\WindowsPowerShell\v1.0\;C:\Program Files (x86)\Intel\Intel(R) Management Engine Components\DAL;C:\Program Files\Intel\Intel(R) Management Engine Components\DAL;C:\Program Files (x86)\Intel\Intel(R) Management Engine Components\IPT;C:\Program Files\Intel\Intel(R) Management Engine Components\IPT;C:\WINDOWS\System32\OpenSSH\;C:\Program Files\Intel\WiFi\bin\;C:\Program Files\Common Files\Intel\WirelessCommon\;C:\Program Files\Git\cmd;C:\Users\jmier\Desktop\Java\apache-maven-3.6.3\bin;C:\Program Files (x86)\Microsoft SQL Server\150\DTS\Binn\;C:\Program Files\Microsoft SQL Server\Client SDK\ODBC\170\Tools\Binn\;C:\Program Files (x86)\Microsoft SQL Server\150\Tools\Binn\;C:\Program Files\Microsoft SQL Server\150\Tools\Binn\;C:\Program Files\Microsoft SQL Server\150\DTS\Binn\;C:\Program Files\nodejs\;C:\Program Files\MySQL\MySQL Shell 8.0\bin\;C:\Users\jmier\AppData\Local\Microsoft\WindowsApps;C:\Users\jmier\Desktop\Java\apache-maven-3.6.3\bin;C:\Users\jmier\AppData\Roaming\npm
USERNAME=jmier
OS=Windows_NT
PROCESSOR_IDENTIFIER=Intel64 Family 6 Model 142 Stepping 10, GenuineIntel



---------------  S Y S T E M  ---------------

OS: Windows 10 , 64 bit Build 19041 (10.0.19041.546)

CPU:total 8 (initial active 8) (4 cores per cpu, 2 threads per core) family 6 model 142 stepping 10, cmov, cx8, fxsr, mmx, sse, sse2, sse3, ssse3, sse4.1, sse4.2, popcnt, avx, avx2, aes, clmul, erms, 3dnowpref, lzcnt, ht, tsc, tscinvbit, bmi1, bmi2, adx, fma

Memory: 4k page, system-wide physical 8078M (405M free)
TotalPageFile size 12174M (AvailPageFile size 23M)
current process WorkingSet (physical memory assigned to process): 269M, peak: 269M
current process commit charge ("private bytes"): 338M, peak: 369M

vm_info: OpenJDK 64-Bit Server VM (11.0.6+10) for windows-amd64 JRE (11.0.6+10), built on Jan 15 2020 06:14:58 by "" with MS VC++ 15.8 (VS2017)

END.
