#
# There is insufficient memory for the Java Runtime Environment to continue.
# Native memory allocation (malloc) failed to allocate 32744 bytes for ChunkPool::allocate
# Possible reasons:
#   The system is out of physical RAM or swap space
#   The process is running with CompressedOops enabled, and the Java Heap may be blocking the growth of the native heap
# Possible solutions:
#   Reduce memory load on the system
#   Increase physical memory or swap space
#   Check if swap backing store is full
#   Decrease Java heap size (-Xmx/-Xms)
#   Decrease number of Java threads
#   Decrease Java thread stack sizes (-Xss)
#   Set larger code cache with -XX:ReservedCodeCacheSize=
#   JVM is running with Unscaled Compressed Oops mode in which the Java heap is
#     placed in the first 4GB address space. The Java Heap base address is the
#     maximum limit for the native heap growth. Please use -XX:HeapBaseMinAddress
#     to set the Java Heap base and to place the Java Heap above 4GB virtual address.
# This output file may be truncated or incomplete.
#
#  Out of Memory Error (c:/cygwin64/tmp/openjdk-jdk11u-windows-x64-hotspot/workspace/build/src/src/hotspot/share/memory/arena.cpp:81), pid=16180, tid=1684
#
# JRE version: OpenJDK Runtime Environment (11.0.6+10) (build 11.0.6+10)
# Java VM: OpenJDK 64-Bit Server VM (11.0.6+10, mixed mode, tiered, compressed oops, g1 gc, windows-amd64)
# No core dump will be written. Minidumps are not enabled by default on client versions of Windows
#

---------------  S U M M A R Y ------------

Command Line: -ea -Didea.test.cyclic.buffer.size=1048576 -javaagent:C:\Program Files\JetBrains\IntelliJ IDEA 2020.2.2.0\lib\idea_rt.jar=55797:C:\Program Files\JetBrains\IntelliJ IDEA 2020.2.2.0\bin -Dfile.encoding=UTF-8 com.intellij.rt.junit.JUnitStarter -ideVersion5 -junit5 pl.jmiernowski.web.book.BookControllerE2ETest,shouldDisplayUserBooks

Host: Intel(R) Core(TM) i5-8250U CPU @ 1.60GHz, 8 cores, 7G,  Windows 10 , 64 bit Build 19041 (10.0.19041.546)
Time: Sat Dec 12 02:28:06 2020 Œrodkowoeuropejski czas stand. elapsed time: 0 seconds (0d 0h 0m 0s)

---------------  T H R E A D  ---------------

Current thread (0x00000146c501c800):  JavaThread "C1 CompilerThread0" daemon [_thread_in_native, id=1684, stack(0x00000004aa800000,0x00000004aa900000)]


Current CompileTask:
C1:    919  730       3       java.net.URLStreamHandler::parseURL (1201 bytes)

Stack: [0x00000004aa800000,0x00000004aa900000]
Native frames: (J=compiled Java code, j=interpreted, Vv=VM code, C=native code)
V  [jvm.dll+0x5db25a]
V  [jvm.dll+0x7111de]
V  [jvm.dll+0x712877]
V  [jvm.dll+0x712f43]
V  [jvm.dll+0x23fe78]
V  [jvm.dll+0xb913b]
V  [jvm.dll+0xb949c]
V  [jvm.dll+0x10719c]
V  [jvm.dll+0x163286]
V  [jvm.dll+0x163f33]
V  [jvm.dll+0x11e795]
V  [jvm.dll+0x11e00f]
V  [jvm.dll+0x11e23f]
V  [jvm.dll+0x11d4e7]
V  [jvm.dll+0x11f3f7]
V  [jvm.dll+0x2080b7]
V  [jvm.dll+0x20639b]
V  [jvm.dll+0x6d70bc]
V  [jvm.dll+0x6d01ec]
V  [jvm.dll+0x5da1e6]
C  [ucrtbase.dll+0x214c2]
C  [KERNEL32.DLL+0x17034]
C  [ntdll.dll+0x4cec1]


---------------  P R O C E S S  ---------------

Threads class SMR info:
_java_thread_list=0x00000146c534d4e0, length=12, elements={
0x00000146a5785800, 0x00000146c468e800, 0x00000146c4697800, 0x00000146c5006800,
0x00000146c5008000, 0x00000146c500d000, 0x00000146c501c800, 0x00000146c46a8000,
0x00000146c51a7000, 0x00000146c53be800, 0x00000146c5456800, 0x00000146c52d0000
}

Java Threads: ( => current thread )
  0x00000146a5785800 JavaThread "main" [_thread_in_Java, id=13612, stack(0x00000004a9c00000,0x00000004a9d00000)]
  0x00000146c468e800 JavaThread "Reference Handler" daemon [_thread_blocked, id=17088, stack(0x00000004aa300000,0x00000004aa400000)]
  0x00000146c4697800 JavaThread "Finalizer" daemon [_thread_blocked, id=17372, stack(0x00000004aa400000,0x00000004aa500000)]
  0x00000146c5006800 JavaThread "Signal Dispatcher" daemon [_thread_blocked, id=6820, stack(0x00000004aa500000,0x00000004aa600000)]
  0x00000146c5008000 JavaThread "Attach Listener" daemon [_thread_blocked, id=2444, stack(0x00000004aa600000,0x00000004aa700000)]
  0x00000146c500d000 JavaThread "C2 CompilerThread0" daemon [_thread_in_native, id=10452, stack(0x00000004aa700000,0x00000004aa800000)]
=>0x00000146c501c800 JavaThread "C1 CompilerThread0" daemon [_thread_in_native, id=1684, stack(0x00000004aa800000,0x00000004aa900000)]
  0x00000146c46a8000 JavaThread "Sweeper thread" daemon [_thread_blocked, id=15788, stack(0x00000004aa900000,0x00000004aaa00000)]
  0x00000146c51a7000 JavaThread "Common-Cleaner" daemon [_thread_blocked, id=18860, stack(0x00000004aaa00000,0x00000004aab00000)]
  0x00000146c53be800 JavaThread "Monitor Ctrl-Break" daemon [_thread_in_native, id=3556, stack(0x00000004aab00000,0x00000004aac00000)]
  0x00000146c5456800 JavaThread "Service Thread" daemon [_thread_blocked, id=8828, stack(0x00000004aac00000,0x00000004aad00000)]
  0x00000146c52d0000 JavaThread "C2 CompilerThread1" daemon [_thread_in_native, id=12752, stack(0x00000004aae00000,0x00000004aaf00000)]

Other Threads:
  0x00000146c466b800 VMThread "VM Thread" [stack: 0x00000004aa200000,0x00000004aa300000] [id=3704]
  0x00000146c5576800 WatcherThread [stack: 0x00000004aad00000,0x00000004aae00000] [id=13200]
  0x00000146a579d000 GCTaskThread "GC Thread#0" [stack: 0x00000004a9d00000,0x00000004a9e00000] [id=11160]
  0x00000146a57cd800 ConcurrentGCThread "G1 Main Marker" [stack: 0x00000004a9e00000,0x00000004a9f00000] [id=10484]
  0x00000146a57d0800 ConcurrentGCThread "G1 Conc#0" [stack: 0x00000004a9f00000,0x00000004aa000000] [id=12584]
  0x00000146c44d4800 ConcurrentGCThread "G1 Refine#0" [stack: 0x00000004aa000000,0x00000004aa100000] [id=18892]
  0x00000146c44d7800 ConcurrentGCThread "G1 Young RemSet Sampling" [stack: 0x00000004aa100000,0x00000004aa200000] [id=2416]

Threads with active compile tasks:
C2 CompilerThread0    965  733  s!   4       jdk.internal.loader.URLClassPath::getLoader (194 bytes)
C1 CompilerThread0    965  730       3       java.net.URLStreamHandler::parseURL (1201 bytes)
C2 CompilerThread1    965  734       4       java.util.jar.JarFile::getEntry (22 bytes)

VM state:not at safepoint (normal execution)

VM Mutex/Monitor currently owned by a thread: None

Heap address: 0x0000000081c00000, size: 2020 MB, Compressed Oops mode: 32-bit
Narrow klass base: 0x0000000000000000, Narrow klass shift: 3
Compressed class space size: 1073741824 Address: 0x0000000100000000

Heap:
 garbage-first heap   total 131072K, used 17408K [0x0000000081c00000, 0x0000000100000000)
  region size 1024K, 18 young (18432K), 0 survivors (0K)
 Metaspace       used 9476K, capacity 9730K, committed 9984K, reserved 1058816K
  class space    used 907K, capacity 982K, committed 1024K, reserved 1048576K
Heap Regions: E=young(eden), S=young(survivor), O=old, HS=humongous(starts), HC=humongous(continues), CS=collection set, F=free, A=archive, TAMS=top-at-mark-start (previous, next)
|   0|0x0000000081c00000, 0x0000000081d00000, 0x0000000081d00000|100%|HS|  |TAMS 0x0000000081c00000, 0x0000000081c00000| Complete 
|   1|0x0000000081d00000, 0x0000000081d00000, 0x0000000081e00000|  0%| F|  |TAMS 0x0000000081d00000, 0x0000000081d00000| Untracked 
|   2|0x0000000081e00000, 0x0000000081e00000, 0x0000000081f00000|  0%| F|  |TAMS 0x0000000081e00000, 0x0000000081e00000| Untracked 
|   3|0x0000000081f00000, 0x0000000081f00000, 0x0000000082000000|  0%| F|  |TAMS 0x0000000081f00000, 0x0000000081f00000| Untracked 
|   4|0x0000000082000000, 0x0000000082000000, 0x0000000082100000|  0%| F|  |TAMS 0x0000000082000000, 0x0000000082000000| Untracked 
|   5|0x0000000082100000, 0x0000000082100000, 0x0000000082200000|  0%| F|  |TAMS 0x0000000082100000, 0x0000000082100000| Untracked 
|   6|0x0000000082200000, 0x0000000082200000, 0x0000000082300000|  0%| F|  |TAMS 0x0000000082200000, 0x0000000082200000| Untracked 
|   7|0x0000000082300000, 0x0000000082300000, 0x0000000082400000|  0%| F|  |TAMS 0x0000000082300000, 0x0000000082300000| Untracked 
|   8|0x0000000082400000, 0x0000000082400000, 0x0000000082500000|  0%| F|  |TAMS 0x0000000082400000, 0x0000000082400000| Untracked 
|   9|0x0000000082500000, 0x0000000082500000, 0x0000000082600000|  0%| F|  |TAMS 0x0000000082500000, 0x0000000082500000| Untracked 
|  10|0x0000000082600000, 0x0000000082600000, 0x0000000082700000|  0%| F|  |TAMS 0x0000000082600000, 0x0000000082600000| Untracked 
|  11|0x0000000082700000, 0x0000000082700000, 0x0000000082800000|  0%| F|  |TAMS 0x0000000082700000, 0x0000000082700000| Untracked 
|  12|0x0000000082800000, 0x0000000082800000, 0x0000000082900000|  0%| F|  |TAMS 0x0000000082800000, 0x0000000082800000| Untracked 
|  13|0x0000000082900000, 0x0000000082900000, 0x0000000082a00000|  0%| F|  |TAMS 0x0000000082900000, 0x0000000082900000| Untracked 
|  14|0x0000000082a00000, 0x0000000082a00000, 0x0000000082b00000|  0%| F|  |TAMS 0x0000000082a00000, 0x0000000082a00000| Untracked 
|  15|0x0000000082b00000, 0x0000000082b00000, 0x0000000082c00000|  0%| F|  |TAMS 0x0000000082b00000, 0x0000000082b00000| Untracked 
|  16|0x0000000082c00000, 0x0000000082c00000, 0x0000000082d00000|  0%| F|  |TAMS 0x0000000082c00000, 0x0000000082c00000| Untracked 
|  17|0x0000000082d00000, 0x0000000082d00000, 0x0000000082e00000|  0%| F|  |TAMS 0x0000000082d00000, 0x0000000082d00000| Untracked 
|  18|0x0000000082e00000, 0x0000000082e00000, 0x0000000082f00000|  0%| F|  |TAMS 0x0000000082e00000, 0x0000000082e00000| Untracked 
|  19|0x0000000082f00000, 0x0000000082f00000, 0x0000000083000000|  0%| F|  |TAMS 0x0000000082f00000, 0x0000000082f00000| Untracked 
|  20|0x0000000083000000, 0x0000000083000000, 0x0000000083100000|  0%| F|  |TAMS 0x0000000083000000, 0x0000000083000000| Untracked 
|  21|0x0000000083100000, 0x0000000083100000, 0x0000000083200000|  0%| F|  |TAMS 0x0000000083100000, 0x0000000083100000| Untracked 
|  22|0x0000000083200000, 0x0000000083200000, 0x0000000083300000|  0%| F|  |TAMS 0x0000000083200000, 0x0000000083200000| Untracked 
|  23|0x0000000083300000, 0x0000000083300000, 0x0000000083400000|  0%| F|  |TAMS 0x0000000083300000, 0x0000000083300000| Untracked 
|  24|0x0000000083400000, 0x0000000083400000, 0x0000000083500000|  0%| F|  |TAMS 0x0000000083400000, 0x0000000083400000| Untracked 
|  25|0x0000000083500000, 0x0000000083500000, 0x0000000083600000|  0%| F|  |TAMS 0x0000000083500000, 0x0000000083500000| Untracked 
|  26|0x0000000083600000, 0x0000000083600000, 0x0000000083700000|  0%| F|  |TAMS 0x0000000083600000, 0x0000000083600000| Untracked 
|  27|0x0000000083700000, 0x0000000083700000, 0x0000000083800000|  0%| F|  |TAMS 0x0000000083700000, 0x0000000083700000| Untracked 
|  28|0x0000000083800000, 0x0000000083800000, 0x0000000083900000|  0%| F|  |TAMS 0x0000000083800000, 0x0000000083800000| Untracked 
|  29|0x0000000083900000, 0x0000000083900000, 0x0000000083a00000|  0%| F|  |TAMS 0x0000000083900000, 0x0000000083900000| Untracked 
|  30|0x0000000083a00000, 0x0000000083a00000, 0x0000000083b00000|  0%| F|  |TAMS 0x0000000083a00000, 0x0000000083a00000| Untracked 
|  31|0x0000000083b00000, 0x0000000083b00000, 0x0000000083c00000|  0%| F|  |TAMS 0x0000000083b00000, 0x0000000083b00000| Untracked 
|  32|0x0000000083c00000, 0x0000000083c00000, 0x0000000083d00000|  0%| F|  |TAMS 0x0000000083c00000, 0x0000000083c00000| Untracked 
|  33|0x0000000083d00000, 0x0000000083d00000, 0x0000000083e00000|  0%| F|  |TAMS 0x0000000083d00000, 0x0000000083d00000| Untracked 
|  34|0x0000000083e00000, 0x0000000083e00000, 0x0000000083f00000|  0%| F|  |TAMS 0x0000000083e00000, 0x0000000083e00000| Untracked 
|  35|0x0000000083f00000, 0x0000000083f00000, 0x0000000084000000|  0%| F|  |TAMS 0x0000000083f00000, 0x0000000083f00000| Untracked 
|  36|0x0000000084000000, 0x0000000084000000, 0x0000000084100000|  0%| F|  |TAMS 0x0000000084000000, 0x0000000084000000| Untracked 
|  37|0x0000000084100000, 0x0000000084100000, 0x0000000084200000|  0%| F|  |TAMS 0x0000000084100000, 0x0000000084100000| Untracked 
|  38|0x0000000084200000, 0x0000000084200000, 0x0000000084300000|  0%| F|  |TAMS 0x0000000084200000, 0x0000000084200000| Untracked 
|  39|0x0000000084300000, 0x0000000084300000, 0x0000000084400000|  0%| F|  |TAMS 0x0000000084300000, 0x0000000084300000| Untracked 
|  40|0x0000000084400000, 0x0000000084400000, 0x0000000084500000|  0%| F|  |TAMS 0x0000000084400000, 0x0000000084400000| Untracked 
|  41|0x0000000084500000, 0x0000000084500000, 0x0000000084600000|  0%| F|  |TAMS 0x0000000084500000, 0x0000000084500000| Untracked 
|  42|0x0000000084600000, 0x0000000084600000, 0x0000000084700000|  0%| F|  |TAMS 0x0000000084600000, 0x0000000084600000| Untracked 
|  43|0x0000000084700000, 0x0000000084700000, 0x0000000084800000|  0%| F|  |TAMS 0x0000000084700000, 0x0000000084700000| Untracked 
|  44|0x0000000084800000, 0x0000000084800000, 0x0000000084900000|  0%| F|  |TAMS 0x0000000084800000, 0x0000000084800000| Untracked 
|  45|0x0000000084900000, 0x0000000084900000, 0x0000000084a00000|  0%| F|  |TAMS 0x0000000084900000, 0x0000000084900000| Untracked 
|  46|0x0000000084a00000, 0x0000000084a00000, 0x0000000084b00000|  0%| F|  |TAMS 0x0000000084a00000, 0x0000000084a00000| Untracked 
|  47|0x0000000084b00000, 0x0000000084b00000, 0x0000000084c00000|  0%| F|  |TAMS 0x0000000084b00000, 0x0000000084b00000| Untracked 
|  48|0x0000000084c00000, 0x0000000084c00000, 0x0000000084d00000|  0%| F|  |TAMS 0x0000000084c00000, 0x0000000084c00000| Untracked 
|  49|0x0000000084d00000, 0x0000000084d00000, 0x0000000084e00000|  0%| F|  |TAMS 0x0000000084d00000, 0x0000000084d00000| Untracked 
|  50|0x0000000084e00000, 0x0000000084e00000, 0x0000000084f00000|  0%| F|  |TAMS 0x0000000084e00000, 0x0000000084e00000| Untracked 
|  51|0x0000000084f00000, 0x0000000084f00000, 0x0000000085000000|  0%| F|  |TAMS 0x0000000084f00000, 0x0000000084f00000| Untracked 
|  52|0x0000000085000000, 0x0000000085000000, 0x0000000085100000|  0%| F|  |TAMS 0x0000000085000000, 0x0000000085000000| Untracked 
|  53|0x0000000085100000, 0x0000000085100000, 0x0000000085200000|  0%| F|  |TAMS 0x0000000085100000, 0x0000000085100000| Untracked 
|  54|0x0000000085200000, 0x0000000085200000, 0x0000000085300000|  0%| F|  |TAMS 0x0000000085200000, 0x0000000085200000| Untracked 
|  55|0x0000000085300000, 0x0000000085300000, 0x0000000085400000|  0%| F|  |TAMS 0x0000000085300000, 0x0000000085300000| Untracked 
|  56|0x0000000085400000, 0x0000000085400000, 0x0000000085500000|  0%| F|  |TAMS 0x0000000085400000, 0x0000000085400000| Untracked 
|  57|0x0000000085500000, 0x0000000085500000, 0x0000000085600000|  0%| F|  |TAMS 0x0000000085500000, 0x0000000085500000| Untracked 
|  58|0x0000000085600000, 0x0000000085600000, 0x0000000085700000|  0%| F|  |TAMS 0x0000000085600000, 0x0000000085600000| Untracked 
|  59|0x0000000085700000, 0x0000000085700000, 0x0000000085800000|  0%| F|  |TAMS 0x0000000085700000, 0x0000000085700000| Untracked 
|  60|0x0000000085800000, 0x0000000085800000, 0x0000000085900000|  0%| F|  |TAMS 0x0000000085800000, 0x0000000085800000| Untracked 
|  61|0x0000000085900000, 0x0000000085900000, 0x0000000085a00000|  0%| F|  |TAMS 0x0000000085900000, 0x0000000085900000| Untracked 
|  62|0x0000000085a00000, 0x0000000085a00000, 0x0000000085b00000|  0%| F|  |TAMS 0x0000000085a00000, 0x0000000085a00000| Untracked 
|  63|0x0000000085b00000, 0x0000000085b00000, 0x0000000085c00000|  0%| F|  |TAMS 0x0000000085b00000, 0x0000000085b00000| Untracked 
|  64|0x0000000085c00000, 0x0000000085c00000, 0x0000000085d00000|  0%| F|  |TAMS 0x0000000085c00000, 0x0000000085c00000| Untracked 
|  65|0x0000000085d00000, 0x0000000085d00000, 0x0000000085e00000|  0%| F|  |TAMS 0x0000000085d00000, 0x0000000085d00000| Untracked 
|  66|0x0000000085e00000, 0x0000000085e00000, 0x0000000085f00000|  0%| F|  |TAMS 0x0000000085e00000, 0x0000000085e00000| Untracked 
|  67|0x0000000085f00000, 0x0000000085f00000, 0x0000000086000000|  0%| F|  |TAMS 0x0000000085f00000, 0x0000000085f00000| Untracked 
|  68|0x0000000086000000, 0x0000000086000000, 0x0000000086100000|  0%| F|  |TAMS 0x0000000086000000, 0x0000000086000000| Untracked 
|  69|0x0000000086100000, 0x0000000086100000, 0x0000000086200000|  0%| F|  |TAMS 0x0000000086100000, 0x0000000086100000| Untracked 
|  70|0x0000000086200000, 0x0000000086200000, 0x0000000086300000|  0%| F|  |TAMS 0x0000000086200000, 0x0000000086200000| Untracked 
|  71|0x0000000086300000, 0x0000000086300000, 0x0000000086400000|  0%| F|  |TAMS 0x0000000086300000, 0x0000000086300000| Untracked 
|  72|0x0000000086400000, 0x0000000086400000, 0x0000000086500000|  0%| F|  |TAMS 0x0000000086400000, 0x0000000086400000| Untracked 
|  73|0x0000000086500000, 0x0000000086500000, 0x0000000086600000|  0%| F|  |TAMS 0x0000000086500000, 0x0000000086500000| Untracked 
|  74|0x0000000086600000, 0x0000000086600000, 0x0000000086700000|  0%| F|  |TAMS 0x0000000086600000, 0x0000000086600000| Untracked 
|  75|0x0000000086700000, 0x0000000086700000, 0x0000000086800000|  0%| F|  |TAMS 0x0000000086700000, 0x0000000086700000| Untracked 
|  76|0x0000000086800000, 0x0000000086800000, 0x0000000086900000|  0%| F|  |TAMS 0x0000000086800000, 0x0000000086800000| Untracked 
|  77|0x0000000086900000, 0x0000000086900000, 0x0000000086a00000|  0%| F|  |TAMS 0x0000000086900000, 0x0000000086900000| Untracked 
|  78|0x0000000086a00000, 0x0000000086a00000, 0x0000000086b00000|  0%| F|  |TAMS 0x0000000086a00000, 0x0000000086a00000| Untracked 
|  79|0x0000000086b00000, 0x0000000086b00000, 0x0000000086c00000|  0%| F|  |TAMS 0x0000000086b00000, 0x0000000086b00000| Untracked 
|  80|0x0000000086c00000, 0x0000000086c00000, 0x0000000086d00000|  0%| F|  |TAMS 0x0000000086c00000, 0x0000000086c00000| Untracked 
|  81|0x0000000086d00000, 0x0000000086d00000, 0x0000000086e00000|  0%| F|  |TAMS 0x0000000086d00000, 0x0000000086d00000| Untracked 
|  82|0x0000000086e00000, 0x0000000086e00000, 0x0000000086f00000|  0%| F|  |TAMS 0x0000000086e00000, 0x0000000086e00000| Untracked 
|  83|0x0000000086f00000, 0x0000000086f00000, 0x0000000087000000|  0%| F|  |TAMS 0x0000000086f00000, 0x0000000086f00000| Untracked 
|  84|0x0000000087000000, 0x0000000087000000, 0x0000000087100000|  0%| F|  |TAMS 0x0000000087000000, 0x0000000087000000| Untracked 
|  85|0x0000000087100000, 0x0000000087100000, 0x0000000087200000|  0%| F|  |TAMS 0x0000000087100000, 0x0000000087100000| Untracked 
|  86|0x0000000087200000, 0x0000000087200000, 0x0000000087300000|  0%| F|  |TAMS 0x0000000087200000, 0x0000000087200000| Untracked 
|  87|0x0000000087300000, 0x0000000087300000, 0x0000000087400000|  0%| F|  |TAMS 0x0000000087300000, 0x0000000087300000| Untracked 
|  88|0x0000000087400000, 0x0000000087400000, 0x0000000087500000|  0%| F|  |TAMS 0x0000000087400000, 0x0000000087400000| Untracked 
|  89|0x0000000087500000, 0x0000000087500000, 0x0000000087600000|  0%| F|  |TAMS 0x0000000087500000, 0x0000000087500000| Untracked 
|  90|0x0000000087600000, 0x0000000087600000, 0x0000000087700000|  0%| F|  |TAMS 0x0000000087600000, 0x0000000087600000| Untracked 
|  91|0x0000000087700000, 0x0000000087700000, 0x0000000087800000|  0%| F|  |TAMS 0x0000000087700000, 0x0000000087700000| Untracked 
|  92|0x0000000087800000, 0x0000000087800000, 0x0000000087900000|  0%| F|  |TAMS 0x0000000087800000, 0x0000000087800000| Untracked 
|  93|0x0000000087900000, 0x0000000087900000, 0x0000000087a00000|  0%| F|  |TAMS 0x0000000087900000, 0x0000000087900000| Untracked 
|  94|0x0000000087a00000, 0x0000000087a00000, 0x0000000087b00000|  0%| F|  |TAMS 0x0000000087a00000, 0x0000000087a00000| Untracked 
|  95|0x0000000087b00000, 0x0000000087b00000, 0x0000000087c00000|  0%| F|  |TAMS 0x0000000087b00000, 0x0000000087b00000| Untracked 
|  96|0x0000000087c00000, 0x0000000087c00000, 0x0000000087d00000|  0%| F|  |TAMS 0x0000000087c00000, 0x0000000087c00000| Untracked 
|  97|0x0000000087d00000, 0x0000000087d00000, 0x0000000087e00000|  0%| F|  |TAMS 0x0000000087d00000, 0x0000000087d00000| Untracked 
|  98|0x0000000087e00000, 0x0000000087e00000, 0x0000000087f00000|  0%| F|  |TAMS 0x0000000087e00000, 0x0000000087e00000| Untracked 
|  99|0x0000000087f00000, 0x0000000087f00000, 0x0000000088000000|  0%| F|  |TAMS 0x0000000087f00000, 0x0000000087f00000| Untracked 
| 100|0x0000000088000000, 0x0000000088000000, 0x0000000088100000|  0%| F|  |TAMS 0x0000000088000000, 0x0000000088000000| Untracked 
| 101|0x0000000088100000, 0x0000000088100000, 0x0000000088200000|  0%| F|  |TAMS 0x0000000088100000, 0x0000000088100000| Untracked 
| 102|0x0000000088200000, 0x0000000088200000, 0x0000000088300000|  0%| F|  |TAMS 0x0000000088200000, 0x0000000088200000| Untracked 
| 103|0x0000000088300000, 0x0000000088300000, 0x0000000088400000|  0%| F|  |TAMS 0x0000000088300000, 0x0000000088300000| Untracked 
| 104|0x0000000088400000, 0x0000000088400000, 0x0000000088500000|  0%| F|  |TAMS 0x0000000088400000, 0x0000000088400000| Untracked 
| 105|0x0000000088500000, 0x0000000088500000, 0x0000000088600000|  0%| F|  |TAMS 0x0000000088500000, 0x0000000088500000| Untracked 
| 106|0x0000000088600000, 0x0000000088600000, 0x0000000088700000|  0%| F|  |TAMS 0x0000000088600000, 0x0000000088600000| Untracked 
| 107|0x0000000088700000, 0x0000000088700000, 0x0000000088800000|  0%| F|  |TAMS 0x0000000088700000, 0x0000000088700000| Untracked 
| 108|0x0000000088800000, 0x0000000088800000, 0x0000000088900000|  0%| F|  |TAMS 0x0000000088800000, 0x0000000088800000| Untracked 
| 109|0x0000000088900000, 0x0000000088900000, 0x0000000088a00000|  0%| F|  |TAMS 0x0000000088900000, 0x0000000088900000| Untracked 
| 110|0x0000000088a00000, 0x0000000088af64e8, 0x0000000088b00000| 96%| E|  |TAMS 0x0000000088a00000, 0x0000000088a00000| Complete 
| 111|0x0000000088b00000, 0x0000000088c00000, 0x0000000088c00000|100%| E|CS|TAMS 0x0000000088b00000, 0x0000000088b00000| Complete 
| 112|0x0000000088c00000, 0x0000000088d00000, 0x0000000088d00000|100%| E|CS|TAMS 0x0000000088c00000, 0x0000000088c00000| Complete 
| 113|0x0000000088d00000, 0x0000000088e00000, 0x0000000088e00000|100%| E|CS|TAMS 0x0000000088d00000, 0x0000000088d00000| Complete 
| 114|0x0000000088e00000, 0x0000000088f00000, 0x0000000088f00000|100%| E|CS|TAMS 0x0000000088e00000, 0x0000000088e00000| Complete 
| 115|0x0000000088f00000, 0x0000000089000000, 0x0000000089000000|100%| E|CS|TAMS 0x0000000088f00000, 0x0000000088f00000| Complete 
| 116|0x0000000089000000, 0x0000000089100000, 0x0000000089100000|100%| E|CS|TAMS 0x0000000089000000, 0x0000000089000000| Complete 
| 117|0x0000000089100000, 0x0000000089200000, 0x0000000089200000|100%| E|  |TAMS 0x0000000089100000, 0x0000000089100000| Complete 
| 118|0x0000000089200000, 0x0000000089300000, 0x0000000089300000|100%| E|CS|TAMS 0x0000000089200000, 0x0000000089200000| Complete 
| 119|0x0000000089300000, 0x0000000089400000, 0x0000000089400000|100%| E|CS|TAMS 0x0000000089300000, 0x0000000089300000| Complete 
| 120|0x0000000089400000, 0x0000000089500000, 0x0000000089500000|100%| E|CS|TAMS 0x0000000089400000, 0x0000000089400000| Complete 
| 121|0x0000000089500000, 0x0000000089600000, 0x0000000089600000|100%| E|CS|TAMS 0x0000000089500000, 0x0000000089500000| Complete 
| 122|0x0000000089600000, 0x0000000089700000, 0x0000000089700000|100%| E|CS|TAMS 0x0000000089600000, 0x0000000089600000| Complete 
| 123|0x0000000089700000, 0x0000000089800000, 0x0000000089800000|100%| E|CS|TAMS 0x0000000089700000, 0x0000000089700000| Complete 
| 124|0x0000000089800000, 0x0000000089900000, 0x0000000089900000|100%| E|CS|TAMS 0x0000000089800000, 0x0000000089800000| Complete 
| 125|0x0000000089900000, 0x0000000089a00000, 0x0000000089a00000|100%| E|CS|TAMS 0x0000000089900000, 0x0000000089900000| Complete 
| 126|0x0000000089a00000, 0x0000000089b00000, 0x0000000089b00000|100%| E|CS|TAMS 0x0000000089a00000, 0x0000000089a00000| Complete 
| 127|0x0000000089b00000, 0x0000000089c00000, 0x0000000089c00000|100%| E|CS|TAMS 0x0000000089b00000, 0x0000000089b00000| Complete 

Card table byte_map: [0x00000146bd500000,0x00000146bd900000] _byte_map_base: 0x00000146bd0f2000

Marking Bits (Prev, Next): (CMBitMap*) 0x00000146a379e7a8, (CMBitMap*) 0x00000146a379e7e0
 Prev Bits: [0x00000146bdd00000, 0x00000146bfc90000)
 Next Bits: [0x00000146bfc90000, 0x00000146c1c20000)

Polling page: 0x00000146a4f50000

Metaspace:

Usage:
  Non-class:      8.54 MB capacity,     8.38 MB ( 98%) used,   154.56 KB (  2%) free+waste,    12.56 KB ( <1%) overhead. 
      Class:    982.00 KB capacity,   910.40 KB ( 93%) used,    65.73 KB (  7%) free+waste,     5.88 KB ( <1%) overhead. 
       Both:      9.50 MB capacity,     9.27 MB ( 98%) used,   220.29 KB (  2%) free+waste,    18.44 KB ( <1%) overhead. 

Virtual space:
  Non-class space:       10.00 MB reserved,       8.75 MB ( 88%) committed 
      Class space:        1.00 GB reserved,       1.00 MB ( <1%) committed 
             Both:        1.01 GB reserved,       9.75 MB ( <1%) committed 

Chunk freelists:
   Non-Class:  20.00 KB
       Class:  10.00 KB
        Both:  30.00 KB

MaxMetaspaceSize: 17179869184.00 GB
CompressedClassSpaceSize: 1.00 GB

CodeHeap 'non-profiled nmethods': size=120000Kb used=257Kb max_used=257Kb free=119742Kb
 bounds [0x00000146b58a0000, 0x00000146b5b10000, 0x00000146bcdd0000]
CodeHeap 'profiled nmethods': size=120000Kb used=1213Kb max_used=1213Kb free=118786Kb
 bounds [0x00000146ae370000, 0x00000146ae5e0000, 0x00000146b58a0000]
CodeHeap 'non-nmethods': size=5760Kb used=1066Kb max_used=1096Kb free=4693Kb
 bounds [0x00000146addd0000, 0x00000146ae040000, 0x00000146ae370000]
 total_blobs=1561 nmethods=729 adapters=273
 compilation: enabled
              stopped_count=0, restarted_count=0
 full_count=0

Compilation events (20 events):
Event: 0.890 Thread 0x00000146c501c800 nmethod 721 0x00000146ae49ce90 code [0x00000146ae49d040, 0x00000146ae49d1f8]
Event: 0.891 Thread 0x00000146c501c800  722       3       java.util.Arrays::hashCode (56 bytes)
Event: 0.891 Thread 0x00000146c52d0000  723       4       sun.reflect.generics.parser.SignatureParser::current (59 bytes)
Event: 0.891 Thread 0x00000146c501c800 nmethod 722 0x00000146ae49d290 code [0x00000146ae49d460, 0x00000146ae49d7f0]
Event: 0.892 Thread 0x00000146c52d0000 nmethod 723 0x00000146b58dfa10 code [0x00000146b58dfbc0, 0x00000146b58dfcc8]
Event: 0.892 Thread 0x00000146c501c800  724       3       jdk.internal.reflect.ClassFileAssembler::emitByte (11 bytes)
Event: 0.892 Thread 0x00000146c501c800 nmethod 724 0x00000146ae49d910 code [0x00000146ae49dae0, 0x00000146ae49dcd0]
Event: 0.892 Thread 0x00000146c501c800  725       3       jdk.internal.reflect.ByteVectorImpl::add (38 bytes)
Event: 0.893 Thread 0x00000146c501c800 nmethod 725 0x00000146ae49dd90 code [0x00000146ae49df60, 0x00000146ae49e190]
Event: 0.897 Thread 0x00000146c501c800  726       3       java.lang.String::getChars (54 bytes)
Event: 0.898 Thread 0x00000146c501c800 nmethod 726 0x00000146ae49e290 code [0x00000146ae49e4a0, 0x00000146ae49e9c0]
Event: 0.898 Thread 0x00000146c501c800  727       3       java.lang.StringLatin1::getChars (12 bytes)
Event: 0.899 Thread 0x00000146c501c800 nmethod 727 0x00000146ae49ec10 code [0x00000146ae49ede0, 0x00000146ae49f098]
Event: 0.899 Thread 0x00000146c52d0000  728       4       java.lang.StringLatin1::indexOf (121 bytes)
Event: 0.901 Thread 0x00000146c501c800  729       3       sun.net.www.protocol.file.Handler::parseURL (18 bytes)
Event: 0.901 Thread 0x00000146c501c800 nmethod 729 0x00000146ae49f290 code [0x00000146ae49f460, 0x00000146ae49f660]
Event: 0.901 Thread 0x00000146c501c800  730       3       java.net.URLStreamHandler::parseURL (1201 bytes)
Event: 0.903 Thread 0x00000146c500d000  733  s!   4       jdk.internal.loader.URLClassPath::getLoader (194 bytes)
Event: 0.909 Thread 0x00000146c52d0000 nmethod 728 0x00000146b58dfe10 code [0x00000146b58dffc0, 0x00000146b58e0478]
Event: 0.909 Thread 0x00000146c52d0000  734       4       java.util.jar.JarFile::getEntry (22 bytes)

GC Heap History (0 events):
No events

Deoptimization events (20 events):
Event: 0.817 Thread 0x00000146a5785800 DEOPT PACKING pc=0x00000146b58bc5b8 sp=0x00000004a9cfc250
Event: 0.817 Thread 0x00000146a5785800 DEOPT UNPACKING pc=0x00000146addf8f2f sp=0x00000004a9cfc1f0 mode 2
Event: 0.868 Thread 0x00000146a5785800 Uncommon trap: trap_request=0xffffffde fr.pc=0x00000146b58d6b04 relative=0x0000000000000e44
Event: 0.868 Thread 0x00000146a5785800 Uncommon trap: reason=class_check action=maybe_recompile pc=0x00000146b58d6b04 method=java.util.HashMap.putVal(ILjava/lang/Object;Ljava/lang/Object;ZZ)Ljava/lang/Object; @ 253 c2
Event: 0.868 Thread 0x00000146a5785800 DEOPT PACKING pc=0x00000146b58d6b04 sp=0x00000004a9cfe870
Event: 0.868 Thread 0x00000146a5785800 DEOPT UNPACKING pc=0x00000146addf8f2f sp=0x00000004a9cfe7c8 mode 2
Event: 0.868 Thread 0x00000146a5785800 Uncommon trap: trap_request=0xffffffde fr.pc=0x00000146b58d6b04 relative=0x0000000000000e44
Event: 0.868 Thread 0x00000146a5785800 Uncommon trap: reason=class_check action=maybe_recompile pc=0x00000146b58d6b04 method=java.util.HashMap.putVal(ILjava/lang/Object;Ljava/lang/Object;ZZ)Ljava/lang/Object; @ 253 c2
Event: 0.868 Thread 0x00000146a5785800 DEOPT PACKING pc=0x00000146b58d6b04 sp=0x00000004a9cfe870
Event: 0.868 Thread 0x00000146a5785800 DEOPT UNPACKING pc=0x00000146addf8f2f sp=0x00000004a9cfe7c8 mode 2
Event: 0.869 Thread 0x00000146a5785800 Uncommon trap: trap_request=0xffffffde fr.pc=0x00000146b58d823c relative=0x0000000000000d7c
Event: 0.869 Thread 0x00000146a5785800 Uncommon trap: reason=class_check action=maybe_recompile pc=0x00000146b58d823c method=java.util.HashMap.putVal(ILjava/lang/Object;Ljava/lang/Object;ZZ)Ljava/lang/Object; @ 203 c2
Event: 0.869 Thread 0x00000146a5785800 DEOPT PACKING pc=0x00000146b58d823c sp=0x00000004a9cfc550
Event: 0.869 Thread 0x00000146a5785800 DEOPT UNPACKING pc=0x00000146addf8f2f sp=0x00000004a9cfc520 mode 2
Event: 0.875 Thread 0x00000146a5785800 Uncommon trap: trap_request=0xffffffde fr.pc=0x00000146b58d81b4 relative=0x0000000000000cf4
Event: 0.875 Thread 0x00000146a5785800 Uncommon trap: reason=class_check action=maybe_recompile pc=0x00000146b58d81b4 method=java.util.HashMap.putVal(ILjava/lang/Object;Ljava/lang/Object;ZZ)Ljava/lang/Object; @ 253 c2
Event: 0.875 Thread 0x00000146a5785800 DEOPT PACKING pc=0x00000146b58d81b4 sp=0x00000004a9cfe840
Event: 0.875 Thread 0x00000146a5785800 DEOPT UNPACKING pc=0x00000146addf8f2f sp=0x00000004a9cfe7e0 mode 2
Event: 0.899 Thread 0x00000146a5785800 DEOPT PACKING pc=0x00000146ae38c37f sp=0x00000004a9cf9750
Event: 0.899 Thread 0x00000146a5785800 DEOPT UNPACKING pc=0x00000146addf8d4e sp=0x00000004a9cf8bc8 mode 0

Classes redefined (0 events):
No events

Internal exceptions (11 events):
Event: 0.645 Thread 0x00000146a5785800 Exception <a 'java/lang/NoSuchMethodError'{0x00000000892b7cb0}: 'java.lang.Object java.lang.invoke.DirectMethodHandle$Holder.invokeStaticInit(java.lang.Object, int)'> (0x00000000892b7cb0) thrown at [c:/cygwin64/tmp/openjdk-jdk11u-windows-x64-hotspot/works
Event: 0.735 Thread 0x00000146a5785800 Exception <a 'java/security/PrivilegedActionException'{0x0000000088f8d448}> (0x0000000088f8d448) thrown at [c:/cygwin64/tmp/openjdk-jdk11u-windows-x64-hotspot/workspace/build/src/src/hotspot/share/prims/jvm.cpp, line 1297]
Event: 0.735 Thread 0x00000146a5785800 Exception <a 'java/security/PrivilegedActionException'{0x0000000088f8d9c0}> (0x0000000088f8d9c0) thrown at [c:/cygwin64/tmp/openjdk-jdk11u-windows-x64-hotspot/workspace/build/src/src/hotspot/share/prims/jvm.cpp, line 1297]
Event: 0.735 Thread 0x00000146a5785800 Exception <a 'java/security/PrivilegedActionException'{0x0000000088f8eb58}> (0x0000000088f8eb58) thrown at [c:/cygwin64/tmp/openjdk-jdk11u-windows-x64-hotspot/workspace/build/src/src/hotspot/share/prims/jvm.cpp, line 1297]
Event: 0.735 Thread 0x00000146a5785800 Exception <a 'java/security/PrivilegedActionException'{0x0000000088f8f0d0}> (0x0000000088f8f0d0) thrown at [c:/cygwin64/tmp/openjdk-jdk11u-windows-x64-hotspot/workspace/build/src/src/hotspot/share/prims/jvm.cpp, line 1297]
Event: 0.735 Thread 0x00000146a5785800 Exception <a 'java/security/PrivilegedActionException'{0x0000000088f90270}> (0x0000000088f90270) thrown at [c:/cygwin64/tmp/openjdk-jdk11u-windows-x64-hotspot/workspace/build/src/src/hotspot/share/prims/jvm.cpp, line 1297]
Event: 0.735 Thread 0x00000146a5785800 Exception <a 'java/security/PrivilegedActionException'{0x0000000088f907e8}> (0x0000000088f907e8) thrown at [c:/cygwin64/tmp/openjdk-jdk11u-windows-x64-hotspot/workspace/build/src/src/hotspot/share/prims/jvm.cpp, line 1297]
Event: 0.735 Thread 0x00000146a5785800 Exception <a 'java/security/PrivilegedActionException'{0x0000000088f919d8}> (0x0000000088f919d8) thrown at [c:/cygwin64/tmp/openjdk-jdk11u-windows-x64-hotspot/workspace/build/src/src/hotspot/share/prims/jvm.cpp, line 1297]
Event: 0.735 Thread 0x00000146a5785800 Exception <a 'java/security/PrivilegedActionException'{0x0000000088f91f50}> (0x0000000088f91f50) thrown at [c:/cygwin64/tmp/openjdk-jdk11u-windows-x64-hotspot/workspace/build/src/src/hotspot/share/prims/jvm.cpp, line 1297]
Event: 0.735 Thread 0x00000146a5785800 Exception <a 'java/security/PrivilegedActionException'{0x0000000088f93100}> (0x0000000088f93100) thrown at [c:/cygwin64/tmp/openjdk-jdk11u-windows-x64-hotspot/workspace/build/src/src/hotspot/share/prims/jvm.cpp, line 1297]
Event: 0.735 Thread 0x00000146a5785800 Exception <a 'java/security/PrivilegedActionException'{0x0000000088f93678}> (0x0000000088f93678) thrown at [c:/cygwin64/tmp/openjdk-jdk11u-windows-x64-hotspot/workspace/build/src/src/hotspot/share/prims/jvm.cpp, line 1297]

Events (20 events):
Event: 0.901 loading class org/springframework/beans/factory/BeanClassLoaderAware
Event: 0.901 loading class org/springframework/beans/factory/BeanClassLoaderAware done
Event: 0.902 loading class org/springframework/beans/factory/Aware
Event: 0.902 loading class org/springframework/beans/factory/Aware done
Event: 0.902 loading class org/springframework/context/ResourceLoaderAware
Event: 0.902 loading class org/springframework/context/ResourceLoaderAware done
Event: 0.903 loading class org/springframework/beans/factory/BeanFactoryAware
Event: 0.903 loading class org/springframework/beans/factory/BeanFactoryAware done
Event: 0.904 loading class org/springframework/context/EnvironmentAware
Event: 0.904 loading class org/springframework/context/EnvironmentAware done
Event: 0.905 loading class org/springframework/core/Ordered
Event: 0.905 loading class org/springframework/core/Ordered done
Event: 0.910 loading class org/springframework/test/context/TestContextBootstrapper
Event: 0.910 loading class org/springframework/test/context/TestContextBootstrapper done
Event: 0.911 loading class org/springframework/boot/test/context/SpringBootTestContextBootstrapper
Event: 0.911 loading class org/springframework/boot/test/context/SpringBootTestContextBootstrapper done
Event: 0.913 loading class org/springframework/test/context/support/DefaultTestContextBootstrapper
Event: 0.913 loading class org/springframework/test/context/support/DefaultTestContextBootstrapper done
Event: 0.915 loading class org/springframework/test/context/support/AbstractTestContextBootstrapper
Event: 0.915 loading class org/springframework/test/context/support/AbstractTestContextBootstrapper done


Dynamic libraries:
0x00007ff782a30000 - 0x00007ff782a3d000 	C:\Program Files\AdoptOpenJDK\jdk-11.0.6.10-hotspot\bin\java.exe
0x00007ffc4d8d0000 - 0x00007ffc4dac6000 	C:\WINDOWS\SYSTEM32\ntdll.dll
0x00007ffc16fb0000 - 0x00007ffc16fc2000 	C:\Program Files\Avast Software\Avast\aswhook.dll
0x00007ffc4bae0000 - 0x00007ffc4bb9d000 	C:\WINDOWS\System32\KERNEL32.DLL
0x00007ffc4b5d0000 - 0x00007ffc4b898000 	C:\WINDOWS\System32\KERNELBASE.dll
0x00007ffc4b320000 - 0x00007ffc4b420000 	C:\WINDOWS\System32\ucrtbase.dll
0x00007ffc45330000 - 0x00007ffc45347000 	C:\Program Files\AdoptOpenJDK\jdk-11.0.6.10-hotspot\bin\jli.dll
0x00007ffc4cce0000 - 0x00007ffc4ce80000 	C:\WINDOWS\System32\USER32.dll
0x00007ffc4b1c0000 - 0x00007ffc4b1e2000 	C:\WINDOWS\System32\win32u.dll
0x00007ffc4d390000 - 0x00007ffc4d3ba000 	C:\WINDOWS\System32\GDI32.dll
0x00007ffc4b420000 - 0x00007ffc4b529000 	C:\WINDOWS\System32\gdi32full.dll
0x00007ffc4b530000 - 0x00007ffc4b5cd000 	C:\WINDOWS\System32\msvcp_win.dll
0x00007ffc44490000 - 0x00007ffc444a6000 	C:\Program Files\AdoptOpenJDK\jdk-11.0.6.10-hotspot\bin\VCRUNTIME140.dll
0x00007ffc34150000 - 0x00007ffc343eb000 	C:\WINDOWS\WinSxS\amd64_microsoft.windows.common-controls_6595b64144ccf1df_6.0.19041.488_none_ca04af081b815d21\COMCTL32.dll
0x00007ffc4d2f0000 - 0x00007ffc4d38e000 	C:\WINDOWS\System32\msvcrt.dll
0x00007ffc4d860000 - 0x00007ffc4d890000 	C:\WINDOWS\System32\IMM32.DLL
0x00007ffc11620000 - 0x00007ffc116bb000 	C:\Program Files\AdoptOpenJDK\jdk-11.0.6.10-hotspot\bin\msvcp140.dll
0x00007ffbe5120000 - 0x00007ffbe5bdc000 	C:\Program Files\AdoptOpenJDK\jdk-11.0.6.10-hotspot\bin\server\jvm.dll
0x00007ffc4c910000 - 0x00007ffc4c9bc000 	C:\WINDOWS\System32\ADVAPI32.dll
0x00007ffc4c010000 - 0x00007ffc4c0ab000 	C:\WINDOWS\System32\sechost.dll
0x00007ffc4d010000 - 0x00007ffc4d134000 	C:\WINDOWS\System32\RPCRT4.dll
0x00007ffc4caf0000 - 0x00007ffc4caf8000 	C:\WINDOWS\System32\PSAPI.DLL
0x00007ffc36ab0000 - 0x00007ffc36ab9000 	C:\WINDOWS\SYSTEM32\WSOCK32.dll
0x00007ffc4d490000 - 0x00007ffc4d4fb000 	C:\WINDOWS\System32\WS2_32.dll
0x00007ffc41510000 - 0x00007ffc41537000 	C:\WINDOWS\SYSTEM32\WINMM.dll
0x00007ffc45ba0000 - 0x00007ffc45baa000 	C:\WINDOWS\SYSTEM32\VERSION.dll
0x00007ffc49c30000 - 0x00007ffc49c42000 	C:\WINDOWS\SYSTEM32\kernel.appcore.dll
0x00007ffc45ab0000 - 0x00007ffc45ac0000 	C:\Program Files\AdoptOpenJDK\jdk-11.0.6.10-hotspot\bin\verify.dll
0x00007ffc49600000 - 0x00007ffc497e4000 	C:\WINDOWS\SYSTEM32\DBGHELP.DLL
0x00007ffc42bd0000 - 0x00007ffc42bfc000 	C:\WINDOWS\SYSTEM32\dbgcore.DLL
0x00007ffc4b1f0000 - 0x00007ffc4b26f000 	C:\WINDOWS\System32\bcryptPrimitives.dll
0x00007ffc405d0000 - 0x00007ffc405f8000 	C:\Program Files\AdoptOpenJDK\jdk-11.0.6.10-hotspot\bin\java.dll
0x00007ffc48160000 - 0x00007ffc4816e000 	C:\Program Files\AdoptOpenJDK\jdk-11.0.6.10-hotspot\bin\instrument.dll
0x00007ffc31b70000 - 0x00007ffc31b87000 	C:\Program Files\AdoptOpenJDK\jdk-11.0.6.10-hotspot\bin\zip.dll
0x00007ffc44480000 - 0x00007ffc4448a000 	C:\Program Files\AdoptOpenJDK\jdk-11.0.6.10-hotspot\bin\jimage.dll
0x00007ffc4c1c0000 - 0x00007ffc4c901000 	C:\WINDOWS\System32\SHELL32.dll
0x00007ffc48e50000 - 0x00007ffc495e5000 	C:\WINDOWS\SYSTEM32\windows.storage.dll
0x00007ffc4d500000 - 0x00007ffc4d855000 	C:\WINDOWS\System32\combase.dll
0x00007ffc4aa80000 - 0x00007ffc4aaac000 	C:\WINDOWS\SYSTEM32\Wldp.dll
0x00007ffc4c110000 - 0x00007ffc4c1be000 	C:\WINDOWS\System32\SHCORE.dll
0x00007ffc4ba80000 - 0x00007ffc4bad5000 	C:\WINDOWS\System32\shlwapi.dll
0x00007ffc4af40000 - 0x00007ffc4af66000 	C:\WINDOWS\SYSTEM32\profapi.dll
0x00007ffc08410000 - 0x00007ffc08429000 	C:\Program Files\AdoptOpenJDK\jdk-11.0.6.10-hotspot\bin\net.dll
0x00007ffc3a5e0000 - 0x00007ffc3a6e0000 	C:\WINDOWS\SYSTEM32\WINHTTP.dll
0x00007ffc4a800000 - 0x00007ffc4a86a000 	C:\WINDOWS\system32\mswsock.dll
0x00007ffc083f0000 - 0x00007ffc08402000 	C:\Program Files\AdoptOpenJDK\jdk-11.0.6.10-hotspot\bin\nio.dll
0x00007ffc45680000 - 0x00007ffc4569a000 	C:\Program Files\JetBrains\IntelliJ IDEA 2020.2.2.0\bin\breakgen64.dll

dbghelp: loaded successfully - version: 4.0.5 - missing functions: none
symbol engine: initialized successfully - sym options: 0x614 - pdb path: .;C:\Program Files\AdoptOpenJDK\jdk-11.0.6.10-hotspot\bin;C:\WINDOWS\SYSTEM32;C:\Program Files\Avast Software\Avast;C:\WINDOWS\WinSxS\amd64_microsoft.windows.common-controls_6595b64144ccf1df_6.0.19041.488_none_ca04af081b815d21;C:\Program Files\AdoptOpenJDK\jdk-11.0.6.10-hotspot\bin\server;C:\Program Files\JetBrains\IntelliJ IDEA 2020.2.2.0\bin

VM Arguments:
jvm_args: -ea -Didea.test.cyclic.buffer.size=1048576 -javaagent:C:\Program Files\JetBrains\IntelliJ IDEA 2020.2.2.0\lib\idea_rt.jar=55797:C:\Program Files\JetBrains\IntelliJ IDEA 2020.2.2.0\bin -Dfile.encoding=UTF-8 
java_command: com.intellij.rt.junit.JUnitStarter -ideVersion5 -junit5 pl.jmiernowski.web.book.BookControllerE2ETest,shouldDisplayUserBooks
java_class_path (initial): C:\Program Files\JetBrains\IntelliJ IDEA 2020.2.2.0\lib\idea_rt.jar;C:\Users\jmier\.m2\repository\org\junit\platform\junit-platform-launcher\1.6.3\junit-platform-launcher-1.6.3.jar;C:\Program Files\JetBrains\IntelliJ IDEA 2020.2.2.0\plugins\junit\lib\junit5-rt.jar;C:\Program Files\JetBrains\IntelliJ IDEA 2020.2.2.0\plugins\junit\lib\junit-rt.jar;C:\Users\jmier\IdeaProjects\library\target\test-classes;C:\Users\jmier\IdeaProjects\library\target\classes;C:\Users\jmier\.m2\repository\mysql\mysql-connector-java\8.0.22\mysql-connector-java-8.0.22.jar;C:\Users\jmier\.m2\repository\org\springframework\boot\spring-boot-starter-thymeleaf\2.3.5.RELEASE\spring-boot-starter-thymeleaf-2.3.5.RELEASE.jar;C:\Users\jmier\.m2\repository\org\springframework\boot\spring-boot-starter\2.3.5.RELEASE\spring-boot-starter-2.3.5.RELEASE.jar;C:\Users\jmier\.m2\repository\org\springframework\boot\spring-boot\2.3.5.RELEASE\spring-boot-2.3.5.RELEASE.jar;C:\Users\jmier\.m2\repository\org\springframework\boot\spring-boot-autoconfigure\2.3.5.RELEASE\spring-boot-autoconfigure-2.3.5.RELEASE.jar;C:\Users\jmier\.m2\repository\org\springframework\boot\spring-boot-starter-logging\2.3.5.RELEASE\spring-boot-starter-logging-2.3.5.RELEASE.jar;C:\Users\jmier\.m2\repository\ch\qos\logback\logback-classic\1.2.3\logback-classic-1.2.3.jar;C:\Users\jmier\.m2\repository\ch\qos\logback\logback-core\1.2.3\logback-core-1.2.3.jar;C:\Users\jmier\.m2\repository\org\apache\logging\log4j\log4j-to-slf4j\2.13.3\log4j-to-slf4j-2.13.3.jar;C:\Users\jmier\.m2\repository\org\apache\logging\log4j\log4j-api\2.13.3\log4j-api-2.13.3.jar;C:\Users\jmier\.m2\repository\org\slf4j\jul-to-slf4j\1.7.30\jul-to-slf4j-1.7.30.jar;C:\Users\jmier\.m2\repository\jakarta\annotation\jakarta.annotation-api\1.3.5\jakarta.annotation-api-1.3.5.jar;C:\Users\jmier\.m2\repository\org\yaml\snakeyaml\1.26\snakeyaml-1.26.jar;C:\Users\jmier\.m2\repository\org\thymeleaf\thymeleaf-spring5\3.0.11.RELEASE\thymeleaf-spring5-3.0.11.RELEASE
Launcher Type: SUN_STANDARD

[Global flags]
     intx CICompilerCount                          = 4                                         {product} {ergonomic}
     uint ConcGCThreads                            = 2                                         {product} {ergonomic}
     uint G1ConcRefinementThreads                  = 8                                         {product} {ergonomic}
   size_t G1HeapRegionSize                         = 1048576                                   {product} {ergonomic}
    uintx GCDrainStackTargetSize                   = 64                                        {product} {ergonomic}
   size_t InitialHeapSize                          = 134217728                                 {product} {ergonomic}
   size_t MarkStackSize                            = 4194304                                   {product} {ergonomic}
   size_t MaxHeapSize                              = 2118123520                                {product} {ergonomic}
   size_t MaxNewSize                               = 1270874112                                {product} {ergonomic}
   size_t MinHeapDeltaBytes                        = 1048576                                   {product} {ergonomic}
    uintx NonNMethodCodeHeapSize                   = 5836300                                {pd product} {ergonomic}
    uintx NonProfiledCodeHeapSize                  = 122910970                              {pd product} {ergonomic}
    uintx ProfiledCodeHeapSize                     = 122910970                              {pd product} {ergonomic}
    uintx ReservedCodeCacheSize                    = 251658240                              {pd product} {ergonomic}
     bool SegmentedCodeCache                       = true                                      {product} {ergonomic}
     bool UseCompressedClassPointers               = true                                 {lp64_product} {ergonomic}
     bool UseCompressedOops                        = true                                 {lp64_product} {ergonomic}
     bool UseG1GC                                  = true                                      {product} {ergonomic}
     bool UseLargePagesIndividualAllocation        = false                                  {pd product} {ergonomic}

Logging:
Log output configuration:
 #0: stdout all=warning uptime,level,tags
 #1: stderr all=off uptime,level,tags

Environment Variables:
JAVA_HOME=C:\Program Files\AdoptOpenJDK\jdk-11.0.6.10-hotspot\
PATH=C:\Program Files\AdoptOpenJDK\jdk-11.0.6.10-hotspot\bin;C:\PROGRA~2\Borland\CBUILD~1\Bin;C:\PROGRA~2\Borland\CBUILD~1\Projects\Bpl;C:\Program Files (x86)\Intel\iCLS Client\;C:\Program Files\Intel\iCLS Client\;C:\WINDOWS\system32;C:\WINDOWS;C:\WINDOWS\System32\Wbem;C:\WINDOWS\System32\WindowsPowerShell\v1.0\;C:\Program Files (x86)\Intel\Intel(R) Management Engine Components\DAL;C:\Program Files\Intel\Intel(R) Management Engine Components\DAL;C:\Program Files (x86)\Intel\Intel(R) Management Engine Components\IPT;C:\Program Files\Intel\Intel(R) Management Engine Components\IPT;C:\WINDOWS\System32\OpenSSH\;C:\Program Files\Intel\WiFi\bin\;C:\Program Files\Common Files\Intel\WirelessCommon\;C:\Program Files\Git\cmd;C:\Users\jmier\Desktop\Java\apache-maven-3.6.3\bin;C:\Program Files (x86)\Microsoft SQL Server\150\DTS\Binn\;C:\Program Files\Microsoft SQL Server\Client SDK\ODBC\170\Tools\Binn\;C:\Program Files (x86)\Microsoft SQL Server\150\Tools\Binn\;C:\Program Files\Microsoft SQL Server\150\Tools\Binn\;C:\Program Files\Microsoft SQL Server\150\DTS\Binn\;C:\Program Files\nodejs\;C:\Program Files\MySQL\MySQL Shell 8.0\bin\;C:\Users\jmier\AppData\Local\Microsoft\WindowsApps;C:\Users\jmier\Desktop\Java\apache-maven-3.6.3\bin;C:\Users\jmier\AppData\Roaming\npm
USERNAME=jmier
OS=Windows_NT
PROCESSOR_IDENTIFIER=Intel64 Family 6 Model 142 Stepping 10, GenuineIntel



---------------  S Y S T E M  ---------------

OS: Windows 10 , 64 bit Build 19041 (10.0.19041.546)

CPU:total 8 (initial active 8) (4 cores per cpu, 2 threads per core) family 6 model 142 stepping 10, cmov, cx8, fxsr, mmx, sse, sse2, sse3, ssse3, sse4.1, sse4.2, popcnt, avx, avx2, aes, clmul, erms, 3dnowpref, lzcnt, ht, tsc, tscinvbit, bmi1, bmi2, adx, fma

Memory: 4k page, system-wide physical 8078M (1111M free)
TotalPageFile size 12174M (AvailPageFile size 0M)
current process WorkingSet (physical memory assigned to process): 68M, peak: 68M
current process commit charge ("private bytes"): 223M, peak: 223M

vm_info: OpenJDK 64-Bit Server VM (11.0.6+10) for windows-amd64 JRE (11.0.6+10), built on Jan 15 2020 06:14:58 by "" with MS VC++ 15.8 (VS2017)

END.
