#
# There is insufficient memory for the Java Runtime Environment to continue.
# Native memory allocation (malloc) failed to allocate 32744 bytes for ChunkPool::allocate
# Possible reasons:
#   The system is out of physical RAM or swap space
#   The process is running with CompressedOops enabled, and the Java Heap may be blocking the growth of the native heap
# Possible solutions:
#   Reduce memory load on the system
#   Increase physical memory or swap space
#   Check if swap backing store is full
#   Decrease Java heap size (-Xmx/-Xms)
#   Decrease number of Java threads
#   Decrease Java thread stack sizes (-Xss)
#   Set larger code cache with -XX:ReservedCodeCacheSize=
#   JVM is running with Unscaled Compressed Oops mode in which the Java heap is
#     placed in the first 4GB address space. The Java Heap base address is the
#     maximum limit for the native heap growth. Please use -XX:HeapBaseMinAddress
#     to set the Java Heap base and to place the Java Heap above 4GB virtual address.
# This output file may be truncated or incomplete.
#
#  Out of Memory Error (c:/cygwin64/tmp/openjdk-jdk11u-windows-x64-hotspot/workspace/build/src/src/hotspot/share/memory/arena.cpp:81), pid=7548, tid=16752
#
# JRE version: OpenJDK Runtime Environment (11.0.6+10) (build 11.0.6+10)
# Java VM: OpenJDK 64-Bit Server VM (11.0.6+10, mixed mode, tiered, compressed oops, g1 gc, windows-amd64)
# No core dump will be written. Minidumps are not enabled by default on client versions of Windows
#

---------------  S U M M A R Y ------------

Command Line: -ea -Didea.test.cyclic.buffer.size=1048576 -javaagent:C:\Program Files\JetBrains\IntelliJ IDEA 2020.2.2.0\lib\idea_rt.jar=64740:C:\Program Files\JetBrains\IntelliJ IDEA 2020.2.2.0\bin -Dfile.encoding=UTF-8 com.intellij.rt.junit.JUnitStarter -ideVersion5 -junit5 pl.jmiernowski.web.user.UserControllerE2ETest,shouldDisplayAllUserPage

Host: Intel(R) Core(TM) i5-8250U CPU @ 1.60GHz, 8 cores, 7G,  Windows 10 , 64 bit Build 19041 (10.0.19041.546)
Time: Fri Dec 11 01:19:17 2020 Œrodkowoeuropejski czas stand. elapsed time: 7 seconds (0d 0h 0m 7s)

---------------  T H R E A D  ---------------

Current thread (0x00000216440ab000):  JavaThread "C2 CompilerThread0" daemon [_thread_in_native, id=16752, stack(0x0000009513700000,0x0000009513800000)]


Current CompileTask:
C2:   7214 3551       4       org.springframework.core.ResolvableType::resolveClass (73 bytes)

Stack: [0x0000009513700000,0x0000009513800000]
Native frames: (J=compiled Java code, j=interpreted, Vv=VM code, C=native code)
V  [jvm.dll+0x5db25a]
V  [jvm.dll+0x7111de]
V  [jvm.dll+0x712877]
V  [jvm.dll+0x712f43]
V  [jvm.dll+0x23fe78]
V  [jvm.dll+0xb913b]
V  [jvm.dll+0xb949c]
V  [jvm.dll+0x3476db]
V  [jvm.dll+0x4e2fa6]
V  [jvm.dll+0x4e2120]
V  [jvm.dll+0x4e29c2]
V  [jvm.dll+0x310792]
V  [jvm.dll+0x30fb4a]
V  [jvm.dll+0x1f9d45]
V  [jvm.dll+0x1f8eff]
V  [jvm.dll+0x17d96c]
V  [jvm.dll+0x2080b7]
V  [jvm.dll+0x20639b]
V  [jvm.dll+0x6d70bc]
V  [jvm.dll+0x6d01ec]
V  [jvm.dll+0x5da1e6]
C  [ucrtbase.dll+0x214c2]
C  [KERNEL32.DLL+0x17034]
C  [ntdll.dll+0x4cec1]


---------------  P R O C E S S  ---------------

Threads class SMR info:
_java_thread_list=0x000002164449cb40, length=13, elements={
0x0000021622876800, 0x0000021643711000, 0x0000021643744000, 0x00000216440a7000,
0x00000216440a9000, 0x00000216440ab000, 0x00000216440b0800, 0x00000216440b3800,
0x0000021644227000, 0x000002164444d800, 0x000002164444e000, 0x00000216475a4800,
0x000002164771b800
}

Java Threads: ( => current thread )
  0x0000021622876800 JavaThread "main" [_thread_in_vm, id=12192, stack(0x0000009512c00000,0x0000009512d00000)]
  0x0000021643711000 JavaThread "Reference Handler" daemon [_thread_blocked, id=14540, stack(0x0000009513300000,0x0000009513400000)]
  0x0000021643744000 JavaThread "Finalizer" daemon [_thread_blocked, id=5324, stack(0x0000009513400000,0x0000009513500000)]
  0x00000216440a7000 JavaThread "Signal Dispatcher" daemon [_thread_blocked, id=12232, stack(0x0000009513500000,0x0000009513600000)]
  0x00000216440a9000 JavaThread "Attach Listener" daemon [_thread_blocked, id=18392, stack(0x0000009513600000,0x0000009513700000)]
=>0x00000216440ab000 JavaThread "C2 CompilerThread0" daemon [_thread_in_native, id=16752, stack(0x0000009513700000,0x0000009513800000)]
  0x00000216440b0800 JavaThread "C1 CompilerThread0" daemon [_thread_in_native, id=19412, stack(0x0000009513800000,0x0000009513900000)]
  0x00000216440b3800 JavaThread "Sweeper thread" daemon [_thread_blocked, id=11376, stack(0x0000009513900000,0x0000009513a00000)]
  0x0000021644227000 JavaThread "Common-Cleaner" daemon [_thread_blocked, id=13188, stack(0x0000009513a00000,0x0000009513b00000)]
  0x000002164444d800 JavaThread "Monitor Ctrl-Break" daemon [_thread_in_native, id=6588, stack(0x0000009513c00000,0x0000009513d00000)]
  0x000002164444e000 JavaThread "Service Thread" daemon [_thread_blocked, id=13272, stack(0x0000009513d00000,0x0000009513e00000)]
  0x00000216475a4800 JavaThread "C2 CompilerThread1" daemon [_thread_in_native, id=18812, stack(0x0000009514000000,0x0000009514100000)]
  0x000002164771b800 JavaThread "mysql-cj-abandoned-connection-cleanup" daemon [_thread_blocked, id=9448, stack(0x0000009514300000,0x0000009514400000)]

Other Threads:
  0x000002164370e000 VMThread "VM Thread" [stack: 0x0000009513200000,0x0000009513300000] [id=18844]
  0x000002164444f000 WatcherThread [stack: 0x0000009513e00000,0x0000009513f00000] [id=1492]
  0x000002162288e000 GCTaskThread "GC Thread#0" [stack: 0x0000009512d00000,0x0000009512e00000] [id=9620]
  0x0000021644ec4800 GCTaskThread "GC Thread#1" [stack: 0x0000009513b00000,0x0000009513c00000] [id=9444]
  0x0000021645018000 GCTaskThread "GC Thread#2" [stack: 0x0000009513f00000,0x0000009514000000] [id=12084]
  0x0000021645949000 GCTaskThread "GC Thread#3" [stack: 0x0000009514100000,0x0000009514200000] [id=13720]
  0x0000021645939800 GCTaskThread "GC Thread#4" [stack: 0x0000009514400000,0x0000009514500000] [id=13672]
  0x0000021647173800 GCTaskThread "GC Thread#5" [stack: 0x0000009514500000,0x0000009514600000] [id=1580]
  0x00000216228bd800 ConcurrentGCThread "G1 Main Marker" [stack: 0x0000009512e00000,0x0000009512f00000] [id=508]
  0x00000216228c0800 ConcurrentGCThread "G1 Conc#0" [stack: 0x0000009512f00000,0x0000009513000000] [id=10352]
  0x000002164568b800 ConcurrentGCThread "G1 Conc#1" [stack: 0x0000009514200000,0x0000009514300000] [id=1460]
  0x000002162293d800 ConcurrentGCThread "G1 Refine#0" [stack: 0x0000009513000000,0x0000009513100000] [id=17060]
  0x000002162293e800 ConcurrentGCThread "G1 Young RemSet Sampling" [stack: 0x0000009513100000,0x0000009513200000] [id=14224]

Threads with active compile tasks:
C2 CompilerThread0   7288 3551       4       org.springframework.core.ResolvableType::resolveClass (73 bytes)
C1 CompilerThread0   7288 3790       2       org.springframework.context.annotation.CommonAnnotationBeanPostProcessor::lambda$buildResourceMetadata$1 (352 bytes)
C2 CompilerThread1   7288 3370   !   4       jdk.internal.loader.BuiltinClassLoader::loadClassOrNull (143 bytes)

VM state:not at safepoint (normal execution)

VM Mutex/Monitor currently owned by a thread: None

Heap address: 0x0000000081c00000, size: 2020 MB, Compressed Oops mode: 32-bit
Narrow klass base: 0x0000000000000000, Narrow klass shift: 3
Compressed class space size: 1073741824 Address: 0x0000000100000000

Heap:
 garbage-first heap   total 131072K, used 53531K [0x0000000081c00000, 0x0000000100000000)
  region size 1024K, 44 young (45056K), 6 survivors (6144K)
 Metaspace       used 37973K, capacity 39107K, committed 39164K, reserved 1083392K
  class space    used 4649K, capacity 5089K, committed 5116K, reserved 1048576K
Heap Regions: E=young(eden), S=young(survivor), O=old, HS=humongous(starts), HC=humongous(continues), CS=collection set, F=free, A=archive, TAMS=top-at-mark-start (previous, next)
|   0|0x0000000081c00000, 0x0000000081d00000, 0x0000000081d00000|100%|HS|  |TAMS 0x0000000081d00000, 0x0000000081c00000| Complete 
|   1|0x0000000081d00000, 0x0000000081e00000, 0x0000000081e00000|100%| O|  |TAMS 0x0000000081e00000, 0x0000000081d00000| Untracked 
|   2|0x0000000081e00000, 0x0000000081f00000, 0x0000000081f00000|100%| O|  |TAMS 0x0000000081f00000, 0x0000000081e00000| Untracked 
|   3|0x0000000081f00000, 0x0000000082000000, 0x0000000082000000|100%| O|  |TAMS 0x0000000082000000, 0x0000000081f00000| Untracked 
|   4|0x0000000082000000, 0x0000000082100000, 0x0000000082100000|100%| O|  |TAMS 0x0000000082100000, 0x0000000082000000| Untracked 
|   5|0x0000000082100000, 0x0000000082200000, 0x0000000082200000|100%| O|  |TAMS 0x0000000082200000, 0x0000000082100000| Untracked 
|   6|0x0000000082200000, 0x0000000082300000, 0x0000000082300000|100%| O|  |TAMS 0x0000000082300000, 0x0000000082200000| Untracked 
|   7|0x0000000082300000, 0x0000000082400000, 0x0000000082400000|100%| O|  |TAMS 0x0000000082400000, 0x0000000082300000| Untracked 
|   8|0x0000000082400000, 0x0000000082500000, 0x0000000082500000|100%| O|  |TAMS 0x0000000082500000, 0x0000000082400000| Untracked 
|   9|0x0000000082500000, 0x00000000825b4000, 0x0000000082600000| 70%| O|  |TAMS 0x00000000825b4000, 0x0000000082500000| Untracked 
|  10|0x0000000082600000, 0x0000000082600000, 0x0000000082700000|  0%| F|  |TAMS 0x0000000082600000, 0x0000000082600000| Untracked 
|  11|0x0000000082700000, 0x0000000082700000, 0x0000000082800000|  0%| F|  |TAMS 0x0000000082700000, 0x0000000082700000| Untracked 
|  12|0x0000000082800000, 0x0000000082800000, 0x0000000082900000|  0%| F|  |TAMS 0x0000000082800000, 0x0000000082800000| Untracked 
|  13|0x0000000082900000, 0x0000000082900000, 0x0000000082a00000|  0%| F|  |TAMS 0x0000000082900000, 0x0000000082900000| Untracked 
|  14|0x0000000082a00000, 0x0000000082a00000, 0x0000000082b00000|  0%| F|  |TAMS 0x0000000082a00000, 0x0000000082a00000| Untracked 
|  15|0x0000000082b00000, 0x0000000082b00000, 0x0000000082c00000|  0%| F|  |TAMS 0x0000000082b00000, 0x0000000082b00000| Untracked 
|  16|0x0000000082c00000, 0x0000000082c00000, 0x0000000082d00000|  0%| F|  |TAMS 0x0000000082c00000, 0x0000000082c00000| Untracked 
|  17|0x0000000082d00000, 0x0000000082d00000, 0x0000000082e00000|  0%| F|  |TAMS 0x0000000082d00000, 0x0000000082d00000| Untracked 
|  18|0x0000000082e00000, 0x0000000082e00000, 0x0000000082f00000|  0%| F|  |TAMS 0x0000000082e00000, 0x0000000082e00000| Untracked 
|  19|0x0000000082f00000, 0x0000000082f00000, 0x0000000083000000|  0%| F|  |TAMS 0x0000000082f00000, 0x0000000082f00000| Untracked 
|  20|0x0000000083000000, 0x0000000083000000, 0x0000000083100000|  0%| F|  |TAMS 0x0000000083000000, 0x0000000083000000| Untracked 
|  21|0x0000000083100000, 0x0000000083100000, 0x0000000083200000|  0%| F|  |TAMS 0x0000000083100000, 0x0000000083100000| Untracked 
|  22|0x0000000083200000, 0x0000000083200000, 0x0000000083300000|  0%| F|  |TAMS 0x0000000083200000, 0x0000000083200000| Untracked 
|  23|0x0000000083300000, 0x0000000083300000, 0x0000000083400000|  0%| F|  |TAMS 0x0000000083300000, 0x0000000083300000| Untracked 
|  24|0x0000000083400000, 0x0000000083400000, 0x0000000083500000|  0%| F|  |TAMS 0x0000000083400000, 0x0000000083400000| Untracked 
|  25|0x0000000083500000, 0x0000000083500000, 0x0000000083600000|  0%| F|  |TAMS 0x0000000083500000, 0x0000000083500000| Untracked 
|  26|0x0000000083600000, 0x0000000083600000, 0x0000000083700000|  0%| F|  |TAMS 0x0000000083600000, 0x0000000083600000| Untracked 
|  27|0x0000000083700000, 0x0000000083700000, 0x0000000083800000|  0%| F|  |TAMS 0x0000000083700000, 0x0000000083700000| Untracked 
|  28|0x0000000083800000, 0x0000000083800000, 0x0000000083900000|  0%| F|  |TAMS 0x0000000083800000, 0x0000000083800000| Untracked 
|  29|0x0000000083900000, 0x0000000083900000, 0x0000000083a00000|  0%| F|  |TAMS 0x0000000083900000, 0x0000000083900000| Untracked 
|  30|0x0000000083a00000, 0x0000000083a00000, 0x0000000083b00000|  0%| F|  |TAMS 0x0000000083a00000, 0x0000000083a00000| Untracked 
|  31|0x0000000083b00000, 0x0000000083b00000, 0x0000000083c00000|  0%| F|  |TAMS 0x0000000083b00000, 0x0000000083b00000| Untracked 
|  32|0x0000000083c00000, 0x0000000083c00000, 0x0000000083d00000|  0%| F|  |TAMS 0x0000000083c00000, 0x0000000083c00000| Untracked 
|  33|0x0000000083d00000, 0x0000000083d00000, 0x0000000083e00000|  0%| F|  |TAMS 0x0000000083d00000, 0x0000000083d00000| Untracked 
|  34|0x0000000083e00000, 0x0000000083e00000, 0x0000000083f00000|  0%| F|  |TAMS 0x0000000083e00000, 0x0000000083e00000| Untracked 
|  35|0x0000000083f00000, 0x0000000083f00000, 0x0000000084000000|  0%| F|  |TAMS 0x0000000083f00000, 0x0000000083f00000| Untracked 
|  36|0x0000000084000000, 0x0000000084000000, 0x0000000084100000|  0%| F|  |TAMS 0x0000000084000000, 0x0000000084000000| Untracked 
|  37|0x0000000084100000, 0x0000000084100000, 0x0000000084200000|  0%| F|  |TAMS 0x0000000084100000, 0x0000000084100000| Untracked 
|  38|0x0000000084200000, 0x0000000084200000, 0x0000000084300000|  0%| F|  |TAMS 0x0000000084200000, 0x0000000084200000| Untracked 
|  39|0x0000000084300000, 0x0000000084300000, 0x0000000084400000|  0%| F|  |TAMS 0x0000000084300000, 0x0000000084300000| Untracked 
|  40|0x0000000084400000, 0x0000000084400000, 0x0000000084500000|  0%| F|  |TAMS 0x0000000084400000, 0x0000000084400000| Untracked 
|  41|0x0000000084500000, 0x0000000084500000, 0x0000000084600000|  0%| F|  |TAMS 0x0000000084500000, 0x0000000084500000| Untracked 
|  42|0x0000000084600000, 0x0000000084600000, 0x0000000084700000|  0%| F|  |TAMS 0x0000000084600000, 0x0000000084600000| Untracked 
|  43|0x0000000084700000, 0x0000000084700000, 0x0000000084800000|  0%| F|  |TAMS 0x0000000084700000, 0x0000000084700000| Untracked 
|  44|0x0000000084800000, 0x0000000084800000, 0x0000000084900000|  0%| F|  |TAMS 0x0000000084800000, 0x0000000084800000| Untracked 
|  45|0x0000000084900000, 0x0000000084900000, 0x0000000084a00000|  0%| F|  |TAMS 0x0000000084900000, 0x0000000084900000| Untracked 
|  46|0x0000000084a00000, 0x0000000084a00000, 0x0000000084b00000|  0%| F|  |TAMS 0x0000000084a00000, 0x0000000084a00000| Untracked 
|  47|0x0000000084b00000, 0x0000000084b00000, 0x0000000084c00000|  0%| F|  |TAMS 0x0000000084b00000, 0x0000000084b00000| Untracked 
|  48|0x0000000084c00000, 0x0000000084c00000, 0x0000000084d00000|  0%| F|  |TAMS 0x0000000084c00000, 0x0000000084c00000| Untracked 
|  49|0x0000000084d00000, 0x0000000084d00000, 0x0000000084e00000|  0%| F|  |TAMS 0x0000000084d00000, 0x0000000084d00000| Untracked 
|  50|0x0000000084e00000, 0x0000000084e00000, 0x0000000084f00000|  0%| F|  |TAMS 0x0000000084e00000, 0x0000000084e00000| Untracked 
|  51|0x0000000084f00000, 0x0000000084f00000, 0x0000000085000000|  0%| F|  |TAMS 0x0000000084f00000, 0x0000000084f00000| Untracked 
|  52|0x0000000085000000, 0x0000000085000000, 0x0000000085100000|  0%| F|  |TAMS 0x0000000085000000, 0x0000000085000000| Untracked 
|  53|0x0000000085100000, 0x0000000085100000, 0x0000000085200000|  0%| F|  |TAMS 0x0000000085100000, 0x0000000085100000| Untracked 
|  54|0x0000000085200000, 0x0000000085200000, 0x0000000085300000|  0%| F|  |TAMS 0x0000000085200000, 0x0000000085200000| Untracked 
|  55|0x0000000085300000, 0x0000000085300000, 0x0000000085400000|  0%| F|  |TAMS 0x0000000085300000, 0x0000000085300000| Untracked 
|  56|0x0000000085400000, 0x0000000085400000, 0x0000000085500000|  0%| F|  |TAMS 0x0000000085400000, 0x0000000085400000| Untracked 
|  57|0x0000000085500000, 0x0000000085500000, 0x0000000085600000|  0%| F|  |TAMS 0x0000000085500000, 0x0000000085500000| Untracked 
|  58|0x0000000085600000, 0x0000000085600000, 0x0000000085700000|  0%| F|  |TAMS 0x0000000085600000, 0x0000000085600000| Untracked 
|  59|0x0000000085700000, 0x0000000085700000, 0x0000000085800000|  0%| F|  |TAMS 0x0000000085700000, 0x0000000085700000| Untracked 
|  60|0x0000000085800000, 0x0000000085800000, 0x0000000085900000|  0%| F|  |TAMS 0x0000000085800000, 0x0000000085800000| Untracked 
|  61|0x0000000085900000, 0x0000000085900000, 0x0000000085a00000|  0%| F|  |TAMS 0x0000000085900000, 0x0000000085900000| Untracked 
|  62|0x0000000085a00000, 0x0000000085a00000, 0x0000000085b00000|  0%| F|  |TAMS 0x0000000085a00000, 0x0000000085a00000| Untracked 
|  63|0x0000000085b00000, 0x0000000085b00000, 0x0000000085c00000|  0%| F|  |TAMS 0x0000000085b00000, 0x0000000085b00000| Untracked 
|  64|0x0000000085c00000, 0x0000000085c00000, 0x0000000085d00000|  0%| F|  |TAMS 0x0000000085c00000, 0x0000000085c00000| Untracked 
|  65|0x0000000085d00000, 0x0000000085d00000, 0x0000000085e00000|  0%| F|  |TAMS 0x0000000085d00000, 0x0000000085d00000| Untracked 
|  66|0x0000000085e00000, 0x0000000085e00000, 0x0000000085f00000|  0%| F|  |TAMS 0x0000000085e00000, 0x0000000085e00000| Untracked 
|  67|0x0000000085f00000, 0x0000000085f00000, 0x0000000086000000|  0%| F|  |TAMS 0x0000000085f00000, 0x0000000085f00000| Untracked 
|  68|0x0000000086000000, 0x0000000086000000, 0x0000000086100000|  0%| F|  |TAMS 0x0000000086000000, 0x0000000086000000| Untracked 
|  69|0x0000000086100000, 0x0000000086100000, 0x0000000086200000|  0%| F|  |TAMS 0x0000000086100000, 0x0000000086100000| Untracked 
|  70|0x0000000086200000, 0x0000000086200000, 0x0000000086300000|  0%| F|  |TAMS 0x0000000086200000, 0x0000000086200000| Untracked 
|  71|0x0000000086300000, 0x0000000086300000, 0x0000000086400000|  0%| F|  |TAMS 0x0000000086300000, 0x0000000086300000| Untracked 
|  72|0x0000000086400000, 0x0000000086400000, 0x0000000086500000|  0%| F|  |TAMS 0x0000000086400000, 0x0000000086400000| Untracked 
|  73|0x0000000086500000, 0x0000000086500000, 0x0000000086600000|  0%| F|  |TAMS 0x0000000086500000, 0x0000000086500000| Untracked 
|  74|0x0000000086600000, 0x0000000086600000, 0x0000000086700000|  0%| F|  |TAMS 0x0000000086600000, 0x0000000086600000| Untracked 
|  75|0x0000000086700000, 0x0000000086700000, 0x0000000086800000|  0%| F|  |TAMS 0x0000000086700000, 0x0000000086700000| Untracked 
|  76|0x0000000086800000, 0x0000000086800000, 0x0000000086900000|  0%| F|  |TAMS 0x0000000086800000, 0x0000000086800000| Untracked 
|  77|0x0000000086900000, 0x0000000086900000, 0x0000000086a00000|  0%| F|  |TAMS 0x0000000086900000, 0x0000000086900000| Untracked 
|  78|0x0000000086a00000, 0x0000000086a00000, 0x0000000086b00000|  0%| F|  |TAMS 0x0000000086a00000, 0x0000000086a00000| Untracked 
|  79|0x0000000086b00000, 0x0000000086b00000, 0x0000000086c00000|  0%| F|  |TAMS 0x0000000086b00000, 0x0000000086b00000| Untracked 
|  80|0x0000000086c00000, 0x0000000086c00000, 0x0000000086d00000|  0%| F|  |TAMS 0x0000000086c00000, 0x0000000086c00000| Untracked 
|  81|0x0000000086d00000, 0x0000000086d00000, 0x0000000086e00000|  0%| F|  |TAMS 0x0000000086d00000, 0x0000000086d00000| Untracked 
|  82|0x0000000086e00000, 0x0000000086e00000, 0x0000000086f00000|  0%| F|  |TAMS 0x0000000086e00000, 0x0000000086e00000| Untracked 
|  83|0x0000000086f00000, 0x0000000086f80800, 0x0000000087000000| 50%| E|  |TAMS 0x0000000086f00000, 0x0000000086f00000| Complete 
|  84|0x0000000087000000, 0x0000000087100000, 0x0000000087100000|100%| E|CS|TAMS 0x0000000087000000, 0x0000000087000000| Complete 
|  85|0x0000000087100000, 0x0000000087200000, 0x0000000087200000|100%| E|CS|TAMS 0x0000000087100000, 0x0000000087100000| Complete 
|  86|0x0000000087200000, 0x0000000087300000, 0x0000000087300000|100%| E|CS|TAMS 0x0000000087200000, 0x0000000087200000| Complete 
|  87|0x0000000087300000, 0x0000000087400000, 0x0000000087400000|100%| E|CS|TAMS 0x0000000087300000, 0x0000000087300000| Complete 
|  88|0x0000000087400000, 0x0000000087500000, 0x0000000087500000|100%| E|CS|TAMS 0x0000000087400000, 0x0000000087400000| Complete 
|  89|0x0000000087500000, 0x0000000087600000, 0x0000000087600000|100%| E|CS|TAMS 0x0000000087500000, 0x0000000087500000| Complete 
|  90|0x0000000087600000, 0x0000000087700000, 0x0000000087700000|100%| E|CS|TAMS 0x0000000087600000, 0x0000000087600000| Complete 
|  91|0x0000000087700000, 0x0000000087800000, 0x0000000087800000|100%| E|CS|TAMS 0x0000000087700000, 0x0000000087700000| Complete 
|  92|0x0000000087800000, 0x0000000087900000, 0x0000000087900000|100%| E|CS|TAMS 0x0000000087800000, 0x0000000087800000| Complete 
|  93|0x0000000087900000, 0x0000000087a00000, 0x0000000087a00000|100%| E|CS|TAMS 0x0000000087900000, 0x0000000087900000| Complete 
|  94|0x0000000087a00000, 0x0000000087b00000, 0x0000000087b00000|100%| E|CS|TAMS 0x0000000087a00000, 0x0000000087a00000| Complete 
|  95|0x0000000087b00000, 0x0000000087c00000, 0x0000000087c00000|100%| E|CS|TAMS 0x0000000087b00000, 0x0000000087b00000| Complete 
|  96|0x0000000087c00000, 0x0000000087d00000, 0x0000000087d00000|100%| E|CS|TAMS 0x0000000087c00000, 0x0000000087c00000| Complete 
|  97|0x0000000087d00000, 0x0000000087e00000, 0x0000000087e00000|100%| E|CS|TAMS 0x0000000087d00000, 0x0000000087d00000| Complete 
|  98|0x0000000087e00000, 0x0000000087f00000, 0x0000000087f00000|100%| E|CS|TAMS 0x0000000087e00000, 0x0000000087e00000| Complete 
|  99|0x0000000087f00000, 0x0000000088000000, 0x0000000088000000|100%| E|CS|TAMS 0x0000000087f00000, 0x0000000087f00000| Complete 
| 100|0x0000000088000000, 0x0000000088100000, 0x0000000088100000|100%| E|CS|TAMS 0x0000000088000000, 0x0000000088000000| Complete 
| 101|0x0000000088100000, 0x0000000088200000, 0x0000000088200000|100%| E|CS|TAMS 0x0000000088100000, 0x0000000088100000| Complete 
| 102|0x0000000088200000, 0x0000000088300000, 0x0000000088300000|100%| E|CS|TAMS 0x0000000088200000, 0x0000000088200000| Complete 
| 103|0x0000000088300000, 0x0000000088400000, 0x0000000088400000|100%| E|CS|TAMS 0x0000000088300000, 0x0000000088300000| Complete 
| 104|0x0000000088400000, 0x0000000088492e00, 0x0000000088500000| 57%| S|CS|TAMS 0x0000000088400000, 0x0000000088400000| Complete 
| 105|0x0000000088500000, 0x0000000088600000, 0x0000000088600000|100%| S|CS|TAMS 0x0000000088500000, 0x0000000088500000| Complete 
| 106|0x0000000088600000, 0x0000000088700000, 0x0000000088700000|100%| S|CS|TAMS 0x0000000088600000, 0x0000000088600000| Complete 
| 107|0x0000000088700000, 0x0000000088800000, 0x0000000088800000|100%| S|CS|TAMS 0x0000000088700000, 0x0000000088700000| Complete 
| 108|0x0000000088800000, 0x0000000088900000, 0x0000000088900000|100%| S|CS|TAMS 0x0000000088800000, 0x0000000088800000| Complete 
| 109|0x0000000088900000, 0x0000000088a00000, 0x0000000088a00000|100%| S|CS|TAMS 0x0000000088900000, 0x0000000088900000| Complete 
| 110|0x0000000088a00000, 0x0000000088b00000, 0x0000000088b00000|100%| E|CS|TAMS 0x0000000088a00000, 0x0000000088a00000| Complete 
| 111|0x0000000088b00000, 0x0000000088c00000, 0x0000000088c00000|100%| E|CS|TAMS 0x0000000088b00000, 0x0000000088b00000| Complete 
| 112|0x0000000088c00000, 0x0000000088d00000, 0x0000000088d00000|100%| E|CS|TAMS 0x0000000088c00000, 0x0000000088c00000| Complete 
| 113|0x0000000088d00000, 0x0000000088e00000, 0x0000000088e00000|100%| E|CS|TAMS 0x0000000088d00000, 0x0000000088d00000| Complete 
| 114|0x0000000088e00000, 0x0000000088f00000, 0x0000000088f00000|100%| E|CS|TAMS 0x0000000088e00000, 0x0000000088e00000| Complete 
| 115|0x0000000088f00000, 0x0000000089000000, 0x0000000089000000|100%| E|CS|TAMS 0x0000000088f00000, 0x0000000088f00000| Complete 
| 116|0x0000000089000000, 0x0000000089100000, 0x0000000089100000|100%| E|CS|TAMS 0x0000000089000000, 0x0000000089000000| Complete 
| 117|0x0000000089100000, 0x0000000089200000, 0x0000000089200000|100%| E|CS|TAMS 0x0000000089100000, 0x0000000089100000| Complete 
| 118|0x0000000089200000, 0x0000000089300000, 0x0000000089300000|100%| E|CS|TAMS 0x0000000089200000, 0x0000000089200000| Complete 
| 119|0x0000000089300000, 0x0000000089400000, 0x0000000089400000|100%| E|CS|TAMS 0x0000000089300000, 0x0000000089300000| Complete 
| 120|0x0000000089400000, 0x0000000089500000, 0x0000000089500000|100%| E|CS|TAMS 0x0000000089400000, 0x0000000089400000| Complete 
| 121|0x0000000089500000, 0x0000000089600000, 0x0000000089600000|100%| E|CS|TAMS 0x0000000089500000, 0x0000000089500000| Complete 
| 122|0x0000000089600000, 0x0000000089700000, 0x0000000089700000|100%| E|CS|TAMS 0x0000000089600000, 0x0000000089600000| Complete 
| 123|0x0000000089700000, 0x0000000089800000, 0x0000000089800000|100%| E|CS|TAMS 0x0000000089700000, 0x0000000089700000| Complete 
| 124|0x0000000089800000, 0x0000000089900000, 0x0000000089900000|100%| E|CS|TAMS 0x0000000089800000, 0x0000000089800000| Complete 
| 125|0x0000000089900000, 0x0000000089a00000, 0x0000000089a00000|100%| E|CS|TAMS 0x0000000089900000, 0x0000000089900000| Complete 
| 126|0x0000000089a00000, 0x0000000089b00000, 0x0000000089b00000|100%| E|CS|TAMS 0x0000000089a00000, 0x0000000089a00000| Complete 
| 127|0x0000000089b00000, 0x0000000089c00000, 0x0000000089c00000|100%| E|CS|TAMS 0x0000000089b00000, 0x0000000089b00000| Complete 

Card table byte_map: [0x000002163c520000,0x000002163c920000] _byte_map_base: 0x000002163c112000

Marking Bits (Prev, Next): (CMBitMap*) 0x00000216227be808, (CMBitMap*) 0x00000216227be840
 Prev Bits: [0x000002163cd20000, 0x000002163ecb0000)
 Next Bits: [0x000002163ecb0000, 0x0000021640c40000)

Polling page: 0x0000021622940000

Metaspace:

Usage:
  Non-class:     33.22 MB capacity,    32.56 MB ( 98%) used,   545.13 KB (  2%) free+waste,   134.38 KB ( <1%) overhead. 
      Class:      4.97 MB capacity,     4.54 MB ( 91%) used,   374.48 KB (  7%) free+waste,    64.75 KB (  1%) overhead. 
       Both:     38.19 MB capacity,    37.10 MB ( 97%) used,   919.61 KB (  2%) free+waste,   199.13 KB ( <1%) overhead. 

Virtual space:
  Non-class space:       34.00 MB reserved,      33.25 MB ( 98%) committed 
      Class space:        1.00 GB reserved,       5.00 MB ( <1%) committed 
             Both:        1.03 GB reserved,      38.25 MB (  4%) committed 

Chunk freelists:
   Non-Class:  29.00 KB
       Class:  0 bytes
        Both:  29.00 KB

MaxMetaspaceSize: 17179869184.00 GB
CompressedClassSpaceSize: 1.00 GB

CodeHeap 'non-profiled nmethods': size=120000Kb used=1668Kb max_used=1668Kb free=118331Kb
 bounds [0x0000021634190000, 0x0000021634400000, 0x000002163b6c0000]
CodeHeap 'profiled nmethods': size=120000Kb used=9003Kb max_used=9003Kb free=110996Kb
 bounds [0x000002162cc60000, 0x000002162d530000, 0x0000021634190000]
CodeHeap 'non-nmethods': size=5760Kb used=1138Kb max_used=1180Kb free=4621Kb
 bounds [0x000002162c6c0000, 0x000002162c930000, 0x000002162cc60000]
 total_blobs=5297 nmethods=3760 adapters=376
 compilation: enabled
              stopped_count=0, restarted_count=0
 full_count=0

Compilation events (20 events):
Event: 7.198 Thread 0x00000216440b0800 nmethod 3713 0x000002162d4ed890 code [0x000002162d4edf00, 0x000002162d4f1650]
Event: 7.198 Thread 0x00000216440b0800 3715   !   3       org.springframework.util.ClassUtils::getMostSpecificMethod (72 bytes)
Event: 7.201 Thread 0x00000216440b0800 nmethod 3715 0x000002162d4f3290 code [0x000002162d4f34e0, 0x000002162d4f3dd0]
Event: 7.201 Thread 0x00000216440b0800 3716       3       org.springframework.core.annotation.AnnotationUtils::findAnnotation (99 bytes)
Event: 7.205 Thread 0x00000216440b0800 nmethod 3716 0x000002162d4f4190 code [0x000002162d4f45c0, 0x000002162d4f63b0]
Event: 7.205 Thread 0x00000216440b0800 3717   !   3       org.springframework.beans.factory.annotation.AutowiredAnnotationBeanPostProcessor::lambda$determineCandidateConstructors$0 (89 bytes)
Event: 7.206 Thread 0x00000216440b0800 nmethod 3717 0x000002162d4f6d10 code [0x000002162d4f7000, 0x000002162d4f80e0]
Event: 7.206 Thread 0x00000216440b0800 3714       3       java.beans.PropertyDescriptor::setReadMethod0 (48 bytes)
Event: 7.208 Thread 0x00000216440b0800 nmethod 3714 0x000002162d4f8710 code [0x000002162d4f8ae0, 0x000002162d4fa750]
Event: 7.208 Thread 0x00000216440b0800 3718       3       java.lang.reflect.Field::<init> (44 bytes)
Event: 7.208 Thread 0x00000216440b0800 nmethod 3718 0x000002162d4fae90 code [0x000002162d4fb060, 0x000002162d4fb478]
Event: 7.208 Thread 0x00000216440b0800 3719       3       java.lang.reflect.Field::copy (76 bytes)
Event: 7.209 Thread 0x00000216440b0800 nmethod 3719 0x000002162d4fb590 code [0x000002162d4fb780, 0x000002162d4fbbe0]
Event: 7.209 Thread 0x00000216440b0800 3720       3       sun.reflect.generics.reflectiveObjects.ParameterizedTypeImpl::validateConstructorArguments (44 bytes)
Event: 7.210 Thread 0x00000216440b0800 nmethod 3720 0x000002162d4fbd10 code [0x000002162d4fbf40, 0x000002162d4fc760]
Event: 7.210 Thread 0x00000216440b0800 3726       3       org.springframework.core.MethodParameter::getGenericParameterType (147 bytes)
Event: 7.212 Thread 0x00000216440b0800 nmethod 3726 0x000002162d4fca10 code [0x000002162d4fcde0, 0x000002162d4fed50]
Event: 7.212 Thread 0x00000216440b0800 3727       3       org.springframework.core.SerializableTypeWrapper$MethodParameterTypeProvider::getType (8 bytes)
Event: 7.212 Thread 0x00000216440b0800 nmethod 3727 0x000002162d4ff610 code [0x000002162d4ff7c0, 0x000002162d4ff9d0]
Event: 7.212 Thread 0x00000216440b0800 3724       3       org.springframework.core.MethodParameter::validateIndex (31 bytes)

GC Heap History (12 events):
Event: 1.133 GC heap before
{Heap before GC invocations=0 (full 0):
 garbage-first heap   total 131072K, used 24576K [0x0000000081c00000, 0x0000000100000000)
  region size 1024K, 24 young (24576K), 0 survivors (0K)
 Metaspace       used 10529K, capacity 10917K, committed 11264K, reserved 1058816K
  class space    used 1053K, capacity 1172K, committed 1280K, reserved 1048576K
}
Event: 1.140 GC heap after
{Heap after GC invocations=1 (full 0):
 garbage-first heap   total 131072K, used 7745K [0x0000000081c00000, 0x0000000100000000)
  region size 1024K, 3 young (3072K), 3 survivors (3072K)
 Metaspace       used 10529K, capacity 10917K, committed 11264K, reserved 1058816K
  class space    used 1053K, capacity 1172K, committed 1280K, reserved 1048576K
}
Event: 2.434 GC heap before
{Heap before GC invocations=1 (full 0):
 garbage-first heap   total 131072K, used 81473K [0x0000000081c00000, 0x0000000100000000)
  region size 1024K, 76 young (77824K), 3 survivors (3072K)
 Metaspace       used 19081K, capacity 19674K, committed 19712K, reserved 1067008K
  class space    used 2074K, capacity 2292K, committed 2304K, reserved 1048576K
}
Event: 2.445 GC heap after
{Heap after GC invocations=2 (full 0):
 garbage-first heap   total 131072K, used 10944K [0x0000000081c00000, 0x0000000100000000)
  region size 1024K, 7 young (7168K), 7 survivors (7168K)
 Metaspace       used 19081K, capacity 19674K, committed 19712K, reserved 1067008K
  class space    used 2074K, capacity 2292K, committed 2304K, reserved 1048576K
}
Event: 2.741 GC heap before
{Heap before GC invocations=2 (full 0):
 garbage-first heap   total 131072K, used 73408K [0x0000000081c00000, 0x0000000100000000)
  region size 1024K, 70 young (71680K), 7 survivors (7168K)
 Metaspace       used 20536K, capacity 21183K, committed 21248K, reserved 1069056K
  class space    used 2311K, capacity 2543K, committed 2560K, reserved 1048576K
}
Event: 2.747 GC heap after
{Heap after GC invocations=3 (full 0):
 garbage-first heap   total 131072K, used 11080K [0x0000000081c00000, 0x0000000100000000)
  region size 1024K, 4 young (4096K), 4 survivors (4096K)
 Metaspace       used 20536K, capacity 21183K, committed 21248K, reserved 1069056K
  class space    used 2311K, capacity 2543K, committed 2560K, reserved 1048576K
}
Event: 4.131 GC heap before
{Heap before GC invocations=4 (full 0):
 garbage-first heap   total 131072K, used 83784K [0x0000000081c00000, 0x0000000100000000)
  region size 1024K, 76 young (77824K), 4 survivors (4096K)
 Metaspace       used 29145K, capacity 29971K, committed 30204K, reserved 1075200K
  class space    used 3463K, capacity 3793K, committed 3836K, reserved 1048576K
}
Event: 4.145 GC heap after
{Heap after GC invocations=5 (full 0):
 garbage-first heap   total 131072K, used 13409K [0x0000000081c00000, 0x0000000100000000)
  region size 1024K, 6 young (6144K), 6 survivors (6144K)
 Metaspace       used 29145K, capacity 29971K, committed 30204K, reserved 1075200K
  class space    used 3463K, capacity 3793K, committed 3836K, reserved 1048576K
}
Event: 5.599 GC heap before
{Heap before GC invocations=5 (full 0):
 garbage-first heap   total 131072K, used 84065K [0x0000000081c00000, 0x0000000100000000)
  region size 1024K, 76 young (77824K), 6 survivors (6144K)
 Metaspace       used 33145K, capacity 34113K, committed 34428K, reserved 1079296K
  class space    used 3968K, capacity 4358K, committed 4476K, reserved 1048576K
}
Event: 5.608 GC heap after
{Heap after GC invocations=6 (full 0):
 garbage-first heap   total 131072K, used 14991K [0x0000000081c00000, 0x0000000100000000)
  region size 1024K, 5 young (5120K), 5 survivors (5120K)
 Metaspace       used 33145K, capacity 34113K, committed 34428K, reserved 1079296K
  class space    used 3968K, capacity 4358K, committed 4476K, reserved 1048576K
}
Event: 6.481 GC heap before
{Heap before GC invocations=6 (full 0):
 garbage-first heap   total 131072K, used 32399K [0x0000000081c00000, 0x0000000100000000)
  region size 1024K, 23 young (23552K), 5 survivors (5120K)
 Metaspace       used 34850K, capacity 35843K, committed 35964K, reserved 1081344K
  class space    used 4211K, capacity 4653K, committed 4732K, reserved 1048576K
}
Event: 6.492 GC heap after
{Heap after GC invocations=7 (full 0):
 garbage-first heap   total 131072K, used 15643K [0x0000000081c00000, 0x0000000100000000)
  region size 1024K, 6 young (6144K), 6 survivors (6144K)
 Metaspace       used 34850K, capacity 35843K, committed 35964K, reserved 1081344K
  class space    used 4211K, capacity 4653K, committed 4732K, reserved 1048576K
}

Deoptimization events (20 events):
Event: 6.753 Thread 0x0000021622876800 Uncommon trap: trap_request=0xffffff4d fr.pc=0x00000216342ecf34 relative=0x00000000000006f4
Event: 6.754 Thread 0x0000021622876800 Uncommon trap: reason=unstable_if action=reinterpret pc=0x00000216342ecf34 method=org.springframework.util.ConcurrentReferenceHashMap$Segment.findInChain(Lorg/springframework/util/ConcurrentReferenceHashMap$Reference;Ljava/lang/Object;I)Lorg/springframewo
Event: 6.754 Thread 0x0000021622876800 DEOPT PACKING pc=0x00000216342ecf34 sp=0x0000009512cfc480
Event: 6.754 Thread 0x0000021622876800 DEOPT UNPACKING pc=0x000002162c6e8f2f sp=0x0000009512cfc428 mode 2
Event: 6.788 Thread 0x0000021622876800 Uncommon trap: trap_request=0xffffff4d fr.pc=0x00000216342fe8bc relative=0x00000000000003dc
Event: 6.788 Thread 0x0000021622876800 Uncommon trap: reason=unstable_if action=reinterpret pc=0x00000216342fe8bc method=org.springframework.beans.factory.support.AbstractAutowireCapableBeanFactory.predictBeanType(Ljava/lang/String;Lorg/springframework/beans/factory/support/RootBeanDefinition;
Event: 6.788 Thread 0x0000021622876800 DEOPT PACKING pc=0x00000216342fe8bc sp=0x0000009512cfc700
Event: 6.788 Thread 0x0000021622876800 DEOPT UNPACKING pc=0x000002162c6e8f2f sp=0x0000009512cfc630 mode 2
Event: 6.805 Thread 0x0000021622876800 Uncommon trap: trap_request=0xffffff4d fr.pc=0x00000216343114e8 relative=0x00000000000011a8
Event: 6.805 Thread 0x0000021622876800 Uncommon trap: reason=unstable_if action=reinterpret pc=0x00000216343114e8 method=org.springframework.core.ResolvableType$1.isAssignableFrom(Ljava/lang/Class;)Z @ 15 c2
Event: 6.805 Thread 0x0000021622876800 DEOPT PACKING pc=0x00000216343114e8 sp=0x0000009512cfc830
Event: 6.805 Thread 0x0000021622876800 DEOPT UNPACKING pc=0x000002162c6e8f2f sp=0x0000009512cfc778 mode 2
Event: 6.880 Thread 0x0000021622876800 Uncommon trap: trap_request=0xffffff4d fr.pc=0x0000021634252e5c relative=0x000000000000011c
Event: 6.880 Thread 0x0000021622876800 Uncommon trap: reason=unstable_if action=reinterpret pc=0x0000021634252e5c method=java.lang.ThreadLocal$ThreadLocalMap.getEntry(Ljava/lang/ThreadLocal;)Ljava/lang/ThreadLocal$ThreadLocalMap$Entry; @ 29 c2
Event: 6.880 Thread 0x0000021622876800 DEOPT PACKING pc=0x0000021634252e5c sp=0x0000009512cfbf40
Event: 6.880 Thread 0x0000021622876800 DEOPT UNPACKING pc=0x000002162c6e8f2f sp=0x0000009512cfbe80 mode 2
Event: 6.897 Thread 0x0000021622876800 Uncommon trap: trap_request=0xffffff4d fr.pc=0x0000021634254730 relative=0x00000000000000f0
Event: 6.897 Thread 0x0000021622876800 Uncommon trap: reason=unstable_if action=reinterpret pc=0x0000021634254730 method=java.lang.ThreadLocal$ThreadLocalMap.getEntry(Ljava/lang/ThreadLocal;)Ljava/lang/ThreadLocal$ThreadLocalMap$Entry; @ 29 c2
Event: 6.897 Thread 0x0000021622876800 DEOPT PACKING pc=0x0000021634254730 sp=0x0000009512cfbec0
Event: 6.897 Thread 0x0000021622876800 DEOPT UNPACKING pc=0x000002162c6e8f2f sp=0x0000009512cfbe78 mode 2

Classes redefined (0 events):
No events

Internal exceptions (20 events):
Event: 7.138 Thread 0x0000021622876800 Exception <a 'java/lang/ClassNotFoundException'{0x00000000877c6850}: org/springframework/security/access/intercept/aopalliance/MethodSecurityMetadataSourceAdvisorCustomizer> (0x00000000877c6850) thrown at [c:/cygwin64/tmp/openjdk-jdk11u-windows-x64-hotspo
Event: 7.140 Thread 0x0000021622876800 Exception <a 'java/lang/ClassNotFoundException'{0x00000000877e2c88}: org/springframework/beans/factory/BeanFactoryAwareCustomizer> (0x00000000877e2c88) thrown at [c:/cygwin64/tmp/openjdk-jdk11u-windows-x64-hotspot/workspace/build/src/src/hotspot/share/cla
Event: 7.140 Thread 0x0000021622876800 Exception <a 'java/lang/ClassNotFoundException'{0x00000000877f6a50}: org/springframework/beans/factory/AwareCustomizer> (0x00000000877f6a50) thrown at [c:/cygwin64/tmp/openjdk-jdk11u-windows-x64-hotspot/workspace/build/src/src/hotspot/share/classfile/syst
Event: 7.141 Thread 0x0000021622876800 Exception <a 'java/lang/ClassNotFoundException'{0x00000000876099c0}: org/springframework/aop/PointcutAdvisorCustomizer> (0x00000000876099c0) thrown at [c:/cygwin64/tmp/openjdk-jdk11u-windows-x64-hotspot/workspace/build/src/src/hotspot/share/classfile/syst
Event: 7.142 Thread 0x0000021622876800 Exception <a 'java/lang/ClassNotFoundException'{0x000000008761bc20}: org/springframework/aop/AdvisorCustomizer> (0x000000008761bc20) thrown at [c:/cygwin64/tmp/openjdk-jdk11u-windows-x64-hotspot/workspace/build/src/src/hotspot/share/classfile/systemDictio
Event: 7.142 Thread 0x0000021622876800 Exception <a 'java/lang/ClassNotFoundException'{0x000000008762ed90}: org/springframework/core/OrderedCustomizer> (0x000000008762ed90) thrown at [c:/cygwin64/tmp/openjdk-jdk11u-windows-x64-hotspot/workspace/build/src/src/hotspot/share/classfile/systemDicti
Event: 7.173 Thread 0x0000021622876800 Exception <a 'java/lang/ClassNotFoundException'{0x00000000876cbed8}: java/lang/ObjectCustomizer> (0x00000000876cbed8) thrown at [c:/cygwin64/tmp/openjdk-jdk11u-windows-x64-hotspot/workspace/build/src/src/hotspot/share/classfile/systemDictionary.cpp, line 
Event: 7.174 Thread 0x0000021622876800 Exception <a 'java/lang/ClassNotFoundException'{0x00000000876eede0}: org/springframework/data/web/config/ProjectingArgumentResolverRegistrar$ProjectingArgumentResolverBeanPostProcessorCustomizer> (0x00000000876eede0) thrown at [c:/cygwin64/tmp/openjdk-jdk
Event: 7.175 Thread 0x0000021622876800 Exception <a 'java/lang/ClassNotFoundException'{0x000000008750e0c8}: org/springframework/beans/factory/config/BeanPostProcessorCustomizer> (0x000000008750e0c8) thrown at [c:/cygwin64/tmp/openjdk-jdk11u-windows-x64-hotspot/workspace/build/src/src/hotspot/s
Event: 7.175 Thread 0x0000021622876800 Exception <a 'java/lang/ClassNotFoundException'{0x0000000087524360}: org/springframework/beans/factory/BeanFactoryAwareCustomizer> (0x0000000087524360) thrown at [c:/cygwin64/tmp/openjdk-jdk11u-windows-x64-hotspot/workspace/build/src/src/hotspot/share/cla
Event: 7.176 Thread 0x0000021622876800 Exception <a 'java/lang/ClassNotFoundException'{0x0000000087538128}: org/springframework/beans/factory/AwareCustomizer> (0x0000000087538128) thrown at [c:/cygwin64/tmp/openjdk-jdk11u-windows-x64-hotspot/workspace/build/src/src/hotspot/share/classfile/syst
Event: 7.176 Thread 0x0000021622876800 Exception <a 'java/lang/ClassNotFoundException'{0x000000008754d650}: org/springframework/beans/factory/BeanClassLoaderAwareCustomizer> (0x000000008754d650) thrown at [c:/cygwin64/tmp/openjdk-jdk11u-windows-x64-hotspot/workspace/build/src/src/hotspot/share
Event: 7.177 Thread 0x0000021622876800 Exception <a 'java/lang/ClassNotFoundException'{0x0000000087560f18}: org/springframework/beans/factory/AwareCustomizer> (0x0000000087560f18) thrown at [c:/cygwin64/tmp/openjdk-jdk11u-windows-x64-hotspot/workspace/build/src/src/hotspot/share/classfile/syst
Event: 7.190 Thread 0x0000021622876800 Exception <a 'java/lang/ClassNotFoundException'{0x00000000875d3dc0}: java/lang/ObjectCustomizer> (0x00000000875d3dc0) thrown at [c:/cygwin64/tmp/openjdk-jdk11u-windows-x64-hotspot/workspace/build/src/src/hotspot/share/classfile/systemDictionary.cpp, line 
Event: 7.192 Thread 0x0000021622876800 Exception <a 'java/lang/ClassNotFoundException'{0x00000000875f07a0}: org/springframework/boot/autoconfigure/jdbc/DataSourceConfiguration$HikariCustomizer> (0x00000000875f07a0) thrown at [c:/cygwin64/tmp/openjdk-jdk11u-windows-x64-hotspot/workspace/build/s
Event: 7.208 Thread 0x0000021622876800 Exception <a 'java/lang/ClassNotFoundException'{0x0000000087437e68}: java/lang/ObjectCustomizer> (0x0000000087437e68) thrown at [c:/cygwin64/tmp/openjdk-jdk11u-windows-x64-hotspot/workspace/build/src/src/hotspot/share/classfile/systemDictionary.cpp, line 
Event: 7.208 Thread 0x0000021622876800 Exception <a 'java/lang/ClassNotFoundException'{0x0000000087452b28}: org/springframework/boot/autoconfigure/jdbc/DataSourcePropertiesCustomizer> (0x0000000087452b28) thrown at [c:/cygwin64/tmp/openjdk-jdk11u-windows-x64-hotspot/workspace/build/src/src/hot
Event: 7.210 Thread 0x0000021622876800 Exception <a 'java/lang/ClassNotFoundException'{0x0000000087494240}: org/springframework/beans/factory/BeanClassLoaderAwareCustomizer> (0x0000000087494240) thrown at [c:/cygwin64/tmp/openjdk-jdk11u-windows-x64-hotspot/workspace/build/src/src/hotspot/share
Event: 7.211 Thread 0x0000021622876800 Exception <a 'java/lang/ClassNotFoundException'{0x00000000874a8300}: org/springframework/beans/factory/AwareCustomizer> (0x00000000874a8300) thrown at [c:/cygwin64/tmp/openjdk-jdk11u-windows-x64-hotspot/workspace/build/src/src/hotspot/share/classfile/syst
Event: 7.211 Thread 0x0000021622876800 Exception <a 'java/lang/ClassNotFoundException'{0x00000000874bd9a0}: org/springframework/beans/factory/InitializingBeanCustomizer> (0x00000000874bd9a0) thrown at [c:/cygwin64/tmp/openjdk-jdk11u-windows-x64-hotspot/workspace/build/src/src/hotspot/share/cla

Events (20 events):
Event: 7.208 loading class org/springframework/boot/autoconfigure/jdbc/DataSourcePropertiesCustomizer
Event: 7.208 loading class org/springframework/boot/autoconfigure/jdbc/DataSourcePropertiesCustomizer done
Event: 7.210 loading class org/springframework/beans/factory/BeanClassLoaderAwareCustomizer
Event: 7.210 loading class org/springframework/beans/factory/BeanClassLoaderAwareCustomizer done
Event: 7.210 loading class org/springframework/beans/factory/BeanClassLoaderAwareCustomizer
Event: 7.210 loading class org/springframework/beans/factory/BeanClassLoaderAwareCustomizer done
Event: 7.210 loading class org/springframework/beans/factory/BeanClassLoaderAwareCustomizer
Event: 7.210 loading class org/springframework/beans/factory/BeanClassLoaderAwareCustomizer done
Event: 7.210 loading class org/springframework/beans/factory/AwareCustomizer
Event: 7.210 loading class org/springframework/beans/factory/AwareCustomizer done
Event: 7.211 loading class org/springframework/beans/factory/AwareCustomizer
Event: 7.211 loading class org/springframework/beans/factory/AwareCustomizer done
Event: 7.211 loading class org/springframework/beans/factory/AwareCustomizer
Event: 7.211 loading class org/springframework/beans/factory/AwareCustomizer done
Event: 7.211 loading class org/springframework/beans/factory/InitializingBeanCustomizer
Event: 7.211 loading class org/springframework/beans/factory/InitializingBeanCustomizer done
Event: 7.211 loading class org/springframework/beans/factory/InitializingBeanCustomizer
Event: 7.211 loading class org/springframework/beans/factory/InitializingBeanCustomizer done
Event: 7.211 loading class org/springframework/beans/factory/InitializingBeanCustomizer
Event: 7.211 loading class org/springframework/beans/factory/InitializingBeanCustomizer done


Dynamic libraries:
0x00007ff7e8c70000 - 0x00007ff7e8c7d000 	C:\Program Files\AdoptOpenJDK\jdk-11.0.6.10-hotspot\bin\java.exe
0x00007ffbe7350000 - 0x00007ffbe7546000 	C:\WINDOWS\SYSTEM32\ntdll.dll
0x00007ffbbd9d0000 - 0x00007ffbbd9e2000 	C:\Program Files\Avast Software\Avast\aswhook.dll
0x00007ffbe5650000 - 0x00007ffbe570d000 	C:\WINDOWS\System32\KERNEL32.DLL
0x00007ffbe4f40000 - 0x00007ffbe5208000 	C:\WINDOWS\System32\KERNELBASE.dll
0x00007ffbe4e40000 - 0x00007ffbe4f40000 	C:\WINDOWS\System32\ucrtbase.dll
0x00007ffbdd6f0000 - 0x00007ffbdd707000 	C:\Program Files\AdoptOpenJDK\jdk-11.0.6.10-hotspot\bin\jli.dll
0x00007ffbe6340000 - 0x00007ffbe64e0000 	C:\WINDOWS\System32\USER32.dll
0x00007ffbe4c30000 - 0x00007ffbe4c52000 	C:\WINDOWS\System32\win32u.dll
0x00007ffbe7150000 - 0x00007ffbe717a000 	C:\WINDOWS\System32\GDI32.dll
0x00007ffbe4af0000 - 0x00007ffbe4bf9000 	C:\WINDOWS\System32\gdi32full.dll
0x00007ffbe5210000 - 0x00007ffbe52ad000 	C:\WINDOWS\System32\msvcp_win.dll
0x00007ffbdd6d0000 - 0x00007ffbdd6e6000 	C:\Program Files\AdoptOpenJDK\jdk-11.0.6.10-hotspot\bin\VCRUNTIME140.dll
0x00007ffbb0cf0000 - 0x00007ffbb0f8b000 	C:\WINDOWS\WinSxS\amd64_microsoft.windows.common-controls_6595b64144ccf1df_6.0.19041.488_none_ca04af081b815d21\COMCTL32.dll
0x00007ffbe57c0000 - 0x00007ffbe585e000 	C:\WINDOWS\System32\msvcrt.dll
0x00007ffbe5a20000 - 0x00007ffbe5a50000 	C:\WINDOWS\System32\IMM32.DLL
0x00007ffba1260000 - 0x00007ffba12fb000 	C:\Program Files\AdoptOpenJDK\jdk-11.0.6.10-hotspot\bin\msvcp140.dll
0x00007ffb6b1e0000 - 0x00007ffb6bc9c000 	C:\Program Files\AdoptOpenJDK\jdk-11.0.6.10-hotspot\bin\server\jvm.dll
0x00007ffbe5710000 - 0x00007ffbe57bc000 	C:\WINDOWS\System32\ADVAPI32.dll
0x00007ffbe55b0000 - 0x00007ffbe564b000 	C:\WINDOWS\System32\sechost.dll
0x00007ffbe6fb0000 - 0x00007ffbe70d4000 	C:\WINDOWS\System32\RPCRT4.dll
0x00007ffbe6df0000 - 0x00007ffbe6df8000 	C:\WINDOWS\System32\PSAPI.DLL
0x00007ffbd62a0000 - 0x00007ffbd62a9000 	C:\WINDOWS\SYSTEM32\WSOCK32.dll
0x00007ffbe5b00000 - 0x00007ffbe5b6b000 	C:\WINDOWS\System32\WS2_32.dll
0x00007ffbd71b0000 - 0x00007ffbd71d7000 	C:\WINDOWS\SYSTEM32\WINMM.dll
0x00007ffbde0d0000 - 0x00007ffbde0da000 	C:\WINDOWS\SYSTEM32\VERSION.dll
0x00007ffbe36e0000 - 0x00007ffbe36f2000 	C:\WINDOWS\SYSTEM32\kernel.appcore.dll
0x00007ffbdd6c0000 - 0x00007ffbdd6d0000 	C:\Program Files\AdoptOpenJDK\jdk-11.0.6.10-hotspot\bin\verify.dll
0x00007ffbe30d0000 - 0x00007ffbe32b4000 	C:\WINDOWS\SYSTEM32\DBGHELP.DLL
0x00007ffbdb830000 - 0x00007ffbdb85c000 	C:\WINDOWS\SYSTEM32\dbgcore.DLL
0x00007ffbe4dc0000 - 0x00007ffbe4e3f000 	C:\WINDOWS\System32\bcryptPrimitives.dll
0x00007ffbdd690000 - 0x00007ffbdd6b8000 	C:\Program Files\AdoptOpenJDK\jdk-11.0.6.10-hotspot\bin\java.dll
0x00007ffbdfc60000 - 0x00007ffbdfc6e000 	C:\Program Files\AdoptOpenJDK\jdk-11.0.6.10-hotspot\bin\instrument.dll
0x00007ffbdcb50000 - 0x00007ffbdcb67000 	C:\Program Files\AdoptOpenJDK\jdk-11.0.6.10-hotspot\bin\zip.dll
0x00007ffbdd680000 - 0x00007ffbdd68a000 	C:\Program Files\AdoptOpenJDK\jdk-11.0.6.10-hotspot\bin\jimage.dll
0x00007ffbe5b70000 - 0x00007ffbe62b1000 	C:\WINDOWS\System32\SHELL32.dll
0x00007ffbe2810000 - 0x00007ffbe2fa5000 	C:\WINDOWS\SYSTEM32\windows.storage.dll
0x00007ffbe6a90000 - 0x00007ffbe6de5000 	C:\WINDOWS\System32\combase.dll
0x00007ffbe4500000 - 0x00007ffbe452c000 	C:\WINDOWS\SYSTEM32\Wldp.dll
0x00007ffbe5a50000 - 0x00007ffbe5afe000 	C:\WINDOWS\System32\SHCORE.dll
0x00007ffbe70e0000 - 0x00007ffbe7135000 	C:\WINDOWS\System32\shlwapi.dll
0x00007ffbe49c0000 - 0x00007ffbe49e6000 	C:\WINDOWS\SYSTEM32\profapi.dll
0x00007ffbda660000 - 0x00007ffbda679000 	C:\Program Files\AdoptOpenJDK\jdk-11.0.6.10-hotspot\bin\net.dll
0x00007ffbd6c50000 - 0x00007ffbd6d50000 	C:\WINDOWS\SYSTEM32\WINHTTP.dll
0x00007ffbe4280000 - 0x00007ffbe42ea000 	C:\WINDOWS\system32\mswsock.dll
0x00007ffbda640000 - 0x00007ffbda652000 	C:\Program Files\AdoptOpenJDK\jdk-11.0.6.10-hotspot\bin\nio.dll
0x00007ffbddfb0000 - 0x00007ffbddfca000 	C:\Program Files\JetBrains\IntelliJ IDEA 2020.2.2.0\bin\breakgen64.dll
0x00007ffbdcb40000 - 0x00007ffbdcb49000 	C:\Program Files\AdoptOpenJDK\jdk-11.0.6.10-hotspot\bin\management.dll
0x00007ffbdb290000 - 0x00007ffbdb29b000 	C:\Program Files\AdoptOpenJDK\jdk-11.0.6.10-hotspot\bin\management_ext.dll
0x00007ffbd03d0000 - 0x00007ffbd03e7000 	C:\WINDOWS\system32\napinsp.dll
0x00007ffbd03b0000 - 0x00007ffbd03cb000 	C:\WINDOWS\system32\pnrpnsp.dll
0x00007ffbd0390000 - 0x00007ffbd03a5000 	C:\WINDOWS\system32\wshbth.dll
0x00007ffbdfe30000 - 0x00007ffbdfe4d000 	C:\WINDOWS\system32\NLAapi.dll
0x00007ffbe3f20000 - 0x00007ffbe3f5b000 	C:\WINDOWS\SYSTEM32\IPHLPAPI.DLL
0x00007ffbe3f60000 - 0x00007ffbe402b000 	C:\WINDOWS\SYSTEM32\DNSAPI.dll
0x00007ffbe7140000 - 0x00007ffbe7148000 	C:\WINDOWS\System32\NSI.dll
0x00007ffbcf880000 - 0x00007ffbcf892000 	C:\WINDOWS\System32\winrnr.dll
0x00007ffbd6c10000 - 0x00007ffbd6c1a000 	C:\Windows\System32\rasadhlp.dll
0x00007ffbd6d60000 - 0x00007ffbd6ddf000 	C:\WINDOWS\System32\fwpuclnt.dll
0x00007ffbe4c00000 - 0x00007ffbe4c27000 	C:\WINDOWS\System32\bcrypt.dll

dbghelp: loaded successfully - version: 4.0.5 - missing functions: none
symbol engine: initialized successfully - sym options: 0x614 - pdb path: .;C:\Program Files\AdoptOpenJDK\jdk-11.0.6.10-hotspot\bin;C:\WINDOWS\SYSTEM32;C:\Program Files\Avast Software\Avast;C:\WINDOWS\WinSxS\amd64_microsoft.windows.common-controls_6595b64144ccf1df_6.0.19041.488_none_ca04af081b815d21;C:\Program Files\AdoptOpenJDK\jdk-11.0.6.10-hotspot\bin\server;C:\Program Files\JetBrains\IntelliJ IDEA 2020.2.2.0\bin

VM Arguments:
jvm_args: -ea -Didea.test.cyclic.buffer.size=1048576 -javaagent:C:\Program Files\JetBrains\IntelliJ IDEA 2020.2.2.0\lib\idea_rt.jar=64740:C:\Program Files\JetBrains\IntelliJ IDEA 2020.2.2.0\bin -Dfile.encoding=UTF-8 
java_command: com.intellij.rt.junit.JUnitStarter -ideVersion5 -junit5 pl.jmiernowski.web.user.UserControllerE2ETest,shouldDisplayAllUserPage
java_class_path (initial): C:\Program Files\JetBrains\IntelliJ IDEA 2020.2.2.0\lib\idea_rt.jar;C:\Users\jmier\.m2\repository\org\junit\platform\junit-platform-launcher\1.6.3\junit-platform-launcher-1.6.3.jar;C:\Program Files\JetBrains\IntelliJ IDEA 2020.2.2.0\plugins\junit\lib\junit5-rt.jar;C:\Program Files\JetBrains\IntelliJ IDEA 2020.2.2.0\plugins\junit\lib\junit-rt.jar;C:\Users\jmier\IdeaProjects\library\target\test-classes;C:\Users\jmier\IdeaProjects\library\target\classes;C:\Users\jmier\.m2\repository\mysql\mysql-connector-java\8.0.22\mysql-connector-java-8.0.22.jar;C:\Users\jmier\.m2\repository\org\springframework\boot\spring-boot-starter-thymeleaf\2.3.5.RELEASE\spring-boot-starter-thymeleaf-2.3.5.RELEASE.jar;C:\Users\jmier\.m2\repository\org\springframework\boot\spring-boot-starter\2.3.5.RELEASE\spring-boot-starter-2.3.5.RELEASE.jar;C:\Users\jmier\.m2\repository\org\springframework\boot\spring-boot\2.3.5.RELEASE\spring-boot-2.3.5.RELEASE.jar;C:\Users\jmier\.m2\repository\org\springframework\boot\spring-boot-autoconfigure\2.3.5.RELEASE\spring-boot-autoconfigure-2.3.5.RELEASE.jar;C:\Users\jmier\.m2\repository\org\springframework\boot\spring-boot-starter-logging\2.3.5.RELEASE\spring-boot-starter-logging-2.3.5.RELEASE.jar;C:\Users\jmier\.m2\repository\ch\qos\logback\logback-classic\1.2.3\logback-classic-1.2.3.jar;C:\Users\jmier\.m2\repository\ch\qos\logback\logback-core\1.2.3\logback-core-1.2.3.jar;C:\Users\jmier\.m2\repository\org\apache\logging\log4j\log4j-to-slf4j\2.13.3\log4j-to-slf4j-2.13.3.jar;C:\Users\jmier\.m2\repository\org\apache\logging\log4j\log4j-api\2.13.3\log4j-api-2.13.3.jar;C:\Users\jmier\.m2\repository\org\slf4j\jul-to-slf4j\1.7.30\jul-to-slf4j-1.7.30.jar;C:\Users\jmier\.m2\repository\jakarta\annotation\jakarta.annotation-api\1.3.5\jakarta.annotation-api-1.3.5.jar;C:\Users\jmier\.m2\repository\org\yaml\snakeyaml\1.26\snakeyaml-1.26.jar;C:\Users\jmier\.m2\repository\org\thymeleaf\thymeleaf-spring5\3.0.11.RELEASE\thymeleaf-spring5-3.0.11.RELEASE
Launcher Type: SUN_STANDARD

[Global flags]
     intx CICompilerCount                          = 4                                         {product} {ergonomic}
     uint ConcGCThreads                            = 2                                         {product} {ergonomic}
     uint G1ConcRefinementThreads                  = 8                                         {product} {ergonomic}
   size_t G1HeapRegionSize                         = 1048576                                   {product} {ergonomic}
    uintx GCDrainStackTargetSize                   = 64                                        {product} {ergonomic}
   size_t InitialHeapSize                          = 134217728                                 {product} {ergonomic}
   size_t MarkStackSize                            = 4194304                                   {product} {ergonomic}
   size_t MaxHeapSize                              = 2118123520                                {product} {ergonomic}
   size_t MaxNewSize                               = 1270874112                                {product} {ergonomic}
   size_t MinHeapDeltaBytes                        = 1048576                                   {product} {ergonomic}
    uintx NonNMethodCodeHeapSize                   = 5836300                                {pd product} {ergonomic}
    uintx NonProfiledCodeHeapSize                  = 122910970                              {pd product} {ergonomic}
    uintx ProfiledCodeHeapSize                     = 122910970                              {pd product} {ergonomic}
    uintx ReservedCodeCacheSize                    = 251658240                              {pd product} {ergonomic}
     bool SegmentedCodeCache                       = true                                      {product} {ergonomic}
     bool UseCompressedClassPointers               = true                                 {lp64_product} {ergonomic}
     bool UseCompressedOops                        = true                                 {lp64_product} {ergonomic}
     bool UseG1GC                                  = true                                      {product} {ergonomic}
     bool UseLargePagesIndividualAllocation        = false                                  {pd product} {ergonomic}

Logging:
Log output configuration:
 #0: stdout all=warning uptime,level,tags
 #1: stderr all=off uptime,level,tags

Environment Variables:
JAVA_HOME=C:\Program Files\AdoptOpenJDK\jdk-11.0.6.10-hotspot\
PATH=C:\Program Files\AdoptOpenJDK\jdk-11.0.6.10-hotspot\bin;C:\PROGRA~2\Borland\CBUILD~1\Bin;C:\PROGRA~2\Borland\CBUILD~1\Projects\Bpl;C:\Program Files (x86)\Intel\iCLS Client\;C:\Program Files\Intel\iCLS Client\;C:\WINDOWS\system32;C:\WINDOWS;C:\WINDOWS\System32\Wbem;C:\WINDOWS\System32\WindowsPowerShell\v1.0\;C:\Program Files (x86)\Intel\Intel(R) Management Engine Components\DAL;C:\Program Files\Intel\Intel(R) Management Engine Components\DAL;C:\Program Files (x86)\Intel\Intel(R) Management Engine Components\IPT;C:\Program Files\Intel\Intel(R) Management Engine Components\IPT;C:\WINDOWS\System32\OpenSSH\;C:\Program Files\Intel\WiFi\bin\;C:\Program Files\Common Files\Intel\WirelessCommon\;C:\Program Files\Git\cmd;C:\Users\jmier\Desktop\Java\apache-maven-3.6.3\bin;C:\Program Files (x86)\Microsoft SQL Server\150\DTS\Binn\;C:\Program Files\Microsoft SQL Server\Client SDK\ODBC\170\Tools\Binn\;C:\Program Files (x86)\Microsoft SQL Server\150\Tools\Binn\;C:\Program Files\Microsoft SQL Server\150\Tools\Binn\;C:\Program Files\Microsoft SQL Server\150\DTS\Binn\;C:\Program Files\nodejs\;C:\Program Files\MySQL\MySQL Shell 8.0\bin\;C:\Users\jmier\AppData\Local\Microsoft\WindowsApps;C:\Users\jmier\Desktop\Java\apache-maven-3.6.3\bin;C:\Users\jmier\AppData\Roaming\npm
USERNAME=jmier
OS=Windows_NT
PROCESSOR_IDENTIFIER=Intel64 Family 6 Model 142 Stepping 10, GenuineIntel



---------------  S Y S T E M  ---------------

OS: Windows 10 , 64 bit Build 19041 (10.0.19041.546)

CPU:total 8 (initial active 8) (4 cores per cpu, 2 threads per core) family 6 model 142 stepping 10, cmov, cx8, fxsr, mmx, sse, sse2, sse3, ssse3, sse4.1, sse4.2, popcnt, avx, avx2, aes, clmul, erms, 3dnowpref, lzcnt, ht, tsc, tscinvbit, bmi1, bmi2, adx, fma

Memory: 4k page, system-wide physical 8078M (362M free)
TotalPageFile size 12174M (AvailPageFile size 1M)
current process WorkingSet (physical memory assigned to process): 250M, peak: 250M
current process commit charge ("private bytes"): 328M, peak: 328M

vm_info: OpenJDK 64-Bit Server VM (11.0.6+10) for windows-amd64 JRE (11.0.6+10), built on Jan 15 2020 06:14:58 by "" with MS VC++ 15.8 (VS2017)

END.
